<?xml version="1.0" encoding="UTF-8"?>
<testsuite xmlns:xsi="http://www.w3.org/2001/XMLSchema-instance" xsi:schemaLocation="https://maven.apache.org/surefire/maven-surefire-plugin/xsd/surefire-test-report.xsd" name="org.apache.jena.common.TS_Common" time="1.389" tests="28" errors="0" skipped="0" failures="0">
  <properties>
[...]
</properties>
  <testcase name="iso_00" classname="org.apache.jena.common.TestIsoMatcher" time="0.986"/>
  <testcase name="iso_01" classname="org.apache.jena.common.TestIsoMatcher" time="0.04"/>
  <testcase name="iso_02" classname="org.apache.jena.common.TestIsoMatcher" time="0.002"/>
  <testcase name="iso_03" classname="org.apache.jena.common.TestIsoMatcher" time="0.004"/>
  <testcase name="iso_04" classname="org.apache.jena.common.TestIsoMatcher" time="0.001"/>
  <testcase name="iso_05" classname="org.apache.jena.common.TestIsoMatcher" time="0.003"/>
  <testcase name="iso_06" classname="org.apache.jena.common.TestIsoMatcher" time="0.006"/>
  <testcase name="iso_07" classname="org.apache.jena.common.TestIsoMatcher" time="0"/>
  <testcase name="iso_10" classname="org.apache.jena.common.TestIsoMatcher" time="0.001"/>
  <testcase name="iso_11" classname="org.apache.jena.common.TestIsoMatcher" time="0.001"/>
  <testcase name="iso_12" classname="org.apache.jena.common.TestIsoMatcher" time="0.002"/>
  <testcase name="iso_13" classname="org.apache.jena.common.TestIsoMatcher" time="0.001"/>
  <testcase name="iso_14" classname="org.apache.jena.common.TestIsoMatcher" time="0.001"/>
  <testcase name="iso_15" classname="org.apache.jena.common.TestIsoMatcher" time="0.001"/>
  <testcase name="iso_16" classname="org.apache.jena.common.TestIsoMatcher" time="0.001"/>
  <testcase name="iso_20" classname="org.apache.jena.common.TestIsoMatcher" time="0.003"/>
  <testcase name="iso_21" classname="org.apache.jena.common.TestIsoMatcher" time="0.001"/>
  <testcase name="iso_22" classname="org.apache.jena.common.TestIsoMatcher" time="0.001"/>
  <testcase name="iso_23" classname="org.apache.jena.common.TestIsoMatcher" time="0.001"/>
  <testcase name="iso_24" classname="org.apache.jena.common.TestIsoMatcher" time="0.001"/>
  <testcase name="iso_50" classname="org.apache.jena.common.TestIsoMatcher" time="0.156"/>
  <testcase name="iso_51" classname="org.apache.jena.common.TestIsoMatcher" time="0.014"/>
  <testcase name="iso_61" classname="org.apache.jena.common.TestIsoMatcher" time="0"/>
  <testcase name="iso_62" classname="org.apache.jena.common.TestIsoMatcher" time="0.001"/>
  <testcase name="iso_63" classname="org.apache.jena.common.TestIsoMatcher" time="0"/>
  <testcase name="iso_64" classname="org.apache.jena.common.TestIsoMatcher" time="0"/>
  <testcase name="iso_65" classname="org.apache.jena.common.TestIsoMatcher" time="0.001"/>
  <testcase name="iso_66" classname="org.apache.jena.common.TestIsoMatcher" time="0"/>
</testsuite>