<?xml version="1.0" encoding="UTF-8"?>
<testsuite xmlns:xsi="http://www.w3.org/2001/XMLSchema-instance" xsi:schemaLocation="https://maven.apache.org/surefire/maven-surefire-plugin/xsd/surefire-test-report.xsd" name="org.apache.jena.sparql.TC_Scripted" time="5.6" tests="1032" errors="0" skipped="0" failures="0">
  <properties>
[...]
</properties>
  <testcase name="syntax-basic-01.rq" classname="org.apache.jena.sparql.junit.SyntaxTest" time="0.006"/>
  <testcase name="syntax-basic-02.rq" classname="org.apache.jena.sparql.junit.SyntaxTest" time="0.002"/>
  <testcase name="syntax-basic-03.rq" classname="org.apache.jena.sparql.junit.SyntaxTest" time="0.003"/>
  <testcase name="syntax-basic-04.rq" classname="org.apache.jena.sparql.junit.SyntaxTest" time="0.002"/>
  <testcase name="syntax-basic-05.rq" classname="org.apache.jena.sparql.junit.SyntaxTest" time="0.001"/>
  <testcase name="syntax-basic-06.rq" classname="org.apache.jena.sparql.junit.SyntaxTest" time="0.001"/>
  <testcase name="syntax-qname-01.rq" classname="org.apache.jena.sparql.junit.SyntaxTest" time="0.004"/>
  <testcase name="syntax-qname-02.rq" classname="org.apache.jena.sparql.junit.SyntaxTest" time="0.002"/>
  <testcase name="syntax-qname-03.rq" classname="org.apache.jena.sparql.junit.SyntaxTest" time="0.001"/>
  <testcase name="syntax-qname-04.rq" classname="org.apache.jena.sparql.junit.SyntaxTest" time="0.004"/>
  <testcase name="syntax-qname-05.rq" classname="org.apache.jena.sparql.junit.SyntaxTest" time="0.001"/>
  <testcase name="syntax-qname-06.rq" classname="org.apache.jena.sparql.junit.SyntaxTest" time="0.008"/>
  <testcase name="syntax-qname-07.rq" classname="org.apache.jena.sparql.junit.SyntaxTest" time="0.001"/>
  <testcase name="syntax-qname-08.rq" classname="org.apache.jena.sparql.junit.SyntaxTest" time="0.001"/>
  <testcase name="syntax-lit-01.rq" classname="org.apache.jena.sparql.junit.SyntaxTest" time="0.001"/>
  <testcase name="syntax-lit-02.rq" classname="org.apache.jena.sparql.junit.SyntaxTest" time="0.001"/>
  <testcase name="syntax-lit-03.rq" classname="org.apache.jena.sparql.junit.SyntaxTest" time="0.005"/>
  <testcase name="syntax-lit-04.rq" classname="org.apache.jena.sparql.junit.SyntaxTest" time="0.003"/>
  <testcase name="syntax-lit-05.rq" classname="org.apache.jena.sparql.junit.SyntaxTest" time="0.001"/>
  <testcase name="syntax-lit-06.rq" classname="org.apache.jena.sparql.junit.SyntaxTest" time="0.001"/>
  <testcase name="syntax-lit-07.rq" classname="org.apache.jena.sparql.junit.SyntaxTest" time="0.003"/>
  <testcase name="syntax-lit-08.rq" classname="org.apache.jena.sparql.junit.SyntaxTest" time="0.001"/>
  <testcase name="syntax-lit-09.rq" classname="org.apache.jena.sparql.junit.SyntaxTest" time="0.003"/>
  <testcase name="syntax-lit-10.rq" classname="org.apache.jena.sparql.junit.SyntaxTest" time="0.004"/>
  <testcase name="syntax-lit-11.rq" classname="org.apache.jena.sparql.junit.SyntaxTest" time="0.001"/>
  <testcase name="syntax-lit-12.rq" classname="org.apache.jena.sparql.junit.SyntaxTest" time="0.001"/>
  <testcase name="syntax-lit-13.rq" classname="org.apache.jena.sparql.junit.SyntaxTest" time="0.005"/>
  <testcase name="syntax-lit-14.rq" classname="org.apache.jena.sparql.junit.SyntaxTest" time="0.002"/>
  <testcase name="syntax-lit-15.rq" classname="org.apache.jena.sparql.junit.SyntaxTest" time="0"/>
  <testcase name="syntax-lit-16.rq" classname="org.apache.jena.sparql.junit.SyntaxTest" time="0.001"/>
  <testcase name="syntax-lit-17.rq" classname="org.apache.jena.sparql.junit.SyntaxTest" time="0.001"/>
  <testcase name="syntax-lit-18.rq" classname="org.apache.jena.sparql.junit.SyntaxTest" time="0.003"/>
  <testcase name="syntax-lit-19.rq" classname="org.apache.jena.sparql.junit.SyntaxTest" time="0.001"/>
  <testcase name="syntax-lit-20.rq" classname="org.apache.jena.sparql.junit.SyntaxTest" time="0.001"/>
  <testcase name="syntax-struct-01.rq" classname="org.apache.jena.sparql.junit.SyntaxTest" time="0"/>
  <testcase name="syntax-struct-02.rq" classname="org.apache.jena.sparql.junit.SyntaxTest" time="0.001"/>
  <testcase name="syntax-struct-03.rq" classname="org.apache.jena.sparql.junit.SyntaxTest" time="0.001"/>
  <testcase name="syntax-struct-05.rq" classname="org.apache.jena.sparql.junit.SyntaxTest" time="0.004"/>
  <testcase name="syntax-struct-06.rq" classname="org.apache.jena.sparql.junit.SyntaxTest" time="0.001"/>
  <testcase name="syntax-struct-07.rq" classname="org.apache.jena.sparql.junit.SyntaxTest" time="0.002"/>
  <testcase name="syntax-struct-08.rq" classname="org.apache.jena.sparql.junit.SyntaxTest" time="0"/>
  <testcase name="syntax-struct-09.rq" classname="org.apache.jena.sparql.junit.SyntaxTest" time="0.001"/>
  <testcase name="syntax-struct-10.rq" classname="org.apache.jena.sparql.junit.SyntaxTest" time="0"/>
  <testcase name="syntax-struct-11.rq" classname="org.apache.jena.sparql.junit.SyntaxTest" time="0.001"/>
  <testcase name="syntax-struct-12.rq" classname="org.apache.jena.sparql.junit.SyntaxTest" time="0.004"/>
  <testcase name="syntax-struct-13.rq" classname="org.apache.jena.sparql.junit.SyntaxTest" time="0.019"/>
  <testcase name="syntax-struct-14.rq" classname="org.apache.jena.sparql.junit.SyntaxTest" time="0"/>
  <testcase name="syntax-lists-01.rq" classname="org.apache.jena.sparql.junit.SyntaxTest" time="0.002"/>
  <testcase name="syntax-lists-01.rq" classname="org.apache.jena.sparql.junit.SyntaxTest" time="0"/>
  <testcase name="syntax-lists-02.rq" classname="org.apache.jena.sparql.junit.SyntaxTest" time="0.001"/>
  <testcase name="syntax-lists-02.rq" classname="org.apache.jena.sparql.junit.SyntaxTest" time="0.003"/>
  <testcase name="syntax-lists-03.rq" classname="org.apache.jena.sparql.junit.SyntaxTest" time="0.001"/>
  <testcase name="syntax-lists-03.rq" classname="org.apache.jena.sparql.junit.SyntaxTest" time="0.001"/>
  <testcase name="syntax-lists-04.rq" classname="org.apache.jena.sparql.junit.SyntaxTest" time="0.002"/>
  <testcase name="syntax-lists-04.rq" classname="org.apache.jena.sparql.junit.SyntaxTest" time="0.001"/>
  <testcase name="syntax-lists-05.rq" classname="org.apache.jena.sparql.junit.SyntaxTest" time="0.001"/>
  <testcase name="syntax-lists-05.rq" classname="org.apache.jena.sparql.junit.SyntaxTest" time="0.001"/>
  <testcase name="syntax-bnodes-01.rq" classname="org.apache.jena.sparql.junit.SyntaxTest" time="0.001"/>
  <testcase name="syntax-bnodes-02.rq" classname="org.apache.jena.sparql.junit.SyntaxTest" time="0.003"/>
  <testcase name="syntax-bnodes-03.rq" classname="org.apache.jena.sparql.junit.SyntaxTest" time="0.005"/>
  <testcase name="syntax-bnodes-04.rq" classname="org.apache.jena.sparql.junit.SyntaxTest" time="0.001"/>
  <testcase name="syntax-bnodes-05.rq" classname="org.apache.jena.sparql.junit.SyntaxTest" time="0.002"/>
  <testcase name="syntax-forms-01.rq" classname="org.apache.jena.sparql.junit.SyntaxTest" time="0.001"/>
  <testcase name="syntax-forms-02.rq" classname="org.apache.jena.sparql.junit.SyntaxTest" time="0"/>
  <testcase name="syntax-union-01.rq" classname="org.apache.jena.sparql.junit.SyntaxTest" time="0.002"/>
  <testcase name="syntax-union-02.rq" classname="org.apache.jena.sparql.junit.SyntaxTest" time="0.001"/>
  <testcase name="syntax-expr-01.rq" classname="org.apache.jena.sparql.junit.SyntaxTest" time="0.004"/>
  <testcase name="syntax-expr-02.rq" classname="org.apache.jena.sparql.junit.SyntaxTest" time="0.003"/>
  <testcase name="syntax-expr-03.rq" classname="org.apache.jena.sparql.junit.SyntaxTest" time="0.003"/>
  <testcase name="syntax-expr-04.rq" classname="org.apache.jena.sparql.junit.SyntaxTest" time="0.002"/>
  <testcase name="syntax-expr-05.rq" classname="org.apache.jena.sparql.junit.SyntaxTest" time="0.004"/>
  <testcase name="syntax-order-01.rq" classname="org.apache.jena.sparql.junit.SyntaxTest" time="0.002"/>
  <testcase name="syntax-order-02.rq" classname="org.apache.jena.sparql.junit.SyntaxTest" time="0.001"/>
  <testcase name="syntax-order-03.rq" classname="org.apache.jena.sparql.junit.SyntaxTest" time="0.001"/>
  <testcase name="syntax-order-04.rq" classname="org.apache.jena.sparql.junit.SyntaxTest" time="0.005"/>
  <testcase name="syntax-order-05.rq" classname="org.apache.jena.sparql.junit.SyntaxTest" time="0.001"/>
  <testcase name="syntax-order-06.rq" classname="org.apache.jena.sparql.junit.SyntaxTest" time="0.001"/>
  <testcase name="syntax-order-07.rq" classname="org.apache.jena.sparql.junit.SyntaxTest" time="0.001"/>
  <testcase name="syntax-limit-offset-01.rq" classname="org.apache.jena.sparql.junit.SyntaxTest" time="0.001"/>
  <testcase name="syntax-limit-offset-02.rq" classname="org.apache.jena.sparql.junit.SyntaxTest" time="0.003"/>
  <testcase name="syntax-limit-offset-03.rq" classname="org.apache.jena.sparql.junit.SyntaxTest" time="0.001"/>
  <testcase name="syntax-limit-offset-04.rq" classname="org.apache.jena.sparql.junit.SyntaxTest" time="0.001"/>
  <testcase name="syntax-pat-01.rq" classname="org.apache.jena.sparql.junit.SyntaxTest" time="0.001"/>
  <testcase name="syntax-pat-02.rq" classname="org.apache.jena.sparql.junit.SyntaxTest" time="0"/>
  <testcase name="syntax-pat-03.rq" classname="org.apache.jena.sparql.junit.SyntaxTest" time="0.001"/>
  <testcase name="syntax-pat-04.rq" classname="org.apache.jena.sparql.junit.SyntaxTest" time="0.003"/>
  <testcase name="syntax-general-01.rq" classname="org.apache.jena.sparql.junit.SyntaxTest" time="0.001"/>
  <testcase name="syntax-general-02.rq" classname="org.apache.jena.sparql.junit.SyntaxTest" time="0"/>
  <testcase name="syntax-general-03.rq" classname="org.apache.jena.sparql.junit.SyntaxTest" time="0.001"/>
  <testcase name="syntax-general-04.rq" classname="org.apache.jena.sparql.junit.SyntaxTest" time="0.003"/>
  <testcase name="syntax-general-05.rq" classname="org.apache.jena.sparql.junit.SyntaxTest" time="0.002"/>
  <testcase name="syntax-general-06.rq" classname="org.apache.jena.sparql.junit.SyntaxTest" time="0.001"/>
  <testcase name="syntax-general-07.rq" classname="org.apache.jena.sparql.junit.SyntaxTest" time="0.003"/>
  <testcase name="syntax-general-08.rq" classname="org.apache.jena.sparql.junit.SyntaxTest" time="0.001"/>
  <testcase name="syntax-general-09.rq" classname="org.apache.jena.sparql.junit.SyntaxTest" time="0.001"/>
  <testcase name="syntax-general-10.rq" classname="org.apache.jena.sparql.junit.SyntaxTest" time="0"/>
  <testcase name="syntax-general-11.rq" classname="org.apache.jena.sparql.junit.SyntaxTest" time="0.001"/>
  <testcase name="syntax-general-12.rq" classname="org.apache.jena.sparql.junit.SyntaxTest" time="0.004"/>
  <testcase name="syntax-general-13.rq" classname="org.apache.jena.sparql.junit.SyntaxTest" time="0.001"/>
  <testcase name="syntax-general-14.rq" classname="org.apache.jena.sparql.junit.SyntaxTest" time="0.001"/>
  <testcase name="syntax-keywords-01.rq" classname="org.apache.jena.sparql.junit.SyntaxTest" time="0.001"/>
  <testcase name="syntax-keywords-02.rq" classname="org.apache.jena.sparql.junit.SyntaxTest" time="0.001"/>
  <testcase name="syntax-keywords-03.rq" classname="org.apache.jena.sparql.junit.SyntaxTest" time="0.001"/>
  <testcase name="syntax-bnode-01.rq" classname="org.apache.jena.sparql.junit.SyntaxTest" time="0.001"/>
  <testcase name="syntax-bnode-02.rq" classname="org.apache.jena.sparql.junit.SyntaxTest" time="0.001"/>
  <testcase name="syntax-bnode-03.rq" classname="org.apache.jena.sparql.junit.SyntaxTest" time="0.003"/>
  <testcase name="syntax-function-01.rq" classname="org.apache.jena.sparql.junit.SyntaxTest" time="0.001"/>
  <testcase name="syntax-function-02.rq" classname="org.apache.jena.sparql.junit.SyntaxTest" time="0.002"/>
  <testcase name="syntax-function-03.rq" classname="org.apache.jena.sparql.junit.SyntaxTest" time="0"/>
  <testcase name="syntax-function-04.rq" classname="org.apache.jena.sparql.junit.SyntaxTest" time="0.001"/>
  <testcase name="syntax-form-select-01.rq" classname="org.apache.jena.sparql.junit.SyntaxTest" time="0.001"/>
  <testcase name="syntax-form-select-02.rq" classname="org.apache.jena.sparql.junit.SyntaxTest" time="0.002"/>
  <testcase name="syntax-form-ask-02.rq" classname="org.apache.jena.sparql.junit.SyntaxTest" time="0.001"/>
  <testcase name="syntax-form-construct01.rq" classname="org.apache.jena.sparql.junit.SyntaxTest" time="0.001"/>
  <testcase name="syntax-form-construct02.rq" classname="org.apache.jena.sparql.junit.SyntaxTest" time="0.002"/>
  <testcase name="syntax-form-construct03.rq" classname="org.apache.jena.sparql.junit.SyntaxTest" time="0.002"/>
  <testcase name="syntax-form-construct04.rq" classname="org.apache.jena.sparql.junit.SyntaxTest" time="0.001"/>
  <testcase name="syntax-form-construct05.rq" classname="org.apache.jena.sparql.junit.SyntaxTest" time="0.003"/>
  <testcase name="syntax-form-construct06.rq" classname="org.apache.jena.sparql.junit.SyntaxTest" time="0.001"/>
  <testcase name="syntax-form-construct07.rq" classname="org.apache.jena.sparql.junit.SyntaxTest" time="0.001"/>
  <testcase name="syntax-form-describe01.rq" classname="org.apache.jena.sparql.junit.SyntaxTest" time="0"/>
  <testcase name="syntax-form-describe02.rq" classname="org.apache.jena.sparql.junit.SyntaxTest" time="0"/>
  <testcase name="syntax-dataset-01.rq" classname="org.apache.jena.sparql.junit.SyntaxTest" time="0.001"/>
  <testcase name="syntax-dataset-02.rq" classname="org.apache.jena.sparql.junit.SyntaxTest" time="0.002"/>
  <testcase name="syntax-dataset-03.rq" classname="org.apache.jena.sparql.junit.SyntaxTest" time="0.003"/>
  <testcase name="syntax-dataset-04.rq" classname="org.apache.jena.sparql.junit.SyntaxTest" time="0.001"/>
  <testcase name="syntax-graph-01.rq" classname="org.apache.jena.sparql.junit.SyntaxTest" time="0.001"/>
  <testcase name="syntax-graph-02.rq" classname="org.apache.jena.sparql.junit.SyntaxTest" time="0.002"/>
  <testcase name="syntax-graph-03.rq" classname="org.apache.jena.sparql.junit.SyntaxTest" time="0.002"/>
  <testcase name="syntax-graph-04.rq" classname="org.apache.jena.sparql.junit.SyntaxTest" time="0.001"/>
  <testcase name="syntax-graph-05.rq" classname="org.apache.jena.sparql.junit.SyntaxTest" time="0.001"/>
  <testcase name="syntax-esc-01.rq" classname="org.apache.jena.sparql.junit.SyntaxTest" time="0"/>
  <testcase name="syntax-esc-02.rq" classname="org.apache.jena.sparql.junit.SyntaxTest" time="0.001"/>
  <testcase name="syntax-esc-03.rq" classname="org.apache.jena.sparql.junit.SyntaxTest" time="0.003"/>
  <testcase name="syntax-esc-04.rq" classname="org.apache.jena.sparql.junit.SyntaxTest" time="0.002"/>
  <testcase name="syntax-esc-05.rq" classname="org.apache.jena.sparql.junit.SyntaxTest" time="0"/>
  <testcase name="syn-01.rq" classname="org.apache.jena.sparql.junit.SyntaxTest" time="0.001"/>
  <testcase name="syn-02.rq" classname="org.apache.jena.sparql.junit.SyntaxTest" time="0"/>
  <testcase name="syn-03.rq" classname="org.apache.jena.sparql.junit.SyntaxTest" time="0.001"/>
  <testcase name="syn-04.rq" classname="org.apache.jena.sparql.junit.SyntaxTest" time="0"/>
  <testcase name="syn-05.rq" classname="org.apache.jena.sparql.junit.SyntaxTest" time="0.002"/>
  <testcase name="syn-06.rq" classname="org.apache.jena.sparql.junit.SyntaxTest" time="0.001"/>
  <testcase name="syn-07.rq" classname="org.apache.jena.sparql.junit.SyntaxTest" time="0.003"/>
  <testcase name="syn-08.rq" classname="org.apache.jena.sparql.junit.SyntaxTest" time="0.001"/>
  <testcase name="syn-09.rq" classname="org.apache.jena.sparql.junit.SyntaxTest" time="0.001"/>
  <testcase name="syn-10.rq" classname="org.apache.jena.sparql.junit.SyntaxTest" time="0.004"/>
  <testcase name="syn-11.rq" classname="org.apache.jena.sparql.junit.SyntaxTest" time="0.002"/>
  <testcase name="syn-bad-01.rq" classname="org.apache.jena.sparql.junit.SyntaxTest" time="0.001"/>
  <testcase name="syn-bad-01.rq" classname="org.apache.jena.sparql.junit.SyntaxTest" time="0.002"/>
  <testcase name="syn-bad-02.rq" classname="org.apache.jena.sparql.junit.SyntaxTest" time="0.001"/>
  <testcase name="syn-bad-02.rq" classname="org.apache.jena.sparql.junit.SyntaxTest" time="0.001"/>
  <testcase name="syn-bad-03.rq" classname="org.apache.jena.sparql.junit.SyntaxTest" time="0.004"/>
  <testcase name="syn-bad-03.rq" classname="org.apache.jena.sparql.junit.SyntaxTest" time="0"/>
  <testcase name="syn-bad-04.rq" classname="org.apache.jena.sparql.junit.SyntaxTest" time="0.001"/>
  <testcase name="syn-bad-04.rq" classname="org.apache.jena.sparql.junit.SyntaxTest" time="0.001"/>
  <testcase name="syn-bad-05.rq" classname="org.apache.jena.sparql.junit.SyntaxTest" time="0.001"/>
  <testcase name="syn-bad-05.rq" classname="org.apache.jena.sparql.junit.SyntaxTest" time="0"/>
  <testcase name="syn-bad-06.rq" classname="org.apache.jena.sparql.junit.SyntaxTest" time="0"/>
  <testcase name="syn-bad-06.rq" classname="org.apache.jena.sparql.junit.SyntaxTest" time="0.001"/>
  <testcase name="syn-bad-07.rq" classname="org.apache.jena.sparql.junit.SyntaxTest" time="0.001"/>
  <testcase name="syn-bad-07.rq" classname="org.apache.jena.sparql.junit.SyntaxTest" time="0.002"/>
  <testcase name="syn-bad-08.rq" classname="org.apache.jena.sparql.junit.SyntaxTest" time="0"/>
  <testcase name="syn-bad-08.rq" classname="org.apache.jena.sparql.junit.SyntaxTest" time="0"/>
  <testcase name="syn-bad-09.rq" classname="org.apache.jena.sparql.junit.SyntaxTest" time="0.001"/>
  <testcase name="syn-bad-10.rq" classname="org.apache.jena.sparql.junit.SyntaxTest" time="0.001"/>
  <testcase name="syn-bad-11.rq" classname="org.apache.jena.sparql.junit.SyntaxTest" time="0.002"/>
  <testcase name="syn-bad-12.rq" classname="org.apache.jena.sparql.junit.SyntaxTest" time="0.001"/>
  <testcase name="syn-bad-13.rq" classname="org.apache.jena.sparql.junit.SyntaxTest" time="0.001"/>
  <testcase name="syn-bad-14.rq" classname="org.apache.jena.sparql.junit.SyntaxTest" time="0"/>
  <testcase name="syn-bad-15.rq" classname="org.apache.jena.sparql.junit.SyntaxTest" time="0.001"/>
  <testcase name="syn-bad-16.rq" classname="org.apache.jena.sparql.junit.SyntaxTest" time="0.001"/>
  <testcase name="syn-bad-17.rq" classname="org.apache.jena.sparql.junit.SyntaxTest" time="0.001"/>
  <testcase name="syn-bad-18.rq" classname="org.apache.jena.sparql.junit.SyntaxTest" time="0.004"/>
  <testcase name="syn-bad-19.rq" classname="org.apache.jena.sparql.junit.SyntaxTest" time="0.002"/>
  <testcase name="syn-bad-20.rq" classname="org.apache.jena.sparql.junit.SyntaxTest" time="0"/>
  <testcase name="syn-bad-21.rq" classname="org.apache.jena.sparql.junit.SyntaxTest" time="0.001"/>
  <testcase name="syn-bad-22.rq" classname="org.apache.jena.sparql.junit.SyntaxTest" time="0.001"/>
  <testcase name="syn-bad-23.rq" classname="org.apache.jena.sparql.junit.SyntaxTest" time="0.005"/>
  <testcase name="syn-bad-24.rq" classname="org.apache.jena.sparql.junit.SyntaxTest" time="0.002"/>
  <testcase name="syn-bad-25.rq" classname="org.apache.jena.sparql.junit.SyntaxTest" time="0.001"/>
  <testcase name="syn-bad-26.rq" classname="org.apache.jena.sparql.junit.SyntaxTest" time="0.002"/>
  <testcase name="syn-bad-27.rq" classname="org.apache.jena.sparql.junit.SyntaxTest" time="0.002"/>
  <testcase name="syn-bad-28.rq" classname="org.apache.jena.sparql.junit.SyntaxTest" time="0.001"/>
  <testcase name="syn-bad-29.rq" classname="org.apache.jena.sparql.junit.SyntaxTest" time="0.002"/>
  <testcase name="syn-bad-30.rq" classname="org.apache.jena.sparql.junit.SyntaxTest" time="0.005"/>
  <testcase name="syn-bad-31.rq" classname="org.apache.jena.sparql.junit.SyntaxTest" time="0.002"/>
  <testcase name="syn-bad-32.rq" classname="org.apache.jena.sparql.junit.SyntaxTest" time="0.001"/>
  <testcase name="syn-bad-33.rq" classname="org.apache.jena.sparql.junit.SyntaxTest" time="0.002"/>
  <testcase name="syn-bad-34.rq" classname="org.apache.jena.sparql.junit.SyntaxTest" time="0.002"/>
  <testcase name="syn-bad-35.rq" classname="org.apache.jena.sparql.junit.SyntaxTest" time="0.006"/>
  <testcase name="syn-bad-36.rq" classname="org.apache.jena.sparql.junit.SyntaxTest" time="0.003"/>
  <testcase name="syn-bad-37.rq" classname="org.apache.jena.sparql.junit.SyntaxTest" time="0.004"/>
  <testcase name="syn-bad-38.rq" classname="org.apache.jena.sparql.junit.SyntaxTest" time="0.001"/>
  <testcase name="syn-bad-39.rq" classname="org.apache.jena.sparql.junit.SyntaxTest" time="0.001"/>
  <testcase name="bnode-dot.rq" classname="org.apache.jena.sparql.junit.SyntaxTest" time="0.002"/>
  <testcase name="bnodes-missing-pvalues-01.rq" classname="org.apache.jena.sparql.junit.SyntaxTest" time="0"/>
  <testcase name="bnodes-missing-pvalues-02.rq" classname="org.apache.jena.sparql.junit.SyntaxTest" time="0.004"/>
  <testcase name="empty-optional-01.rq" classname="org.apache.jena.sparql.junit.SyntaxTest" time="0"/>
  <testcase name="empty-optional-02.rq" classname="org.apache.jena.sparql.junit.SyntaxTest" time="0.001"/>
  <testcase name="filter-missing-parens.rq" classname="org.apache.jena.sparql.junit.SyntaxTest" time="0"/>
  <testcase name="lone-list.rq" classname="org.apache.jena.sparql.junit.SyntaxTest" time="0.002"/>
  <testcase name="lone-node.rq" classname="org.apache.jena.sparql.junit.SyntaxTest" time="0"/>
  <testcase name="syntax-select-expr-01.rq" classname="org.apache.jena.sparql.junit.SyntaxTest" time="0.001"/>
  <testcase name="syntax-select-expr-02.rq" classname="org.apache.jena.sparql.junit.SyntaxTest" time="0"/>
  <testcase name="syntax-select-expr-03.rq" classname="org.apache.jena.sparql.junit.SyntaxTest" time="0.002"/>
  <testcase name="syntax-select-expr-04.rq" classname="org.apache.jena.sparql.junit.SyntaxTest" time="0.002"/>
  <testcase name="syntax-select-expr-05.rq" classname="org.apache.jena.sparql.junit.SyntaxTest" time="0.005"/>
  <testcase name="syntax-aggregate-01.rq" classname="org.apache.jena.sparql.junit.SyntaxTest" time="0.003"/>
  <testcase name="syntax-aggregate-02.rq" classname="org.apache.jena.sparql.junit.SyntaxTest" time="0.004"/>
  <testcase name="syntax-aggregate-03.rq" classname="org.apache.jena.sparql.junit.SyntaxTest" time="0.004"/>
  <testcase name="syntax-aggregate-04.rq" classname="org.apache.jena.sparql.junit.SyntaxTest" time="0.004"/>
  <testcase name="syntax-aggregate-05.rq" classname="org.apache.jena.sparql.junit.SyntaxTest" time="0.001"/>
  <testcase name="syntax-aggregate-06.rq" classname="org.apache.jena.sparql.junit.SyntaxTest" time="0.001"/>
  <testcase name="syntax-aggregate-07.rq" classname="org.apache.jena.sparql.junit.SyntaxTest" time="0"/>
  <testcase name="syntax-aggregate-08.rq" classname="org.apache.jena.sparql.junit.SyntaxTest" time="0.005"/>
  <testcase name="syntax-aggregate-09.rq" classname="org.apache.jena.sparql.junit.SyntaxTest" time="0.001"/>
  <testcase name="syntax-aggregate-10.rq" classname="org.apache.jena.sparql.junit.SyntaxTest" time="0.001"/>
  <testcase name="syntax-aggregate-11.rq" classname="org.apache.jena.sparql.junit.SyntaxTest" time="0.001"/>
  <testcase name="syntax-aggregate-12.rq" classname="org.apache.jena.sparql.junit.SyntaxTest" time="0.004"/>
  <testcase name="syntax-aggregate-13.rq" classname="org.apache.jena.sparql.junit.SyntaxTest" time="0.001"/>
  <testcase name="syntax-aggregate-14.rq" classname="org.apache.jena.sparql.junit.SyntaxTest" time="0.001"/>
  <testcase name="syntax-aggregate-15.rq" classname="org.apache.jena.sparql.junit.SyntaxTest" time="0.002"/>
  <testcase name="syntax-subquery-01.rq" classname="org.apache.jena.sparql.junit.SyntaxTest" time="0.004"/>
  <testcase name="syntax-subquery-02.rq" classname="org.apache.jena.sparql.junit.SyntaxTest" time="0.002"/>
  <testcase name="syntax-subquery-03.rq" classname="org.apache.jena.sparql.junit.SyntaxTest" time="0.002"/>
  <testcase name="syntax-not-exists-01.rq" classname="org.apache.jena.sparql.junit.SyntaxTest" time="0.004"/>
  <testcase name="syntax-not-exists-02.rq" classname="org.apache.jena.sparql.junit.SyntaxTest" time="0.002"/>
  <testcase name="syntax-not-exists-03.rq" classname="org.apache.jena.sparql.junit.SyntaxTest" time="0.001"/>
  <testcase name="syntax-exists-01.rq" classname="org.apache.jena.sparql.junit.SyntaxTest" time="0.005"/>
  <testcase name="syntax-exists-02.rq" classname="org.apache.jena.sparql.junit.SyntaxTest" time="0.002"/>
  <testcase name="syntax-exists-03.rq" classname="org.apache.jena.sparql.junit.SyntaxTest" time="0"/>
  <testcase name="syntax-minus-01.rq" classname="org.apache.jena.sparql.junit.SyntaxTest" time="0"/>
  <testcase name="syntax-oneof-01.rq" classname="org.apache.jena.sparql.junit.SyntaxTest" time="0.001"/>
  <testcase name="syntax-oneof-02.rq" classname="org.apache.jena.sparql.junit.SyntaxTest" time="0.003"/>
  <testcase name="syntax-oneof-03.rq" classname="org.apache.jena.sparql.junit.SyntaxTest" time="0.001"/>
  <testcase name="syntax-values-01.rq" classname="org.apache.jena.sparql.junit.SyntaxTest" time="0.001"/>
  <testcase name="syntax-values-02.rq" classname="org.apache.jena.sparql.junit.SyntaxTest" time="0.001"/>
  <testcase name="syntax-values-03.rq" classname="org.apache.jena.sparql.junit.SyntaxTest" time="0.001"/>
  <testcase name="syntax-values-04.rq" classname="org.apache.jena.sparql.junit.SyntaxTest" time="0.004"/>
  <testcase name="syntax-values-05.rq" classname="org.apache.jena.sparql.junit.SyntaxTest" time="0.001"/>
  <testcase name="syntax-bind-01.rq" classname="org.apache.jena.sparql.junit.SyntaxTest" time="0"/>
  <testcase name="syntax-bind-02.rq" classname="org.apache.jena.sparql.junit.SyntaxTest" time="0.002"/>
  <testcase name="syntax-construct-where-01.rq" classname="org.apache.jena.sparql.junit.SyntaxTest" time="0.001"/>
  <testcase name="syntax-construct-where-02.rq" classname="org.apache.jena.sparql.junit.SyntaxTest" time="0.004"/>
  <testcase name="syntax-values-09.rq" classname="org.apache.jena.sparql.junit.SyntaxTest" time="0.001"/>
  <testcase name="syntax-service-01.rq" classname="org.apache.jena.sparql.junit.SyntaxTest" time="0.002"/>
  <testcase name="syntax-service-02.rq" classname="org.apache.jena.sparql.junit.SyntaxTest" time="0.001"/>
  <testcase name="syntax-service-03.rq" classname="org.apache.jena.sparql.junit.SyntaxTest" time="0.001"/>
  <testcase name="syntax-select-expr-01.arq" classname="org.apache.jena.sparql.junit.SyntaxTest" time="0.001"/>
  <testcase name="syntax-select-expr-02.arq" classname="org.apache.jena.sparql.junit.SyntaxTest" time="0.004"/>
  <testcase name="syntax-select-expr-03.arq" classname="org.apache.jena.sparql.junit.SyntaxTest" time="0.001"/>
  <testcase name="syntax-select-expr-04.arq" classname="org.apache.jena.sparql.junit.SyntaxTest" time="0.001"/>
  <testcase name="syntax-select-expr-05.arq" classname="org.apache.jena.sparql.junit.SyntaxTest" time="0.001"/>
  <testcase name="syntax-select-expr-06.arq" classname="org.apache.jena.sparql.junit.SyntaxTest" time="0.001"/>
  <testcase name="syntax-select-expr-07.arq" classname="org.apache.jena.sparql.junit.SyntaxTest" time="0.002"/>
  <testcase name="syntax-service-01.arq" classname="org.apache.jena.sparql.junit.SyntaxTest" time="0.002"/>
  <testcase name="syntax-group-01.arq" classname="org.apache.jena.sparql.junit.SyntaxTest" time="0.002"/>
  <testcase name="syntax-group-02.arq" classname="org.apache.jena.sparql.junit.SyntaxTest" time="0.003"/>
  <testcase name="syntax-group-03.arq" classname="org.apache.jena.sparql.junit.SyntaxTest" time="0.004"/>
  <testcase name="syntax-group-04.arq" classname="org.apache.jena.sparql.junit.SyntaxTest" time="0.001"/>
  <testcase name="syntax-count-01.arq" classname="org.apache.jena.sparql.junit.SyntaxTest" time="0.002"/>
  <testcase name="syntax-count-02.arq" classname="org.apache.jena.sparql.junit.SyntaxTest" time="0"/>
  <testcase name="syntax-count-03.arq" classname="org.apache.jena.sparql.junit.SyntaxTest" time="0.001"/>
  <testcase name="syntax-count-04.arq" classname="org.apache.jena.sparql.junit.SyntaxTest" time="0.001"/>
  <testcase name="syntax-subquery-01.arq" classname="org.apache.jena.sparql.junit.SyntaxTest" time="0.001"/>
  <testcase name="syntax-subquery-02.arq" classname="org.apache.jena.sparql.junit.SyntaxTest" time="0.004"/>
  <testcase name="syntax-subquery-03.arq" classname="org.apache.jena.sparql.junit.SyntaxTest" time="0.002"/>
  <testcase name="syntax-subquery-04.arq" classname="org.apache.jena.sparql.junit.SyntaxTest" time="0"/>
  <testcase name="syntax-let-01.arq" classname="org.apache.jena.sparql.junit.SyntaxTest" time="0.003"/>
  <testcase name="syntax-let-02.arq" classname="org.apache.jena.sparql.junit.SyntaxTest" time="0.002"/>
  <testcase name="syntax-quad-construct-01.arq" classname="org.apache.jena.sparql.junit.SyntaxTest" time="0"/>
  <testcase name="syntax-quad-construct-02.arq" classname="org.apache.jena.sparql.junit.SyntaxTest" time="0.005"/>
  <testcase name="syntax-quad-construct-03.arq" classname="org.apache.jena.sparql.junit.SyntaxTest" time="0.001"/>
  <testcase name="syntax-quad-construct-04.arq" classname="org.apache.jena.sparql.junit.SyntaxTest" time="0.001"/>
  <testcase name="syntax-quad-construct-05.arq" classname="org.apache.jena.sparql.junit.SyntaxTest" time="0.001"/>
  <testcase name="syntax-quad-construct-06.arq" classname="org.apache.jena.sparql.junit.SyntaxTest" time="0"/>
  <testcase name="syntax-quad-construct-07.arq" classname="org.apache.jena.sparql.junit.SyntaxTest" time="0.001"/>
  <testcase name="syntax-quad-construct-08.arq" classname="org.apache.jena.sparql.junit.SyntaxTest" time="0.002"/>
  <testcase name="syntax-subquery-bad-01.arq" classname="org.apache.jena.sparql.junit.SyntaxTest" time="0.002"/>
  <testcase name="syntax-subquery-bad-02.arq" classname="org.apache.jena.sparql.junit.SyntaxTest" time="0"/>
  <testcase name="syntax-let-bad-01.arq" classname="org.apache.jena.sparql.junit.SyntaxTest" time="0.001"/>
  <testcase name="syntax-update-01.ru" classname="org.apache.jena.sparql.junit.SyntaxUpdateTest" time="0.001"/>
  <testcase name="syntax-update-02.ru" classname="org.apache.jena.sparql.junit.SyntaxUpdateTest" time="0.005"/>
  <testcase name="syntax-update-03.ru" classname="org.apache.jena.sparql.junit.SyntaxUpdateTest" time="0.001"/>
  <testcase name="syntax-update-04.ru" classname="org.apache.jena.sparql.junit.SyntaxUpdateTest" time="0"/>
  <testcase name="syntax-update-05.ru" classname="org.apache.jena.sparql.junit.SyntaxUpdateTest" time="0.003"/>
  <testcase name="syntax-update-06.ru" classname="org.apache.jena.sparql.junit.SyntaxUpdateTest" time="0"/>
  <testcase name="syntax-update-07.ru" classname="org.apache.jena.sparql.junit.SyntaxUpdateTest" time="0.001"/>
  <testcase name="syntax-update-08.ru" classname="org.apache.jena.sparql.junit.SyntaxUpdateTest" time="0.001"/>
  <testcase name="syntax-update-09.ru" classname="org.apache.jena.sparql.junit.SyntaxUpdateTest" time="0"/>
  <testcase name="syntax-update-10.ru" classname="org.apache.jena.sparql.junit.SyntaxUpdateTest" time="0.001"/>
  <testcase name="syntax-update-11.ru" classname="org.apache.jena.sparql.junit.SyntaxUpdateTest" time="0.001"/>
  <testcase name="syntax-update-12.ru" classname="org.apache.jena.sparql.junit.SyntaxUpdateTest" time="0.003"/>
  <testcase name="syntax-update-13.ru" classname="org.apache.jena.sparql.junit.SyntaxUpdateTest" time="0.001"/>
  <testcase name="syntax-update-14.ru" classname="org.apache.jena.sparql.junit.SyntaxUpdateTest" time="0"/>
  <testcase name="syntax-update-15.ru" classname="org.apache.jena.sparql.junit.SyntaxUpdateTest" time="0.001"/>
  <testcase name="syntax-update-16.ru" classname="org.apache.jena.sparql.junit.SyntaxUpdateTest" time="0.001"/>
  <testcase name="syntax-update-17.ru" classname="org.apache.jena.sparql.junit.SyntaxUpdateTest" time="0"/>
  <testcase name="syntax-update-18.ru" classname="org.apache.jena.sparql.junit.SyntaxUpdateTest" time="0"/>
  <testcase name="syntax-update-19.ru" classname="org.apache.jena.sparql.junit.SyntaxUpdateTest" time="0.001"/>
  <testcase name="syntax-update-20.ru" classname="org.apache.jena.sparql.junit.SyntaxUpdateTest" time="0"/>
  <testcase name="syntax-update-21.ru" classname="org.apache.jena.sparql.junit.SyntaxUpdateTest" time="0.001"/>
  <testcase name="syntax-update-22.ru" classname="org.apache.jena.sparql.junit.SyntaxUpdateTest" time="0.001"/>
  <testcase name="syntax-update-23.ru" classname="org.apache.jena.sparql.junit.SyntaxUpdateTest" time="0"/>
  <testcase name="syntax-update-24.ru" classname="org.apache.jena.sparql.junit.SyntaxUpdateTest" time="0.002"/>
  <testcase name="syntax-update-25.ru" classname="org.apache.jena.sparql.junit.SyntaxUpdateTest" time="0.004"/>
  <testcase name="syntax-update-26.ru" classname="org.apache.jena.sparql.junit.SyntaxUpdateTest" time="0.002"/>
  <testcase name="syntax-update-27.ru" classname="org.apache.jena.sparql.junit.SyntaxUpdateTest" time="0"/>
  <testcase name="syntax-update-28.ru" classname="org.apache.jena.sparql.junit.SyntaxUpdateTest" time="0"/>
  <testcase name="syntax-update-29.ru" classname="org.apache.jena.sparql.junit.SyntaxUpdateTest" time="0.001"/>
  <testcase name="syntax-update-30.ru" classname="org.apache.jena.sparql.junit.SyntaxUpdateTest" time="0.001"/>
  <testcase name="syntax-update-31.ru" classname="org.apache.jena.sparql.junit.SyntaxUpdateTest" time="0.001"/>
  <testcase name="syntax-update-32.ru" classname="org.apache.jena.sparql.junit.SyntaxUpdateTest" time="0.001"/>
  <testcase name="syntax-update-33.ru" classname="org.apache.jena.sparql.junit.SyntaxUpdateTest" time="0.004"/>
  <testcase name="syntax-update-34.ru" classname="org.apache.jena.sparql.junit.SyntaxUpdateTest" time="0.002"/>
  <testcase name="syntax-update-35.ru" classname="org.apache.jena.sparql.junit.SyntaxUpdateTest" time="0.001"/>
  <testcase name="syntax-update-36.ru" classname="org.apache.jena.sparql.junit.SyntaxUpdateTest" time="0"/>
  <testcase name="syntax-update-37.ru" classname="org.apache.jena.sparql.junit.SyntaxUpdateTest" time="0.001"/>
  <testcase name="syntax-update-38.ru" classname="org.apache.jena.sparql.junit.SyntaxUpdateTest" time="0"/>
  <testcase name="syntax-update-39.ru" classname="org.apache.jena.sparql.junit.SyntaxUpdateTest" time="0"/>
  <testcase name="syntax-update-40.ru" classname="org.apache.jena.sparql.junit.SyntaxUpdateTest" time="0.001"/>
  <testcase name="syntax-update-bad-01.ru" classname="org.apache.jena.sparql.junit.SyntaxUpdateTest" time="0"/>
  <testcase name="syntax-update-bad-02.ru" classname="org.apache.jena.sparql.junit.SyntaxUpdateTest" time="0.001"/>
  <testcase name="syntax-update-bad-03.ru" classname="org.apache.jena.sparql.junit.SyntaxUpdateTest" time="0"/>
  <testcase name="syntax-update-bad-04.ru" classname="org.apache.jena.sparql.junit.SyntaxUpdateTest" time="0"/>
  <testcase name="syntax-update-bad-05.ru" classname="org.apache.jena.sparql.junit.SyntaxUpdateTest" time="0.002"/>
  <testcase name="syntax-update-bad-06.ru" classname="org.apache.jena.sparql.junit.SyntaxUpdateTest" time="0.003"/>
  <testcase name="syntax-update-bad-07.ru" classname="org.apache.jena.sparql.junit.SyntaxUpdateTest" time="0.001"/>
  <testcase name="syntax-update-bad-08.ru" classname="org.apache.jena.sparql.junit.SyntaxUpdateTest" time="0"/>
  <testcase name="syntax-update-bad-09.ru" classname="org.apache.jena.sparql.junit.SyntaxUpdateTest" time="0.001"/>
  <testcase name="syntax-update-bad-10.ru" classname="org.apache.jena.sparql.junit.SyntaxUpdateTest" time="0"/>
  <testcase name="syntax-update-bad-11.ru" classname="org.apache.jena.sparql.junit.SyntaxUpdateTest" time="0.001"/>
  <testcase name="syntax-update-bad-12.ru" classname="org.apache.jena.sparql.junit.SyntaxUpdateTest" time="0"/>
  <testcase name="syntax-update-bad-13.ru" classname="org.apache.jena.sparql.junit.SyntaxUpdateTest" time="0.001"/>
  <testcase name="syntax-update-bad-14.ru" classname="org.apache.jena.sparql.junit.SyntaxUpdateTest" time="0.001"/>
  <testcase name="syntax-update-bad-15.ru" classname="org.apache.jena.sparql.junit.SyntaxUpdateTest" time="0.003"/>
  <testcase name="syntax-update-bad-16.ru" classname="org.apache.jena.sparql.junit.SyntaxUpdateTest" time="0.001"/>
  <testcase name="syntax-update-other-01" classname="org.apache.jena.sparql.junit.SyntaxUpdateTest" time="0.023"/>
  <testcase name="Prefix/Base 1" classname="org.apache.jena.sparql.junit.QueryTest" time="0.011"/>
  <testcase name="Prefix/Base 2" classname="org.apache.jena.sparql.junit.QueryTest" time="0.008"/>
  <testcase name="Prefix/Base 3" classname="org.apache.jena.sparql.junit.QueryTest" time="0.007"/>
  <testcase name="Prefix/Base 4" classname="org.apache.jena.sparql.junit.QueryTest" time="0.006"/>
  <testcase name="Prefix/Base 5" classname="org.apache.jena.sparql.junit.QueryTest" time="0.004"/>
  <testcase name="query-dump-0" classname="org.apache.jena.sparql.junit.QueryTest" time="0.003"/>
  <testcase name="query-dump-1" classname="org.apache.jena.sparql.junit.QueryTest" time="0.003"/>
  <testcase name="query-dump-2" classname="org.apache.jena.sparql.junit.QueryTest" time="0.003"/>
  <testcase name="query-dump-3" classname="org.apache.jena.sparql.junit.QueryTest" time="0.007"/>
  <testcase name="query-dump-4" classname="org.apache.jena.sparql.junit.QueryTest" time="0.001"/>
  <testcase name="query-dump-5" classname="org.apache.jena.sparql.junit.QueryTest" time="0.006"/>
  <testcase name="query-dump-6" classname="org.apache.jena.sparql.junit.QueryTest" time="0.003"/>
  <testcase name="query-dump-7" classname="org.apache.jena.sparql.junit.QueryTest" time="0.001"/>
  <testcase name="query-dump-8" classname="org.apache.jena.sparql.junit.QueryTest" time="0.007"/>
  <testcase name="query-dump-9" classname="org.apache.jena.sparql.junit.QueryTest" time="0.064"/>
  <testcase name="query-dump-A" classname="org.apache.jena.sparql.junit.QueryTest" time="0.002"/>
  <testcase name="test-S-01.rq" classname="org.apache.jena.sparql.junit.QueryTest" time="0.004"/>
  <testcase name="test-S-02.rq" classname="org.apache.jena.sparql.junit.QueryTest" time="0.011"/>
  <testcase name="test-S-03.rq" classname="org.apache.jena.sparql.junit.QueryTest" time="0.007"/>
  <testcase name="test-S-04.rq" classname="org.apache.jena.sparql.junit.QueryTest" time="0.005"/>
  <testcase name="test-S-05.rq" classname="org.apache.jena.sparql.junit.QueryTest" time="0.003"/>
  <testcase name="test-0-01.rq" classname="org.apache.jena.sparql.junit.QueryTest" time="0.006"/>
  <testcase name="test-0-02.rq" classname="org.apache.jena.sparql.junit.QueryTest" time="0.003"/>
  <testcase name="test-0-03.rq" classname="org.apache.jena.sparql.junit.QueryTest" time="0.006"/>
  <testcase name="test-0-04.rq" classname="org.apache.jena.sparql.junit.QueryTest" time="0.007"/>
  <testcase name="test-1-01.rq" classname="org.apache.jena.sparql.junit.QueryTest" time="0.002"/>
  <testcase name="test-1-02.rq" classname="org.apache.jena.sparql.junit.QueryTest" time="0.017"/>
  <testcase name="test-1-03.rq" classname="org.apache.jena.sparql.junit.QueryTest" time="0.002"/>
  <testcase name="test-1-04.rq" classname="org.apache.jena.sparql.junit.QueryTest" time="0.004"/>
  <testcase name="test-1-05.rq" classname="org.apache.jena.sparql.junit.QueryTest" time="0.007"/>
  <testcase name="test-1-06.rq" classname="org.apache.jena.sparql.junit.QueryTest" time="0.004"/>
  <testcase name="test-1-07.rq" classname="org.apache.jena.sparql.junit.QueryTest" time="0.007"/>
  <testcase name="test-1-08.rq" classname="org.apache.jena.sparql.junit.QueryTest" time="0.003"/>
  <testcase name="test-1-10.rq" classname="org.apache.jena.sparql.junit.QueryTest" time="0.006"/>
  <testcase name="test-2-01.rq" classname="org.apache.jena.sparql.junit.QueryTest" time="0.007"/>
  <testcase name="test-2-02.rq" classname="org.apache.jena.sparql.junit.QueryTest" time="0.005"/>
  <testcase name="test-2-03.rq" classname="org.apache.jena.sparql.junit.QueryTest" time="0.009"/>
  <testcase name="test-2-04.rq" classname="org.apache.jena.sparql.junit.QueryTest" time="0.009"/>
  <testcase name="test-2-05.rq" classname="org.apache.jena.sparql.junit.QueryTest" time="0.008"/>
  <testcase name="test-2-06.rq" classname="org.apache.jena.sparql.junit.QueryTest" time="0.002"/>
  <testcase name="test-2-07.rq" classname="org.apache.jena.sparql.junit.QueryTest" time="0.021"/>
  <testcase name="test-2-08.rq" classname="org.apache.jena.sparql.junit.QueryTest" time="0.006"/>
  <testcase name="test-2-09.rq" classname="org.apache.jena.sparql.junit.QueryTest" time="0.013"/>
  <testcase name="test-2-10.rq" classname="org.apache.jena.sparql.junit.QueryTest" time="0.005"/>
  <testcase name="test-3-01.rq" classname="org.apache.jena.sparql.junit.QueryTest" time="0.009"/>
  <testcase name="test-3-02.rq" classname="org.apache.jena.sparql.junit.QueryTest" time="0.004"/>
  <testcase name="test-3-03.rq" classname="org.apache.jena.sparql.junit.QueryTest" time="0.007"/>
  <testcase name="test-3-04.rq" classname="org.apache.jena.sparql.junit.QueryTest" time="0.011"/>
  <testcase name="test-3-05.rq" classname="org.apache.jena.sparql.junit.QueryTest" time="0.008"/>
  <testcase name="test-3-06.rq" classname="org.apache.jena.sparql.junit.QueryTest" time="0.007"/>
  <testcase name="test-3-07.rq" classname="org.apache.jena.sparql.junit.QueryTest" time="0.009"/>
  <testcase name="test-4-01.rq" classname="org.apache.jena.sparql.junit.QueryTest" time="0.006"/>
  <testcase name="test-4-02.rq" classname="org.apache.jena.sparql.junit.QueryTest" time="0.006"/>
  <testcase name="test-4-03.rq" classname="org.apache.jena.sparql.junit.QueryTest" time="0.007"/>
  <testcase name="test-4-04.rq" classname="org.apache.jena.sparql.junit.QueryTest" time="0.009"/>
  <testcase name="test-4-05.rq" classname="org.apache.jena.sparql.junit.QueryTest" time="0.007"/>
  <testcase name="test-4-07.rq" classname="org.apache.jena.sparql.junit.QueryTest" time="0.003"/>
  <testcase name="test-5-01.rq" classname="org.apache.jena.sparql.junit.QueryTest" time="0.011"/>
  <testcase name="test-5-02.rq" classname="org.apache.jena.sparql.junit.QueryTest" time="0.002"/>
  <testcase name="test-5-03.rq" classname="org.apache.jena.sparql.junit.QueryTest" time="0.008"/>
  <testcase name="test-5-04.rq" classname="org.apache.jena.sparql.junit.QueryTest" time="0.002"/>
  <testcase name="test-6-01.rq" classname="org.apache.jena.sparql.junit.QueryTest" time="0.007"/>
  <testcase name="test-6-02.rq" classname="org.apache.jena.sparql.junit.QueryTest" time="0.007"/>
  <testcase name="test-6-03.rq" classname="org.apache.jena.sparql.junit.QueryTest" time="0.009"/>
  <testcase name="test-6-04.rq" classname="org.apache.jena.sparql.junit.QueryTest" time="0.002"/>
  <testcase name="test-7-01.rq" classname="org.apache.jena.sparql.junit.QueryTest" time="0.003"/>
  <testcase name="test-7-02.rq" classname="org.apache.jena.sparql.junit.QueryTest" time="0.006"/>
  <testcase name="test-7-03.rq" classname="org.apache.jena.sparql.junit.QueryTest" time="0.004"/>
  <testcase name="test-7-04.rq" classname="org.apache.jena.sparql.junit.QueryTest" time="0.004"/>
  <testcase name="test-9-01.rq" classname="org.apache.jena.sparql.junit.QueryTest" time="0.007"/>
  <testcase name="test-9-02.rq" classname="org.apache.jena.sparql.junit.QueryTest" time="0.004"/>
  <testcase name="test-B-01.rq" classname="org.apache.jena.sparql.junit.QueryTest" time="0.006"/>
  <testcase name="test-B-02.rq" classname="org.apache.jena.sparql.junit.QueryTest" time="0.007"/>
  <testcase name="test-B-03.rq" classname="org.apache.jena.sparql.junit.QueryTest" time="0.002"/>
  <testcase name="test-B-04.rq" classname="org.apache.jena.sparql.junit.QueryTest" time="0.003"/>
  <testcase name="test-B-05.rq" classname="org.apache.jena.sparql.junit.QueryTest" time="0.009"/>
  <testcase name="test-B-08.rq" classname="org.apache.jena.sparql.junit.QueryTest" time="0.003"/>
  <testcase name="test-B-09.rq" classname="org.apache.jena.sparql.junit.QueryTest" time="0.007"/>
  <testcase name="test-B-10.rq" classname="org.apache.jena.sparql.junit.QueryTest" time="0.007"/>
  <testcase name="test-B-11.rq" classname="org.apache.jena.sparql.junit.QueryTest" time="0.014"/>
  <testcase name="test-B-12.rq" classname="org.apache.jena.sparql.junit.QueryTest" time="0.009"/>
  <testcase name="test-B-13.rq" classname="org.apache.jena.sparql.junit.QueryTest" time="0.009"/>
  <testcase name="test-B-15.rq" classname="org.apache.jena.sparql.junit.QueryTest" time="0.008"/>
  <testcase name="test-B-16.rq" classname="org.apache.jena.sparql.junit.QueryTest" time="0.009"/>
  <testcase name="test-B-17.rq" classname="org.apache.jena.sparql.junit.QueryTest" time="0.009"/>
  <testcase name="test-B-18.rq" classname="org.apache.jena.sparql.junit.QueryTest" time="0.009"/>
  <testcase name="test-B-19.rq" classname="org.apache.jena.sparql.junit.QueryTest" time="0.008"/>
  <testcase name="test-B-20.rq" classname="org.apache.jena.sparql.junit.QueryTest" time="0.009"/>
  <testcase name="One optional clause" classname="org.apache.jena.sparql.junit.QueryTest" time="0.035"/>
  <testcase name="Two optional clauses" classname="org.apache.jena.sparql.junit.QueryTest" time="0.016"/>
  <testcase name="Nested optional clauses [simple]" classname="org.apache.jena.sparql.junit.QueryTest" time="0.003"/>
  <testcase name="One optional, no fixed clause." classname="org.apache.jena.sparql.junit.QueryTest" time="0.008"/>
  <testcase name="Two optional, no fixed clause [1]" classname="org.apache.jena.sparql.junit.QueryTest" time="0.007"/>
  <testcase name="Two optional, no fixed clause [2]" classname="org.apache.jena.sparql.junit.QueryTest" time="0.007"/>
  <testcase name="Two optional, no fixed clause, nested [1]" classname="org.apache.jena.sparql.junit.QueryTest" time="0.006"/>
  <testcase name="Two optional, no fixed clause, nested [2]" classname="org.apache.jena.sparql.junit.QueryTest" time="0.011"/>
  <testcase name="Two optional sequential clauses [1]" classname="org.apache.jena.sparql.junit.QueryTest" time="0.005"/>
  <testcase name="Two optional sequential clauses [2]" classname="org.apache.jena.sparql.junit.QueryTest" time="0.007"/>
  <testcase name="Union 1" classname="org.apache.jena.sparql.junit.QueryTest" time="0.007"/>
  <testcase name="Union 2" classname="org.apache.jena.sparql.junit.QueryTest" time="0.009"/>
  <testcase name="Union 3" classname="org.apache.jena.sparql.junit.QueryTest" time="0.003"/>
  <testcase name="Union 4" classname="org.apache.jena.sparql.junit.QueryTest" time="0.006"/>
  <testcase name="Union 5" classname="org.apache.jena.sparql.junit.QueryTest" time="0.006"/>
  <testcase name="Union 6" classname="org.apache.jena.sparql.junit.QueryTest" time="0.005"/>
  <testcase name="Union 7" classname="org.apache.jena.sparql.junit.QueryTest" time="0.011"/>
  <testcase name="Union 8" classname="org.apache.jena.sparql.junit.QueryTest" time="0.003"/>
  <testcase name="Union 9" classname="org.apache.jena.sparql.junit.QueryTest" time="0.014"/>
  <testcase name="Nested Optionals - 1" classname="org.apache.jena.sparql.junit.QueryTest" time="0.022"/>
  <testcase name="Nested Optionals - 2" classname="org.apache.jena.sparql.junit.QueryTest" time="0.01"/>
  <testcase name="Optional-filter - 1" classname="org.apache.jena.sparql.junit.QueryTest" time="0.007"/>
  <testcase name="Optional-filter - 2 filters" classname="org.apache.jena.sparql.junit.QueryTest" time="0.006"/>
  <testcase name="Optional-filter - scope of variable" classname="org.apache.jena.sparql.junit.QueryTest" time="0.009"/>
  <testcase name="Optional-filter - scope with {{}}" classname="org.apache.jena.sparql.junit.QueryTest" time="0.008"/>
  <testcase name="Filter-placement - 1" classname="org.apache.jena.sparql.junit.QueryTest" time="0.005"/>
  <testcase name="Filter-placement - 2" classname="org.apache.jena.sparql.junit.QueryTest" time="0.018"/>
  <testcase name="Filter-placement - 3" classname="org.apache.jena.sparql.junit.QueryTest" time="0.006"/>
  <testcase name="Filter-nested - 1" classname="org.apache.jena.sparql.junit.QueryTest" time="0.007"/>
  <testcase name="Filter-nested - 2" classname="org.apache.jena.sparql.junit.QueryTest" time="0.003"/>
  <testcase name="Filter-scope - 1" classname="org.apache.jena.sparql.junit.QueryTest" time="0.006"/>
  <testcase name="Join scope - 1" classname="org.apache.jena.sparql.junit.QueryTest" time="0.009"/>
  <testcase name="opt-equals-01" classname="org.apache.jena.sparql.junit.QueryTest" time="0.005"/>
  <testcase name="opt-equals-02" classname="org.apache.jena.sparql.junit.QueryTest" time="0.004"/>
  <testcase name="opt-equals-03" classname="org.apache.jena.sparql.junit.QueryTest" time="0.005"/>
  <testcase name="opt-equals-04" classname="org.apache.jena.sparql.junit.QueryTest" time="0.004"/>
  <testcase name="opt-equals-05" classname="org.apache.jena.sparql.junit.QueryTest" time="0.007"/>
  <testcase name="opt-equals-06" classname="org.apache.jena.sparql.junit.QueryTest" time="0.006"/>
  <testcase name="opt-equals-07" classname="org.apache.jena.sparql.junit.QueryTest" time="0.005"/>
  <testcase name="opt-equals-08" classname="org.apache.jena.sparql.junit.QueryTest" time="0.008"/>
  <testcase name="opt-equals-09" classname="org.apache.jena.sparql.junit.QueryTest" time="0.003"/>
  <testcase name="opt-equals-10" classname="org.apache.jena.sparql.junit.QueryTest" time="0.008"/>
  <testcase name="opt-sameTerm-01" classname="org.apache.jena.sparql.junit.QueryTest" time="0.002"/>
  <testcase name="opt-sameTerm-02" classname="org.apache.jena.sparql.junit.QueryTest" time="0.009"/>
  <testcase name="opt-sameTerm-03" classname="org.apache.jena.sparql.junit.QueryTest" time="0.002"/>
  <testcase name="opt-sameTerm-04" classname="org.apache.jena.sparql.junit.QueryTest" time="0.008"/>
  <testcase name="opt-sameTerm-05" classname="org.apache.jena.sparql.junit.QueryTest" time="0.003"/>
  <testcase name="opt-sameTerm-06" classname="org.apache.jena.sparql.junit.QueryTest" time="0.006"/>
  <testcase name="opt-sameTerm-07" classname="org.apache.jena.sparql.junit.QueryTest" time="0.017"/>
  <testcase name="opt-sameTerm-08" classname="org.apache.jena.sparql.junit.QueryTest" time="0.003"/>
  <testcase name="opt-sameTerm-09" classname="org.apache.jena.sparql.junit.QueryTest" time="0.005"/>
  <testcase name="opt-sameTerm-10" classname="org.apache.jena.sparql.junit.QueryTest" time="0.006"/>
  <testcase name="opt-top-01" classname="org.apache.jena.sparql.junit.QueryTest" time="0.031"/>
  <testcase name="opt-top-02" classname="org.apache.jena.sparql.junit.QueryTest" time="0.011"/>
  <testcase name="opt-top-03" classname="org.apache.jena.sparql.junit.QueryTest" time="0.013"/>
  <testcase name="opt-top-04" classname="org.apache.jena.sparql.junit.QueryTest" time="0.011"/>
  <testcase name="opt-top-05" classname="org.apache.jena.sparql.junit.QueryTest" time="0.006"/>
  <testcase name="opt-top-06" classname="org.apache.jena.sparql.junit.QueryTest" time="0.008"/>
  <testcase name="opt-top-07" classname="org.apache.jena.sparql.junit.QueryTest" time="0.011"/>
  <testcase name="opt-top-08" classname="org.apache.jena.sparql.junit.QueryTest" time="0.006"/>
  <testcase name="opt-top-09" classname="org.apache.jena.sparql.junit.QueryTest" time="0.008"/>
  <testcase name="opt-top-10" classname="org.apache.jena.sparql.junit.QueryTest" time="0.009"/>
  <testcase name="opt-top-11" classname="org.apache.jena.sparql.junit.QueryTest" time="0.002"/>
  <testcase name="opt-top-12" classname="org.apache.jena.sparql.junit.QueryTest" time="0.008"/>
  <testcase name="opt-top-13" classname="org.apache.jena.sparql.junit.QueryTest" time="0.003"/>
  <testcase name="opt-distinct-to-reduced-01" classname="org.apache.jena.sparql.junit.QueryTest" time="0.006"/>
  <testcase name="opt-distinct-to-reduced-02" classname="org.apache.jena.sparql.junit.QueryTest" time="0.007"/>
  <testcase name="opt-distinct-to-reduced-03" classname="org.apache.jena.sparql.junit.QueryTest" time="0.007"/>
  <testcase name="filter-equality-01" classname="org.apache.jena.sparql.junit.QueryTest" time="0.003"/>
  <testcase name="filter-equality-02" classname="org.apache.jena.sparql.junit.QueryTest" time="0.007"/>
  <testcase name="filter-equality-03" classname="org.apache.jena.sparql.junit.QueryTest" time="0.003"/>
  <testcase name="filter-equality-04" classname="org.apache.jena.sparql.junit.QueryTest" time="0.006"/>
  <testcase name="filter-equality-05" classname="org.apache.jena.sparql.junit.QueryTest" time="0.008"/>
  <testcase name="filter-equality-06" classname="org.apache.jena.sparql.junit.QueryTest" time="0.003"/>
  <testcase name="filter-equality-07" classname="org.apache.jena.sparql.junit.QueryTest" time="0.003"/>
  <testcase name="filter-equality-08" classname="org.apache.jena.sparql.junit.QueryTest" time="0.006"/>
  <testcase name="filter-equality-10" classname="org.apache.jena.sparql.junit.QueryTest" time="0.006"/>
  <testcase name="filter-equality-11" classname="org.apache.jena.sparql.junit.QueryTest" time="0.007"/>
  <testcase name="filter-equality-12" classname="org.apache.jena.sparql.junit.QueryTest" time="0.003"/>
  <testcase name="filter-equality-13" classname="org.apache.jena.sparql.junit.QueryTest" time="0.005"/>
  <testcase name="filter-equality-14" classname="org.apache.jena.sparql.junit.QueryTest" time="0.023"/>
  <testcase name="select-0" classname="org.apache.jena.sparql.junit.QueryTest" time="0.003"/>
  <testcase name="select-1" classname="org.apache.jena.sparql.junit.QueryTest" time="0.006"/>
  <testcase name="select-2" classname="org.apache.jena.sparql.junit.QueryTest" time="0.006"/>
  <testcase name="select-3" classname="org.apache.jena.sparql.junit.QueryTest" time="0.009"/>
  <testcase name="select-4" classname="org.apache.jena.sparql.junit.QueryTest" time="0.007"/>
  <testcase name="select-5" classname="org.apache.jena.sparql.junit.QueryTest" time="0.002"/>
  <testcase name="Construct 1" classname="org.apache.jena.sparql.junit.QueryTest" time="0.005"/>
  <testcase name="Construct 2" classname="org.apache.jena.sparql.junit.QueryTest" time="0.003"/>
  <testcase name="Reification 1" classname="org.apache.jena.sparql.junit.QueryTest" time="0.02"/>
  <testcase name="Reification 2" classname="org.apache.jena.sparql.junit.QueryTest" time="0.008"/>
  <testcase name="Construct Quad: Named Graph" classname="org.apache.jena.sparql.junit.QueryTest" time="0.013"/>
  <testcase name="Construct Quad: Default Graph 1" classname="org.apache.jena.sparql.junit.QueryTest" time="0.007"/>
  <testcase name="Construct Quad: Default Graph 2" classname="org.apache.jena.sparql.junit.QueryTest" time="0.008"/>
  <testcase name="Construct Quad: Dataset" classname="org.apache.jena.sparql.junit.QueryTest" time="0.012"/>
  <testcase name="Construct Quad: Short Form 1" classname="org.apache.jena.sparql.junit.QueryTest" time="0.018"/>
  <testcase name="Construct Quad: Short Form 2" classname="org.apache.jena.sparql.junit.QueryTest" time="0.007"/>
  <testcase name="Construct Quad: Short Form 3" classname="org.apache.jena.sparql.junit.QueryTest" time="0.016"/>
  <testcase name="Construct Quad: Syntax 1" classname="org.apache.jena.sparql.junit.QueryTest" time="0.009"/>
  <testcase name="Construct Quad: Syntax 2" classname="org.apache.jena.sparql.junit.QueryTest" time="0.012"/>
  <testcase name="Construct Quad: Syntax 3" classname="org.apache.jena.sparql.junit.QueryTest" time="0.006"/>
  <testcase name="Construct Quad: Syntax 4" classname="org.apache.jena.sparql.junit.QueryTest" time="0.01"/>
  <testcase name="Construct Quad: Syntax 5" classname="org.apache.jena.sparql.junit.QueryTest" time="0.009"/>
  <testcase name="Construct Quad: Syntax 6" classname="org.apache.jena.sparql.junit.QueryTest" time="0.027"/>
  <testcase name="Construct Quad: Syntax 7" classname="org.apache.jena.sparql.junit.QueryTest" time="0.002"/>
  <testcase name="Construct Quad: Syntax 7" classname="org.apache.jena.sparql.junit.QueryTest" time="0.003"/>
  <testcase name="Describe 1" classname="org.apache.jena.sparql.junit.QueryTest" time="0.017"/>
  <testcase name="Describe 2" classname="org.apache.jena.sparql.junit.QueryTest" time="0.011"/>
  <testcase name="Describe 3" classname="org.apache.jena.sparql.junit.QueryTest" time="0.009"/>
  <testcase name="Describe 4" classname="org.apache.jena.sparql.junit.QueryTest" time="0.015"/>
  <testcase name="Describe 5" classname="org.apache.jena.sparql.junit.QueryTest" time="0.008"/>
  <testcase name="Describe 6" classname="org.apache.jena.sparql.junit.QueryTest" time="0.011"/>
  <testcase name="ASK-1" classname="org.apache.jena.sparql.junit.QueryTest" time="0.005"/>
  <testcase name="ASK-2" classname="org.apache.jena.sparql.junit.QueryTest" time="0.001"/>
  <testcase name="ASK-3" classname="org.apache.jena.sparql.junit.QueryTest" time="0.005"/>
  <testcase name="ASK-4" classname="org.apache.jena.sparql.junit.QueryTest" time="0.007"/>
  <testcase name="ASK-5" classname="org.apache.jena.sparql.junit.QueryTest" time="0.001"/>
  <testcase name="ASK-6" classname="org.apache.jena.sparql.junit.QueryTest" time="0.005"/>
  <testcase name="ASK-7" classname="org.apache.jena.sparql.junit.QueryTest" time="0.002"/>
  <testcase name="ASK-8" classname="org.apache.jena.sparql.junit.QueryTest" time="0.002"/>
  <testcase name="graph-01" classname="org.apache.jena.sparql.junit.QueryTest" time="0.013"/>
  <testcase name="graph-02" classname="org.apache.jena.sparql.junit.QueryTest" time="0.008"/>
  <testcase name="graph-03" classname="org.apache.jena.sparql.junit.QueryTest" time="0.006"/>
  <testcase name="graph-04" classname="org.apache.jena.sparql.junit.QueryTest" time="0.008"/>
  <testcase name="graph-05" classname="org.apache.jena.sparql.junit.QueryTest" time="0.006"/>
  <testcase name="graph-06" classname="org.apache.jena.sparql.junit.QueryTest" time="0.006"/>
  <testcase name="graph-07" classname="org.apache.jena.sparql.junit.QueryTest" time="0.002"/>
  <testcase name="graph-08" classname="org.apache.jena.sparql.junit.QueryTest" time="0.003"/>
  <testcase name="graph-09" classname="org.apache.jena.sparql.junit.QueryTest" time="0.003"/>
  <testcase name="graph-10" classname="org.apache.jena.sparql.junit.QueryTest" time="0.009"/>
  <testcase name="graph-11" classname="org.apache.jena.sparql.junit.QueryTest" time="0.003"/>
  <testcase name="graph-20" classname="org.apache.jena.sparql.junit.QueryTest" time="0.003"/>
  <testcase name="graph-21" classname="org.apache.jena.sparql.junit.QueryTest" time="0.007"/>
  <testcase name="dawg-bound-query-001" classname="org.apache.jena.sparql.junit.QueryTest" time="0.007"/>
  <testcase name="Expr 1 - FILTER true" classname="org.apache.jena.sparql.junit.QueryTest" time="0.002"/>
  <testcase name="Expr 2 - FILTER false" classname="org.apache.jena.sparql.junit.QueryTest" time="0.005"/>
  <testcase name="Expr 3 - Triple pattern and FILTER true" classname="org.apache.jena.sparql.junit.QueryTest" time="0.003"/>
  <testcase name="Expr 4 - Triple pattern and FILTER false" classname="org.apache.jena.sparql.junit.QueryTest" time="0.001"/>
  <testcase name="OPTIONAL-FILTER" classname="org.apache.jena.sparql.junit.QueryTest" time="0.01"/>
  <testcase name="OPTIONAL - Outer FILTER" classname="org.apache.jena.sparql.junit.QueryTest" time="0.008"/>
  <testcase name="OPTIONAL - Outer FILTER with BOUND" classname="org.apache.jena.sparql.junit.QueryTest" time="0.006"/>
  <testcase name="Test &apos;boolean effective value&apos; - true" classname="org.apache.jena.sparql.junit.QueryTest" time="0.006"/>
  <testcase name="Test &apos;boolean effective value&apos; - false" classname="org.apache.jena.sparql.junit.QueryTest" time="0.007"/>
  <testcase name="Test &apos;boolean effective value&apos; - &amp;&amp;" classname="org.apache.jena.sparql.junit.QueryTest" time="0.002"/>
  <testcase name="Test &apos;boolean effective value&apos; - ||" classname="org.apache.jena.sparql.junit.QueryTest" time="0.005"/>
  <testcase name="Test &apos;boolean effective value&apos; - optional" classname="org.apache.jena.sparql.junit.QueryTest" time="0.008"/>
  <testcase name="Test &apos;boolean effective value&apos; - unknown type" classname="org.apache.jena.sparql.junit.QueryTest" time="0.003"/>
  <testcase name="str-1" classname="org.apache.jena.sparql.junit.QueryTest" time="0.006"/>
  <testcase name="str-2" classname="org.apache.jena.sparql.junit.QueryTest" time="0.007"/>
  <testcase name="str-3" classname="org.apache.jena.sparql.junit.QueryTest" time="0.005"/>
  <testcase name="str-4" classname="org.apache.jena.sparql.junit.QueryTest" time="0.008"/>
  <testcase name="isBlank-1" classname="org.apache.jena.sparql.junit.QueryTest" time="0.004"/>
  <testcase name="datatype-1" classname="org.apache.jena.sparql.junit.QueryTest" time="0.007"/>
  <testcase name="datatype-2 : Literals with a datatype" classname="org.apache.jena.sparql.junit.QueryTest" time="0.005"/>
  <testcase name="datatype-3 : Literals with a datatype of xsd:string" classname="org.apache.jena.sparql.junit.QueryTest" time="0.007"/>
  <testcase name="datatype-4 : Literals with a datatype of rdf:langString" classname="org.apache.jena.sparql.junit.QueryTest" time="0.003"/>
  <testcase name="lang-1 : Literals with a lang tag of some kind" classname="org.apache.jena.sparql.junit.QueryTest" time="0.009"/>
  <testcase name="lang-2 : Literals with a lang tag of &apos;&apos;" classname="org.apache.jena.sparql.junit.QueryTest" time="0.003"/>
  <testcase name="lang-3 : Graph matching with lang tag being a different case" classname="org.apache.jena.sparql.junit.QueryTest" time="0.006"/>
  <testcase name="isURI-1" classname="org.apache.jena.sparql.junit.QueryTest" time="0.007"/>
  <testcase name="isIRI-1" classname="org.apache.jena.sparql.junit.QueryTest" time="0.002"/>
  <testcase name="LangMatches-1" classname="org.apache.jena.sparql.junit.QueryTest" time="0.012"/>
  <testcase name="LangMatches-2" classname="org.apache.jena.sparql.junit.QueryTest" time="0.004"/>
  <testcase name="LangMatches-3" classname="org.apache.jena.sparql.junit.QueryTest" time="0.007"/>
  <testcase name="LangMatches-4" classname="org.apache.jena.sparql.junit.QueryTest" time="0.002"/>
  <testcase name="FILTER - &apos;= true&apos;" classname="org.apache.jena.sparql.junit.QueryTest" time="0.005"/>
  <testcase name="FILTER - &apos;= false&apos;" classname="org.apache.jena.sparql.junit.QueryTest" time="0.005"/>
  <testcase name="FILTER - &apos;!= true&apos;" classname="org.apache.jena.sparql.junit.QueryTest" time="0.006"/>
  <testcase name="FILTER - &apos;NOT of [= true]&apos;" classname="org.apache.jena.sparql.junit.QueryTest" time="0.007"/>
  <testcase name="FILTER - &apos;NOT of [ != true]&apos;" classname="org.apache.jena.sparql.junit.QueryTest" time="0.002"/>
  <testcase name="Equality 1-1" classname="org.apache.jena.sparql.junit.QueryTest" time="0.005"/>
  <testcase name="Equality 1-2" classname="org.apache.jena.sparql.junit.QueryTest" time="0.008"/>
  <testcase name="Equality 1-3" classname="org.apache.jena.sparql.junit.QueryTest" time="0.003"/>
  <testcase name="Equality 1-4" classname="org.apache.jena.sparql.junit.QueryTest" time="0.005"/>
  <testcase name="Equality 1-5" classname="org.apache.jena.sparql.junit.QueryTest" time="0.004"/>
  <testcase name="Equality - 2 var - test equals" classname="org.apache.jena.sparql.junit.QueryTest" time="0.017"/>
  <testcase name="Equality 1-3 -- graph" classname="org.apache.jena.sparql.junit.QueryTest" time="0.003"/>
  <testcase name="Equality 1-4 -- graph" classname="org.apache.jena.sparql.junit.QueryTest" time="0.007"/>
  <testcase name="Equality 1-5 -- graph" classname="org.apache.jena.sparql.junit.QueryTest" time="0.003"/>
  <testcase name="regex-1" classname="org.apache.jena.sparql.junit.QueryTest" time="0.005"/>
  <testcase name="regex-2" classname="org.apache.jena.sparql.junit.QueryTest" time="0.006"/>
  <testcase name="regex-3" classname="org.apache.jena.sparql.junit.QueryTest" time="0.008"/>
  <testcase name="regex-4" classname="org.apache.jena.sparql.junit.QueryTest" time="0.003"/>
  <testcase name="regex-5" classname="org.apache.jena.sparql.junit.QueryTest" time="0.007"/>
  <testcase name="open-eq-01 - graph match - no lexical form in data [assumes no value matching]" classname="org.apache.jena.sparql.junit.QueryTest" time="0.006"/>
  <testcase name="open-eq-02 - graph match - unknown type" classname="org.apache.jena.sparql.junit.QueryTest" time="0.004"/>
  <testcase name="open-eq-03 - Filter[?v=1]" classname="org.apache.jena.sparql.junit.QueryTest" time="0.003"/>
  <testcase name="open-eq-04 - Filter[?v!=1]" classname="org.apache.jena.sparql.junit.QueryTest" time="0.006"/>
  <testcase name="open-eq-05 - FILTER[?v = unknown type]" classname="org.apache.jena.sparql.junit.QueryTest" time="0.006"/>
  <testcase name="open-eq-06 - FILTER[?v != unknown type]" classname="org.apache.jena.sparql.junit.QueryTest" time="0.009"/>
  <testcase name="open-eq-07 - Test of &apos;=&apos; " classname="org.apache.jena.sparql.junit.QueryTest" time="0.036"/>
  <testcase name="open-eq-08 - Test of &apos;!=&apos;" classname="org.apache.jena.sparql.junit.QueryTest" time="0.022"/>
  <testcase name="open-eq-09 - Test of &apos;=&apos;" classname="org.apache.jena.sparql.junit.QueryTest" time="0.006"/>
  <testcase name="open-eq-10 - Test of &apos;!=&apos;" classname="org.apache.jena.sparql.junit.QueryTest" time="0.017"/>
  <testcase name="open-eq-11 - test of &apos;=&apos; || &apos;!=&apos;" classname="org.apache.jena.sparql.junit.QueryTest" time="0.034"/>
  <testcase name="open-eq-12 - find pairs that don&apos;t value-compare" classname="org.apache.jena.sparql.junit.QueryTest" time="0.011"/>
  <testcase name="date-1 - Added type : xsd:date &apos;=&apos;" classname="org.apache.jena.sparql.junit.QueryTest" time="0.004"/>
  <testcase name="date-2 - Added type : xsd:date &apos;!=&apos;" classname="org.apache.jena.sparql.junit.QueryTest" time="0.01"/>
  <testcase name="date-3 - Added type : xsd:date &apos;&gt;&apos;" classname="org.apache.jena.sparql.junit.QueryTest" time="0.005"/>
  <testcase name="date-4 - xsd:date ORDER BY" classname="org.apache.jena.sparql.junit.QueryTest" time="0.005"/>
  <testcase name="open-cmp-01 - Find things that compare with &lt; or &gt;" classname="org.apache.jena.sparql.junit.QueryTest" time="0.008"/>
  <testcase name="open-cmp-02 - Find things that compare with &lt;= and &gt;" classname="org.apache.jena.sparql.junit.QueryTest" time="0.007"/>
  <testcase name="Function - unknown" classname="org.apache.jena.sparql.junit.QueryTest" time="0.005"/>
  <testcase name="Function - known, registered" classname="org.apache.jena.sparql.junit.QueryTest" time="0.003"/>
  <testcase name="Function - loaded as &lt;java:&gt;" classname="org.apache.jena.sparql.junit.QueryTest" time="0.007"/>
  <testcase name="Function - loaded via known library prefix" classname="org.apache.jena.sparql.junit.QueryTest" time="0.007"/>
  <testcase name="Lang 1" classname="org.apache.jena.sparql.junit.QueryTest" time="0.003"/>
  <testcase name="Lang 2" classname="org.apache.jena.sparql.junit.QueryTest" time="0.005"/>
  <testcase name="sha1sum 1" classname="org.apache.jena.sparql.junit.QueryTest" time="0.009"/>
  <testcase name="sha1sum 2" classname="org.apache.jena.sparql.junit.QueryTest" time="0.008"/>
  <testcase name="substring - 1" classname="org.apache.jena.sparql.junit.QueryTest" time="0.007"/>
  <testcase name="substring - 2" classname="org.apache.jena.sparql.junit.QueryTest" time="0.009"/>
  <testcase name="substring - 3" classname="org.apache.jena.sparql.junit.QueryTest" time="0.003"/>
  <testcase name="strlen - 1" classname="org.apache.jena.sparql.junit.QueryTest" time="0.005"/>
  <testcase name="strlen - 2" classname="org.apache.jena.sparql.junit.QueryTest" time="0.002"/>
  <testcase name="Localname - 1" classname="org.apache.jena.sparql.junit.QueryTest" time="0.014"/>
  <testcase name="Namespace - 1" classname="org.apache.jena.sparql.junit.QueryTest" time="0.016"/>
  <testcase name="Concat - 1" classname="org.apache.jena.sparql.junit.QueryTest" time="0.002"/>
  <testcase name="Concat - 2" classname="org.apache.jena.sparql.junit.QueryTest" time="0.002"/>
  <testcase name="strjoin - 1" classname="org.apache.jena.sparql.junit.QueryTest" time="0.007"/>
  <testcase name="strjoin - 2" classname="org.apache.jena.sparql.junit.QueryTest" time="0.004"/>
  <testcase name="Property Function - list 1" classname="org.apache.jena.sparql.junit.QueryTest" time="0.011"/>
  <testcase name="Property Function - list 2" classname="org.apache.jena.sparql.junit.QueryTest" time="0.003"/>
  <testcase name="Property Function - list 3" classname="org.apache.jena.sparql.junit.QueryTest" time="0.006"/>
  <testcase name="Property Function - list 4" classname="org.apache.jena.sparql.junit.QueryTest" time="0.003"/>
  <testcase name="Property Function - list 5" classname="org.apache.jena.sparql.junit.QueryTest" time="0.005"/>
  <testcase name="Property Function - list 6" classname="org.apache.jena.sparql.junit.QueryTest" time="0.008"/>
  <testcase name="Property Function - list 7" classname="org.apache.jena.sparql.junit.QueryTest" time="0.002"/>
  <testcase name="Property Function - list 8" classname="org.apache.jena.sparql.junit.QueryTest" time="0.004"/>
  <testcase name="Property Function - list 9" classname="org.apache.jena.sparql.junit.QueryTest" time="0.008"/>
  <testcase name="Property Function - list length 1" classname="org.apache.jena.sparql.junit.QueryTest" time="0.006"/>
  <testcase name="Property Function - list length 2" classname="org.apache.jena.sparql.junit.QueryTest" time="0.012"/>
  <testcase name="Property Function - list length 3" classname="org.apache.jena.sparql.junit.QueryTest" time="0.02"/>
  <testcase name="Property Function - list index 1" classname="org.apache.jena.sparql.junit.QueryTest" time="0.003"/>
  <testcase name="Property Function - list index 2" classname="org.apache.jena.sparql.junit.QueryTest" time="0.004"/>
  <testcase name="Property Function - list index 3" classname="org.apache.jena.sparql.junit.QueryTest" time="0.002"/>
  <testcase name="Property Function - list index 4" classname="org.apache.jena.sparql.junit.QueryTest" time="0.008"/>
  <testcase name="Property Function - list index 5" classname="org.apache.jena.sparql.junit.QueryTest" time="0.003"/>
  <testcase name="Property Function - list index 6" classname="org.apache.jena.sparql.junit.QueryTest" time="0.008"/>
  <testcase name="Property Function - list index 7" classname="org.apache.jena.sparql.junit.QueryTest" time="0.003"/>
  <testcase name="Property Function - list index 8" classname="org.apache.jena.sparql.junit.QueryTest" time="0.006"/>
  <testcase name="Property Function - list index 9" classname="org.apache.jena.sparql.junit.QueryTest" time="0.006"/>
  <testcase name="Property Function - container 1" classname="org.apache.jena.sparql.junit.QueryTest" time="0.009"/>
  <testcase name="Property Function - container 2" classname="org.apache.jena.sparql.junit.QueryTest" time="0.008"/>
  <testcase name="Property Function - container 3" classname="org.apache.jena.sparql.junit.QueryTest" time="0.006"/>
  <testcase name="Property Function - container 4" classname="org.apache.jena.sparql.junit.QueryTest" time="0.009"/>
  <testcase name="Property Function - container 5" classname="org.apache.jena.sparql.junit.QueryTest" time="0.007"/>
  <testcase name="Property Function - container 6" classname="org.apache.jena.sparql.junit.QueryTest" time="0.002"/>
  <testcase name="Property Function - container 7" classname="org.apache.jena.sparql.junit.QueryTest" time="0.005"/>
  <testcase name="Property Function - container 8" classname="org.apache.jena.sparql.junit.QueryTest" time="0.002"/>
  <testcase name="Property Function - container 9" classname="org.apache.jena.sparql.junit.QueryTest" time="0.007"/>
  <testcase name="Property Function - sequence 1" classname="org.apache.jena.sparql.junit.QueryTest" time="0.007"/>
  <testcase name="Property Function - splitIRI 1" classname="org.apache.jena.sparql.junit.QueryTest" time="0.011"/>
  <testcase name="Property Function - splitIRI 2" classname="org.apache.jena.sparql.junit.QueryTest" time="0.003"/>
  <testcase name="Property Function - splitIRI 3" classname="org.apache.jena.sparql.junit.QueryTest" time="0.005"/>
  <testcase name="Property Function - splitIRI 4" classname="org.apache.jena.sparql.junit.QueryTest" time="0.002"/>
  <testcase name="Property Function - splitIRI 5" classname="org.apache.jena.sparql.junit.QueryTest" time="0.003"/>
  <testcase name="Property Function - splitIRI 6" classname="org.apache.jena.sparql.junit.QueryTest" time="0.003"/>
  <testcase name="Property Function - splitIRI 7" classname="org.apache.jena.sparql.junit.QueryTest" time="0.004"/>
  <testcase name="Property Function - splitIRI 8" classname="org.apache.jena.sparql.junit.QueryTest" time="0.004"/>
  <testcase name="Property Function - splitIRI 9" classname="org.apache.jena.sparql.junit.QueryTest" time="0.004"/>
  <testcase name="Property Function - Assign 1" classname="org.apache.jena.sparql.junit.QueryTest" time="0.004"/>
  <testcase name="Property Function - Assign 2" classname="org.apache.jena.sparql.junit.QueryTest" time="0.004"/>
  <testcase name="Property Function - Assign 3" classname="org.apache.jena.sparql.junit.QueryTest" time="0.004"/>
  <testcase name="Property Function - Assign 4" classname="org.apache.jena.sparql.junit.QueryTest" time="0.004"/>
  <testcase name="Property Function - Assign 5" classname="org.apache.jena.sparql.junit.QueryTest" time="0.002"/>
  <testcase name="Property Function - Assign 6 [via java:]" classname="org.apache.jena.sparql.junit.QueryTest" time="0.006"/>
  <testcase name="Property Function - str" classname="org.apache.jena.sparql.junit.QueryTest" time="0.002"/>
  <testcase name="Property Function - concat" classname="org.apache.jena.sparql.junit.QueryTest" time="0.007"/>
  <testcase name="tP-double-double" classname="org.apache.jena.sparql.junit.QueryTest" time="0.008"/>
  <testcase name="tP-double-float" classname="org.apache.jena.sparql.junit.QueryTest" time="0.002"/>
  <testcase name="tP-double-decimal" classname="org.apache.jena.sparql.junit.QueryTest" time="0.002"/>
  <testcase name="tP-float-float" classname="org.apache.jena.sparql.junit.QueryTest" time="0.003"/>
  <testcase name="tP-float-decimal" classname="org.apache.jena.sparql.junit.QueryTest" time="0.011"/>
  <testcase name="tP-decimal-decimal" classname="org.apache.jena.sparql.junit.QueryTest" time="0.015"/>
  <testcase name="tP-integer-short" classname="org.apache.jena.sparql.junit.QueryTest" time="0.002"/>
  <testcase name="tP-nonPositiveInteger-short" classname="org.apache.jena.sparql.junit.QueryTest" time="0.002"/>
  <testcase name="tP-negativeInteger-short" classname="org.apache.jena.sparql.junit.QueryTest" time="0.007"/>
  <testcase name="tP-long-short" classname="org.apache.jena.sparql.junit.QueryTest" time="0.006"/>
  <testcase name="tP-int-short" classname="org.apache.jena.sparql.junit.QueryTest" time="0.002"/>
  <testcase name="tP-short-short" classname="org.apache.jena.sparql.junit.QueryTest" time="0.006"/>
  <testcase name="tP-byte-short" classname="org.apache.jena.sparql.junit.QueryTest" time="0.002"/>
  <testcase name="tP-nonNegativeInteger-short" classname="org.apache.jena.sparql.junit.QueryTest" time="0.005"/>
  <testcase name="tP-unsignedLong-short" classname="org.apache.jena.sparql.junit.QueryTest" time="0.003"/>
  <testcase name="tP-unsignedInt-short" classname="org.apache.jena.sparql.junit.QueryTest" time="0.005"/>
  <testcase name="tP-unsignedShort-short" classname="org.apache.jena.sparql.junit.QueryTest" time="0.002"/>
  <testcase name="tP-unsignedByte-short" classname="org.apache.jena.sparql.junit.QueryTest" time="0.007"/>
  <testcase name="tP-positiveInteger-short" classname="org.apache.jena.sparql.junit.QueryTest" time="0.002"/>
  <testcase name="tP-short-double" classname="org.apache.jena.sparql.junit.QueryTest" time="0.006"/>
  <testcase name="tP-short-float" classname="org.apache.jena.sparql.junit.QueryTest" time="0.006"/>
  <testcase name="tP-short-decimal" classname="org.apache.jena.sparql.junit.QueryTest" time="0.002"/>
  <testcase name="tP-short-short-fail" classname="org.apache.jena.sparql.junit.QueryTest" time="0.007"/>
  <testcase name="tP-byte-short-fail" classname="org.apache.jena.sparql.junit.QueryTest" time="0.002"/>
  <testcase name="tP-short-long-fail" classname="org.apache.jena.sparql.junit.QueryTest" time="0.002"/>
  <testcase name="tP-short-int-fail" classname="org.apache.jena.sparql.junit.QueryTest" time="0.007"/>
  <testcase name="tP-short-byte-fail" classname="org.apache.jena.sparql.junit.QueryTest" time="0.006"/>
  <testcase name="tP-double-float-fail" classname="org.apache.jena.sparql.junit.QueryTest" time="0.002"/>
  <testcase name="tP-double-decimal-fail" classname="org.apache.jena.sparql.junit.QueryTest" time="0.002"/>
  <testcase name="tP-float-decimal-fail" classname="org.apache.jena.sparql.junit.QueryTest" time="0.003"/>
  <testcase name="sort-1" classname="org.apache.jena.sparql.junit.QueryTest" time="0.024"/>
  <testcase name="sort-2" classname="org.apache.jena.sparql.junit.QueryTest" time="0.008"/>
  <testcase name="sort-3" classname="org.apache.jena.sparql.junit.QueryTest" time="0.013"/>
  <testcase name="sort-4" classname="org.apache.jena.sparql.junit.QueryTest" time="0.013"/>
  <testcase name="sort-5" classname="org.apache.jena.sparql.junit.QueryTest" time="0.014"/>
  <testcase name="sort-6" classname="org.apache.jena.sparql.junit.QueryTest" time="0.016"/>
  <testcase name="sort-7" classname="org.apache.jena.sparql.junit.QueryTest" time="0.007"/>
  <testcase name="sort-8" classname="org.apache.jena.sparql.junit.QueryTest" time="0.015"/>
  <testcase name="sort-9" classname="org.apache.jena.sparql.junit.QueryTest" time="0.005"/>
  <testcase name="sort-10" classname="org.apache.jena.sparql.junit.QueryTest" time="0.012"/>
  <testcase name="extendedType-eq-pass" classname="org.apache.jena.sparql.junit.QueryTest" time="0.004"/>
  <testcase name="extendedType-ne-fail" classname="org.apache.jena.sparql.junit.QueryTest" time="0.004"/>
  <testcase name="extendedType-literal-eq" classname="org.apache.jena.sparql.junit.QueryTest" time="0.001"/>
  <testcase name="extendedType-literal-ne" classname="org.apache.jena.sparql.junit.QueryTest" time="0.007"/>
  <testcase name="extendedType-graph" classname="org.apache.jena.sparql.junit.QueryTest" time="0.002"/>
  <testcase name="typePromotion-decimal-decimal-pass" classname="org.apache.jena.sparql.junit.QueryTest" time="0.006"/>
  <testcase name="typePromotion-decimal-decimal-fail" classname="org.apache.jena.sparql.junit.QueryTest" time="0.002"/>
  <testcase name="boolean-equiv-FALSE" classname="org.apache.jena.sparql.junit.QueryTest" time="0.006"/>
  <testcase name="boolean-equiv-TRUE" classname="org.apache.jena.sparql.junit.QueryTest" time="0.002"/>
  <testcase name="boolean-equiv-xsdType" classname="org.apache.jena.sparql.junit.QueryTest" time="0.009"/>
  <testcase name="boolean-logical-OR" classname="org.apache.jena.sparql.junit.QueryTest" time="0.003"/>
  <testcase name="boolean-false-canonical" classname="org.apache.jena.sparql.junit.QueryTest" time="0.001"/>
  <testcase name="boolean-true-canonical" classname="org.apache.jena.sparql.junit.QueryTest" time="0.003"/>
  <testcase name="boolean-EBV-canonical" classname="org.apache.jena.sparql.junit.QueryTest" time="0.006"/>
  <testcase name="xsd-string-lt" classname="org.apache.jena.sparql.junit.QueryTest" time="0.006"/>
  <testcase name="xsd-string-gt" classname="org.apache.jena.sparql.junit.QueryTest" time="0.006"/>
  <testcase name="No modifiers [numbers]" classname="org.apache.jena.sparql.junit.QueryTest" time="0.008"/>
  <testcase name="Modifier DISTINCT" classname="org.apache.jena.sparql.junit.QueryTest" time="0.002"/>
  <testcase name="Modifier ORDER BY [numbers]" classname="org.apache.jena.sparql.junit.QueryTest" time="0.006"/>
  <testcase name="Modifier DISTINCT and ORDER BY [numbers]" classname="org.apache.jena.sparql.junit.QueryTest" time="0.003"/>
[...]
  <testcase name="Path-10" classname="org.apache.jena.sparql.junit.QueryTest" time="0.002"/>
  <testcase name="Path-11" classname="org.apache.jena.sparql.junit.QueryTest" time="0.008"/>
  <testcase name="Path-20" classname="org.apache.jena.sparql.junit.QueryTest" time="0.006"/>
  <testcase name="Path-21" classname="org.apache.jena.sparql.junit.QueryTest" time="0.004"/>
  <testcase name="Path-22" classname="org.apache.jena.sparql.junit.QueryTest" time="0.004"/>
  <testcase name="Negation-01" classname="org.apache.jena.sparql.junit.QueryTest" time="0.006"/>
  <testcase name="Negation-02" classname="org.apache.jena.sparql.junit.QueryTest" time="0.002"/>
  <testcase name="Negation-03" classname="org.apache.jena.sparql.junit.QueryTest" time="0.006"/>
  <testcase name="Negation-04" classname="org.apache.jena.sparql.junit.QueryTest" time="0.002"/>
  <testcase name="Negation-05" classname="org.apache.jena.sparql.junit.QueryTest" time="0.005"/>
  <testcase name="Negation-06" classname="org.apache.jena.sparql.junit.QueryTest" time="0.001"/>
  <testcase name="Negation-07" classname="org.apache.jena.sparql.junit.QueryTest" time="0.001"/>
  <testcase name="Negation-08" classname="org.apache.jena.sparql.junit.QueryTest" time="0.007"/>
  <testcase name="substitution-projection [JENA-707]" classname="org.apache.jena.sparql.junit.QueryTest" time="0.002"/>
  <testcase name="syn-01.rq" classname="org.apache.jena.sparql.junit.TestSerialization" time="0.026"/>
  <testcase name="syn-02.rq" classname="org.apache.jena.sparql.junit.TestSerialization" time="0.001"/>
  <testcase name="syn-03.rq" classname="org.apache.jena.sparql.junit.TestSerialization" time="0.004"/>
  <testcase name="syn-04.rq" classname="org.apache.jena.sparql.junit.TestSerialization" time="0.002"/>
  <testcase name="syn-05.rq" classname="org.apache.jena.sparql.junit.TestSerialization" time="0.038"/>
  <testcase name="syn-06.rq" classname="org.apache.jena.sparql.junit.TestSerialization" time="0.003"/>
  <testcase name="syn-07.rq" classname="org.apache.jena.sparql.junit.TestSerialization" time="0.005"/>
  <testcase name="syn-08.rq" classname="org.apache.jena.sparql.junit.TestSerialization" time="0.001"/>
  <testcase name="syntax-basic-01.rq" classname="org.apache.jena.sparql.junit.TestSerialization" time="0.007"/>
  <testcase name="syntax-basic-02.rq" classname="org.apache.jena.sparql.junit.TestSerialization" time="0.001"/>
  <testcase name="syntax-basic-03.rq" classname="org.apache.jena.sparql.junit.TestSerialization" time="0.001"/>
  <testcase name="syntax-basic-04.rq" classname="org.apache.jena.sparql.junit.TestSerialization" time="0.002"/>
  <testcase name="syntax-basic-05.rq" classname="org.apache.jena.sparql.junit.TestSerialization" time="0.002"/>
  <testcase name="syntax-basic-06.rq" classname="org.apache.jena.sparql.junit.TestSerialization" time="0.002"/>
  <testcase name="syntax-bnode-01.rq" classname="org.apache.jena.sparql.junit.TestSerialization" time="0.001"/>
  <testcase name="syntax-bnode-02.rq" classname="org.apache.jena.sparql.junit.TestSerialization" time="0.027"/>
  <testcase name="syntax-bnode-03.rq" classname="org.apache.jena.sparql.junit.TestSerialization" time="0.001"/>
  <testcase name="syntax-bnodes-01.rq" classname="org.apache.jena.sparql.junit.TestSerialization" time="0.001"/>
  <testcase name="syntax-bnodes-02.rq" classname="org.apache.jena.sparql.junit.TestSerialization" time="0.002"/>
  <testcase name="syntax-bnodes-03.rq" classname="org.apache.jena.sparql.junit.TestSerialization" time="0.004"/>
  <testcase name="syntax-bnodes-04.rq" classname="org.apache.jena.sparql.junit.TestSerialization" time="0.002"/>
  <testcase name="syntax-bnodes-05.rq" classname="org.apache.jena.sparql.junit.TestSerialization" time="0.001"/>
  <testcase name="syntax-dataset-01.rq" classname="org.apache.jena.sparql.junit.TestSerialization" time="0.004"/>
  <testcase name="syntax-dataset-02.rq" classname="org.apache.jena.sparql.junit.TestSerialization" time="0.001"/>
  <testcase name="syntax-dataset-03.rq" classname="org.apache.jena.sparql.junit.TestSerialization" time="0.002"/>
  <testcase name="syntax-dataset-04.rq" classname="org.apache.jena.sparql.junit.TestSerialization" time="0.004"/>
  <testcase name="syntax-esc-01.rq" classname="org.apache.jena.sparql.junit.TestSerialization" time="0.002"/>
  <testcase name="syntax-esc-02.rq" classname="org.apache.jena.sparql.junit.TestSerialization" time="0.002"/>
  <testcase name="syntax-esc-03.rq" classname="org.apache.jena.sparql.junit.TestSerialization" time="0.004"/>
  <testcase name="syntax-esc-04.rq" classname="org.apache.jena.sparql.junit.TestSerialization" time="0.008"/>
  <testcase name="syntax-esc-05.rq" classname="org.apache.jena.sparql.junit.TestSerialization" time="0.002"/>
  <testcase name="syntax-expr-01.rq" classname="org.apache.jena.sparql.junit.TestSerialization" time="0.001"/>
  <testcase name="syntax-expr-02.rq" classname="org.apache.jena.sparql.junit.TestSerialization" time="0.002"/>
  <testcase name="syntax-expr-03.rq" classname="org.apache.jena.sparql.junit.TestSerialization" time="0.004"/>
  <testcase name="syntax-expr-04.rq" classname="org.apache.jena.sparql.junit.TestSerialization" time="0.001"/>
  <testcase name="syntax-expr-05.rq" classname="org.apache.jena.sparql.junit.TestSerialization" time="0.007"/>
  <testcase name="syntax-form-ask-02.rq" classname="org.apache.jena.sparql.junit.TestSerialization" time="0.001"/>
  <testcase name="syntax-form-construct01.rq" classname="org.apache.jena.sparql.junit.TestSerialization" time="0.001"/>
  <testcase name="syntax-form-construct02.rq" classname="org.apache.jena.sparql.junit.TestSerialization" time="0.002"/>
  <testcase name="syntax-form-construct03.rq" classname="org.apache.jena.sparql.junit.TestSerialization" time="0.005"/>
  <testcase name="syntax-form-construct04.rq" classname="org.apache.jena.sparql.junit.TestSerialization" time="0.001"/>
  <testcase name="syntax-form-construct06.rq" classname="org.apache.jena.sparql.junit.TestSerialization" time="0"/>
  <testcase name="syntax-form-describe01.rq" classname="org.apache.jena.sparql.junit.TestSerialization" time="0.005"/>
  <testcase name="syntax-form-describe02.rq" classname="org.apache.jena.sparql.junit.TestSerialization" time="0.004"/>
  <testcase name="syntax-forms-01.rq" classname="org.apache.jena.sparql.junit.TestSerialization" time="0.008"/>
  <testcase name="syntax-forms-02.rq" classname="org.apache.jena.sparql.junit.TestSerialization" time="0.003"/>
  <testcase name="syntax-form-select-01.rq" classname="org.apache.jena.sparql.junit.TestSerialization" time="0"/>
  <testcase name="syntax-form-select-02.rq" classname="org.apache.jena.sparql.junit.TestSerialization" time="0"/>
  <testcase name="syntax-function-01.rq" classname="org.apache.jena.sparql.junit.TestSerialization" time="0.003"/>
  <testcase name="syntax-function-02.rq" classname="org.apache.jena.sparql.junit.TestSerialization" time="0.001"/>
  <testcase name="syntax-function-03.rq" classname="org.apache.jena.sparql.junit.TestSerialization" time="0.003"/>
  <testcase name="syntax-function-04.rq" classname="org.apache.jena.sparql.junit.TestSerialization" time="0.004"/>
  <testcase name="syntax-general-01.rq" classname="org.apache.jena.sparql.junit.TestSerialization" time="0.005"/>
  <testcase name="syntax-general-02.rq" classname="org.apache.jena.sparql.junit.TestSerialization" time="0.001"/>
  <testcase name="syntax-general-03.rq" classname="org.apache.jena.sparql.junit.TestSerialization" time="0.001"/>
  <testcase name="syntax-general-04.rq" classname="org.apache.jena.sparql.junit.TestSerialization" time="0.001"/>
  <testcase name="syntax-general-05.rq" classname="org.apache.jena.sparql.junit.TestSerialization" time="0.001"/>
  <testcase name="syntax-general-06.rq" classname="org.apache.jena.sparql.junit.TestSerialization" time="0.005"/>
  <testcase name="syntax-general-07.rq" classname="org.apache.jena.sparql.junit.TestSerialization" time="0.001"/>
  <testcase name="syntax-general-08.rq" classname="org.apache.jena.sparql.junit.TestSerialization" time="0.001"/>
  <testcase name="syntax-general-09.rq" classname="org.apache.jena.sparql.junit.TestSerialization" time="0.002"/>
  <testcase name="syntax-general-10.rq" classname="org.apache.jena.sparql.junit.TestSerialization" time="0.003"/>
  <testcase name="syntax-general-11.rq" classname="org.apache.jena.sparql.junit.TestSerialization" time="0.001"/>
  <testcase name="syntax-general-12.rq" classname="org.apache.jena.sparql.junit.TestSerialization" time="0.002"/>
  <testcase name="syntax-general-13.rq" classname="org.apache.jena.sparql.junit.TestSerialization" time="0.012"/>
  <testcase name="syntax-general-14.rq" classname="org.apache.jena.sparql.junit.TestSerialization" time="0.002"/>
  <testcase name="syntax-graph-01.rq" classname="org.apache.jena.sparql.junit.TestSerialization" time="0.002"/>
  <testcase name="syntax-graph-02.rq" classname="org.apache.jena.sparql.junit.TestSerialization" time="0.004"/>
  <testcase name="syntax-graph-03.rq" classname="org.apache.jena.sparql.junit.TestSerialization" time="0.001"/>
  <testcase name="syntax-graph-04.rq" classname="org.apache.jena.sparql.junit.TestSerialization" time="0.002"/>
  <testcase name="syntax-graph-05.rq" classname="org.apache.jena.sparql.junit.TestSerialization" time="0.006"/>
  <testcase name="syntax-keywords-01.rq" classname="org.apache.jena.sparql.junit.TestSerialization" time="0.001"/>
  <testcase name="syntax-keywords-02.rq" classname="org.apache.jena.sparql.junit.TestSerialization" time="0.002"/>
  <testcase name="syntax-keywords-03.rq" classname="org.apache.jena.sparql.junit.TestSerialization" time="0.005"/>
  <testcase name="syntax-limit-offset-08.rq" classname="org.apache.jena.sparql.junit.TestSerialization" time="0.004"/>
  <testcase name="syntax-limit-offset-09.rq" classname="org.apache.jena.sparql.junit.TestSerialization" time="0.001"/>
  <testcase name="syntax-limit-offset-10.rq" classname="org.apache.jena.sparql.junit.TestSerialization" time="0.003"/>
  <testcase name="syntax-limit-offset-11.rq" classname="org.apache.jena.sparql.junit.TestSerialization" time="0.003"/>
  <testcase name="syntax-lists-01.rq" classname="org.apache.jena.sparql.junit.TestSerialization" time="0.005"/>
  <testcase name="syntax-lists-02.rq" classname="org.apache.jena.sparql.junit.TestSerialization" time="0.001"/>
  <testcase name="syntax-lists-03.rq" classname="org.apache.jena.sparql.junit.TestSerialization" time="0.001"/>
  <testcase name="syntax-lists-04.rq" classname="org.apache.jena.sparql.junit.TestSerialization" time="0.002"/>
  <testcase name="syntax-lists-05.rq" classname="org.apache.jena.sparql.junit.TestSerialization" time="0.003"/>
  <testcase name="syntax-lit-01.rq" classname="org.apache.jena.sparql.junit.TestSerialization" time="0.003"/>
  <testcase name="syntax-lit-02.rq" classname="org.apache.jena.sparql.junit.TestSerialization" time="0.004"/>
  <testcase name="syntax-lit-03.rq" classname="org.apache.jena.sparql.junit.TestSerialization" time="0.001"/>
  <testcase name="syntax-lit-04.rq" classname="org.apache.jena.sparql.junit.TestSerialization" time="0.001"/>
  <testcase name="syntax-lit-05.rq" classname="org.apache.jena.sparql.junit.TestSerialization" time="0.001"/>
  <testcase name="syntax-lit-06.rq" classname="org.apache.jena.sparql.junit.TestSerialization" time="0.007"/>
  <testcase name="syntax-lit-07.rq" classname="org.apache.jena.sparql.junit.TestSerialization" time="0.002"/>
  <testcase name="syntax-lit-08.rq" classname="org.apache.jena.sparql.junit.TestSerialization" time="0"/>
  <testcase name="syntax-lit-09.rq" classname="org.apache.jena.sparql.junit.TestSerialization" time="0.002"/>
  <testcase name="syntax-lit-10.rq" classname="org.apache.jena.sparql.junit.TestSerialization" time="0.002"/>
  <testcase name="syntax-lit-11.rq" classname="org.apache.jena.sparql.junit.TestSerialization" time="0.001"/>
  <testcase name="syntax-lit-12.rq" classname="org.apache.jena.sparql.junit.TestSerialization" time="0.001"/>
  <testcase name="syntax-lit-13.rq" classname="org.apache.jena.sparql.junit.TestSerialization" time="0.005"/>
  <testcase name="syntax-lit-14.rq" classname="org.apache.jena.sparql.junit.TestSerialization" time="0.001"/>
  <testcase name="syntax-lit-15.rq" classname="org.apache.jena.sparql.junit.TestSerialization" time="0.001"/>
  <testcase name="syntax-lit-16.rq" classname="org.apache.jena.sparql.junit.TestSerialization" time="0.001"/>
  <testcase name="syntax-lit-17.rq" classname="org.apache.jena.sparql.junit.TestSerialization" time="0.004"/>
  <testcase name="syntax-lit-18.rq" classname="org.apache.jena.sparql.junit.TestSerialization" time="0.001"/>
  <testcase name="syntax-lit-19.rq" classname="org.apache.jena.sparql.junit.TestSerialization" time="0.002"/>
  <testcase name="syntax-lit-20.rq" classname="org.apache.jena.sparql.junit.TestSerialization" time="0.001"/>
  <testcase name="syntax-order-01.rq" classname="org.apache.jena.sparql.junit.TestSerialization" time="0.001"/>
  <testcase name="syntax-order-02.rq" classname="org.apache.jena.sparql.junit.TestSerialization" time="0.004"/>
  <testcase name="syntax-order-03.rq" classname="org.apache.jena.sparql.junit.TestSerialization" time="0.001"/>
  <testcase name="syntax-order-04.rq" classname="org.apache.jena.sparql.junit.TestSerialization" time="0.001"/>
  <testcase name="syntax-order-05.rq" classname="org.apache.jena.sparql.junit.TestSerialization" time="0.005"/>
  <testcase name="syntax-order-06.rq" classname="org.apache.jena.sparql.junit.TestSerialization" time="0.002"/>
  <testcase name="syntax-order-07.rq" classname="org.apache.jena.sparql.junit.TestSerialization" time="0.005"/>
  <testcase name="syntax-order-08.rq" classname="org.apache.jena.sparql.junit.TestSerialization" time="0.006"/>
  <testcase name="syntax-order-09.rq" classname="org.apache.jena.sparql.junit.TestSerialization" time="0.001"/>
  <testcase name="syntax-pat-01.rq" classname="org.apache.jena.sparql.junit.TestSerialization" time="0.002"/>
  <testcase name="syntax-pat-02.rq" classname="org.apache.jena.sparql.junit.TestSerialization" time="0.002"/>
  <testcase name="syntax-pat-03.rq" classname="org.apache.jena.sparql.junit.TestSerialization" time="0.005"/>
  <testcase name="syntax-pat-04.rq" classname="org.apache.jena.sparql.junit.TestSerialization" time="0.001"/>
  <testcase name="syntax-path-01.rq" classname="org.apache.jena.sparql.junit.TestSerialization" time="0.003"/>
  <testcase name="syntax-path-02.rq" classname="org.apache.jena.sparql.junit.TestSerialization" time="0.005"/>
  <testcase name="syntax-path-03.rq" classname="org.apache.jena.sparql.junit.TestSerialization" time="0.001"/>
  <testcase name="syntax-path-04.rq" classname="org.apache.jena.sparql.junit.TestSerialization" time="0.002"/>
  <testcase name="syntax-path-05.rq" classname="org.apache.jena.sparql.junit.TestSerialization" time="0.002"/>
  <testcase name="syntax-path-06.rq" classname="org.apache.jena.sparql.junit.TestSerialization" time="0.005"/>
  <testcase name="syntax-qname-01.rq" classname="org.apache.jena.sparql.junit.TestSerialization" time="0.003"/>
  <testcase name="syntax-qname-02.rq" classname="org.apache.jena.sparql.junit.TestSerialization" time="0.001"/>
  <testcase name="syntax-qname-03.rq" classname="org.apache.jena.sparql.junit.TestSerialization" time="0.001"/>
  <testcase name="syntax-qname-04.rq" classname="org.apache.jena.sparql.junit.TestSerialization" time="0.003"/>
  <testcase name="syntax-qname-05.rq" classname="org.apache.jena.sparql.junit.TestSerialization" time="0.001"/>
  <testcase name="syntax-qname-06.rq" classname="org.apache.jena.sparql.junit.TestSerialization" time="0.01"/>
  <testcase name="syntax-qname-07.rq" classname="org.apache.jena.sparql.junit.TestSerialization" time="0"/>
  <testcase name="syntax-qname-08.rq" classname="org.apache.jena.sparql.junit.TestSerialization" time="0.002"/>
  <testcase name="syntax-struct-01.rq" classname="org.apache.jena.sparql.junit.TestSerialization" time="0"/>
  <testcase name="syntax-struct-02.rq" classname="org.apache.jena.sparql.junit.TestSerialization" time="0.003"/>
  <testcase name="syntax-struct-03.rq" classname="org.apache.jena.sparql.junit.TestSerialization" time="0.005"/>
  <testcase name="syntax-struct-05.rq" classname="org.apache.jena.sparql.junit.TestSerialization" time="0.002"/>
  <testcase name="syntax-struct-06.rq" classname="org.apache.jena.sparql.junit.TestSerialization" time="0.002"/>
  <testcase name="syntax-struct-07.rq" classname="org.apache.jena.sparql.junit.TestSerialization" time="0.005"/>
  <testcase name="syntax-struct-08.rq" classname="org.apache.jena.sparql.junit.TestSerialization" time="0.001"/>
  <testcase name="syntax-struct-09.rq" classname="org.apache.jena.sparql.junit.TestSerialization" time="0.005"/>
  <testcase name="syntax-struct-10.rq" classname="org.apache.jena.sparql.junit.TestSerialization" time="0.002"/>
  <testcase name="syntax-struct-11.rq" classname="org.apache.jena.sparql.junit.TestSerialization" time="0.001"/>
  <testcase name="syntax-struct-12.rq" classname="org.apache.jena.sparql.junit.TestSerialization" time="0.001"/>
  <testcase name="syntax-struct-13.rq" classname="org.apache.jena.sparql.junit.TestSerialization" time="0.004"/>
  <testcase name="syntax-struct-14.rq" classname="org.apache.jena.sparql.junit.TestSerialization" time="0.002"/>
  <testcase name="syntax-subselect-01.rq" classname="org.apache.jena.sparql.junit.TestSerialization" time="0.001"/>
  <testcase name="syntax-subselect-02.rq" classname="org.apache.jena.sparql.junit.TestSerialization" time="0.004"/>
  <testcase name="syntax-subselect-03.rq" classname="org.apache.jena.sparql.junit.TestSerialization" time="0.002"/>
  <testcase name="syntax-subselect-04.rq" classname="org.apache.jena.sparql.junit.TestSerialization" time="0.006"/>
  <testcase name="syntax-union-01.rq" classname="org.apache.jena.sparql.junit.TestSerialization" time="0.001"/>
  <testcase name="syntax-union-02.rq" classname="org.apache.jena.sparql.junit.TestSerialization" time="0.006"/>
  <testcase name="syntax-assign-01.arq" classname="org.apache.jena.sparql.junit.TestSerialization" time="0.003"/>
  <testcase name="syntax-assign-02.arq" classname="org.apache.jena.sparql.junit.TestSerialization" time="0.002"/>
  <testcase name="syntax-count-01.arq" classname="org.apache.jena.sparql.junit.TestSerialization" time="0.006"/>
  <testcase name="syntax-count-02.arq" classname="org.apache.jena.sparql.junit.TestSerialization" time="0.002"/>
  <testcase name="syntax-count-03.arq" classname="org.apache.jena.sparql.junit.TestSerialization" time="0.004"/>
  <testcase name="syntax-count-04.arq" classname="org.apache.jena.sparql.junit.TestSerialization" time="0.003"/>
  <testcase name="syntax-group-01.arq" classname="org.apache.jena.sparql.junit.TestSerialization" time="0.001"/>
  <testcase name="syntax-group-02.arq" classname="org.apache.jena.sparql.junit.TestSerialization" time="0.002"/>
  <testcase name="syntax-select-expr-01.arq" classname="org.apache.jena.sparql.junit.TestSerialization" time="0.005"/>
  <testcase name="syntax-select-expr-02.arq" classname="org.apache.jena.sparql.junit.TestSerialization" time="0.001"/>
  <testcase name="syntax-select-expr-03.arq" classname="org.apache.jena.sparql.junit.TestSerialization" time="0.002"/>
  <testcase name="syntax-service-01.arq" classname="org.apache.jena.sparql.junit.TestSerialization" time="0.003"/>
  <testcase name="syntax-subselect-10.arq" classname="org.apache.jena.sparql.junit.TestSerialization" time="0.002"/>
  <testcase name="syntax-subselect-11.arq" classname="org.apache.jena.sparql.junit.TestSerialization" time="0.001"/>
  <testcase name="syntax-subselect-12.arq" classname="org.apache.jena.sparql.junit.TestSerialization" time="0.003"/>
  <testcase name="syntax-subselect-13.arq" classname="org.apache.jena.sparql.junit.TestSerialization" time="0.005"/>
</testsuite>