<?xml version="1.0" encoding="UTF-8"?>
<testsuite xmlns:xsi="http://www.w3.org/2001/XMLSchema-instance" xsi:schemaLocation="https://maven.apache.org/surefire/maven-surefire-plugin/xsd/surefire-test-report.xsd" name="org.apache.jena.query.spatial.TS_Spatial" time="5.64" tests="53" errors="0" skipped="0" failures="0">
  <properties>
[...]
</properties>
  <testcase name="testArgumentListSize" classname="org.apache.jena.query.spatial.pfunction.lucene.TestIsWithinCirclePFWithLuceneSpatialIndex" time="2.103"/>
  <testcase name="testMultipleResults" classname="org.apache.jena.query.spatial.pfunction.lucene.TestIsWithinCirclePFWithLuceneSpatialIndex" time="0.113"/>
  <testcase name="testOneSimpleResult" classname="org.apache.jena.query.spatial.pfunction.lucene.TestIsWithinCirclePFWithLuceneSpatialIndex" time="0.054"/>
  <testcase name="testLatLongBound" classname="org.apache.jena.query.spatial.pfunction.lucene.TestIsWithinCirclePFWithLuceneSpatialIndex" time="0.069"/>
  <testcase name="testSearchLimitsResults" classname="org.apache.jena.query.spatial.pfunction.lucene.TestIsWithinCirclePFWithLuceneSpatialIndex" time="0.158"/>
  <testcase name="testDistanceUnits" classname="org.apache.jena.query.spatial.pfunction.lucene.TestIsWithinCirclePFWithLuceneSpatialIndex" time="0.37"/>
  <testcase name="testArgumentListSize" classname="org.apache.jena.query.spatial.pfunction.lucene.TestIsNearByPFWithLuceneSpatialIndex" time="0.043"/>
  <testcase name="testMultipleResults" classname="org.apache.jena.query.spatial.pfunction.lucene.TestIsNearByPFWithLuceneSpatialIndex" time="0.036"/>
  <testcase name="testOneSimpleResult" classname="org.apache.jena.query.spatial.pfunction.lucene.TestIsNearByPFWithLuceneSpatialIndex" time="0.035"/>
  <testcase name="testLatLongBound" classname="org.apache.jena.query.spatial.pfunction.lucene.TestIsNearByPFWithLuceneSpatialIndex" time="0.035"/>
  <testcase name="testSearchLimitsResults" classname="org.apache.jena.query.spatial.pfunction.lucene.TestIsNearByPFWithLuceneSpatialIndex" time="0.085"/>
  <testcase name="testDistanceUnits" classname="org.apache.jena.query.spatial.pfunction.lucene.TestIsNearByPFWithLuceneSpatialIndex" time="0.225"/>
  <testcase name="testArgumentListSize" classname="org.apache.jena.query.spatial.pfunction.lucene.TestIsWithinBoxPFWithLuceneSpatialIndex" time="0.028"/>
  <testcase name="testMultipleResults" classname="org.apache.jena.query.spatial.pfunction.lucene.TestIsWithinBoxPFWithLuceneSpatialIndex" time="0.033"/>
  <testcase name="testOneSimpleResult" classname="org.apache.jena.query.spatial.pfunction.lucene.TestIsWithinBoxPFWithLuceneSpatialIndex" time="0.033"/>
  <testcase name="testSearchLimitsResults" classname="org.apache.jena.query.spatial.pfunction.lucene.TestIsWithinBoxPFWithLuceneSpatialIndex" time="0.063"/>
  <testcase name="testArgumentListSize" classname="org.apache.jena.query.spatial.pfunction.lucene.TestIntersectsBoxPFWithLuceneSpatialIndex" time="0.031"/>
  <testcase name="testMultipleResults" classname="org.apache.jena.query.spatial.pfunction.lucene.TestIntersectsBoxPFWithLuceneSpatialIndex" time="0.037"/>
  <testcase name="testOneSimpleResult" classname="org.apache.jena.query.spatial.pfunction.lucene.TestIntersectsBoxPFWithLuceneSpatialIndex" time="0.028"/>
  <testcase name="testSearchLimitsResults" classname="org.apache.jena.query.spatial.pfunction.lucene.TestIntersectsBoxPFWithLuceneSpatialIndex" time="0.063"/>
  <testcase name="testArgumentListSize" classname="org.apache.jena.query.spatial.pfunction.lucene.TestNorthPFWithLuceneSpatialIndex" time="0.034"/>
  <testcase name="testMultipleResults" classname="org.apache.jena.query.spatial.pfunction.lucene.TestNorthPFWithLuceneSpatialIndex" time="0.029"/>
  <testcase name="testOneSimpleResult" classname="org.apache.jena.query.spatial.pfunction.lucene.TestNorthPFWithLuceneSpatialIndex" time="0.028"/>
  <testcase name="testSearchLimitsResults" classname="org.apache.jena.query.spatial.pfunction.lucene.TestNorthPFWithLuceneSpatialIndex" time="0.06"/>
  <testcase name="testArgumentListSize" classname="org.apache.jena.query.spatial.pfunction.lucene.TestSouthPFWithLuceneSpatialIndex" time="0.025"/>
  <testcase name="testMultipleResults" classname="org.apache.jena.query.spatial.pfunction.lucene.TestSouthPFWithLuceneSpatialIndex" time="0.031"/>
  <testcase name="testOneSimpleResult" classname="org.apache.jena.query.spatial.pfunction.lucene.TestSouthPFWithLuceneSpatialIndex" time="0.022"/>
  <testcase name="testSearchLimitsResults" classname="org.apache.jena.query.spatial.pfunction.lucene.TestSouthPFWithLuceneSpatialIndex" time="0.057"/>
  <testcase name="testArgumentListSize" classname="org.apache.jena.query.spatial.pfunction.lucene.TestEastPFWithLuceneSpatialIndex" time="0.028"/>
  <testcase name="testMultipleResults" classname="org.apache.jena.query.spatial.pfunction.lucene.TestEastPFWithLuceneSpatialIndex" time="0.027"/>
  <testcase name="testOneSimpleResult" classname="org.apache.jena.query.spatial.pfunction.lucene.TestEastPFWithLuceneSpatialIndex" time="0.019"/>
  <testcase name="testSearchLimitsResults" classname="org.apache.jena.query.spatial.pfunction.lucene.TestEastPFWithLuceneSpatialIndex" time="0.059"/>
  <testcase name="testArgumentListSize" classname="org.apache.jena.query.spatial.pfunction.lucene.TestWestPFWithLuceneSpatialIndex" time="0.028"/>
  <testcase name="testMultipleResults" classname="org.apache.jena.query.spatial.pfunction.lucene.TestWestPFWithLuceneSpatialIndex" time="0.027"/>
  <testcase name="testOneSimpleResult" classname="org.apache.jena.query.spatial.pfunction.lucene.TestWestPFWithLuceneSpatialIndex" time="0.017"/>
  <testcase name="testSearchLimitsResults" classname="org.apache.jena.query.spatial.pfunction.lucene.TestWestPFWithLuceneSpatialIndex" time="0.084"/>
  <testcase name="testMultipleResults" classname="org.apache.jena.query.spatial.TestTDBDatasetWithLuceneSpatialIndex" time="0.328"/>
  <testcase name="testOneSimpleResult" classname="org.apache.jena.query.spatial.TestTDBDatasetWithLuceneSpatialIndex" time="0.051"/>
  <testcase name="testIndexingStringLiteral" classname="org.apache.jena.query.spatial.TestIndexingSpatialDataWithLucene" time="0.039"/>
  <testcase name="testIndexingWKTLiteral" classname="org.apache.jena.query.spatial.TestIndexingSpatialDataWithLucene" time="0.041"/>
  <testcase name="EntityHasSpatialContextFactory" classname="org.apache.jena.query.spatial.assembler.TestEntityDefinitionAssembler" time="0.035"/>
  <testcase name="EntityHasEntityField" classname="org.apache.jena.query.spatial.assembler.TestEntityDefinitionAssembler" time="0.014"/>
  <testcase name="errorOnNoGeoField" classname="org.apache.jena.query.spatial.assembler.TestEntityDefinitionAssembler" time="0.001"/>
  <testcase name="EntityHasPair" classname="org.apache.jena.query.spatial.assembler.TestEntityDefinitionAssembler" time="0.02"/>
  <testcase name="EntityHasMultiplePairsAndWKTs" classname="org.apache.jena.query.spatial.assembler.TestEntityDefinitionAssembler" time="0.025"/>
  <testcase name="EntityHasWKT" classname="org.apache.jena.query.spatial.assembler.TestEntityDefinitionAssembler" time="0.017"/>
  <testcase name="EntityHasGeoield" classname="org.apache.jena.query.spatial.assembler.TestEntityDefinitionAssembler" time="0.013"/>
  <testcase name="errorOnNoEntityField" classname="org.apache.jena.query.spatial.assembler.TestEntityDefinitionAssembler" time="0.005"/>
  <testcase name="testErrorOnNoDataset" classname="org.apache.jena.query.spatial.assembler.TestSpatialDatasetAssembler" time="0.394"/>
  <testcase name="testErrorOnNoIndex" classname="org.apache.jena.query.spatial.assembler.TestSpatialDatasetAssembler" time="0.022"/>
  <testcase name="testSimpleDatasetAssembler" classname="org.apache.jena.query.spatial.assembler.TestSpatialDatasetAssembler" time="0.037"/>
  <testcase name="testIndexHasEntityMap" classname="org.apache.jena.query.spatial.assembler.TestSpatialIndexLuceneAssembler" time="0.031"/>
  <testcase name="testEqualsAndHashcode" classname="org.apache.jena.query.spatial.TestSpatialPredicatePairValue" time="0.001"/>
</testsuite>