<?xml version="1.0" encoding="UTF-8"?>
<testsuite xmlns:xsi="http://www.w3.org/2001/XMLSchema-instance" xsi:schemaLocation="https://maven.apache.org/surefire/maven-surefire-plugin/xsd/surefire-test-report.xsd" name="org.apache.jena.permissions.model.SecuredSeqTest" time="0.976" tests="1408" errors="0" skipped="0" failures="0">
  <properties>
[...]
</properties>
  <testcase name="testGetFloat[C:true R:true U:true D:true force:true]" classname="org.apache.jena.permissions.model.SecuredSeqTest" time="0.007"/>
  <testcase name="testGetShort[C:true R:true U:true D:true force:true]" classname="org.apache.jena.permissions.model.SecuredSeqTest" time="0.001"/>
  <testcase name="testAdd[C:true R:true U:true D:true force:true]" classname="org.apache.jena.permissions.model.SecuredSeqTest" time="0.002"/>
  <testcase name="testSet[C:true R:true U:true D:true force:true]" classname="org.apache.jena.permissions.model.SecuredSeqTest" time="0.001"/>
  <testcase name="testGetByte[C:true R:true U:true D:true force:true]" classname="org.apache.jena.permissions.model.SecuredSeqTest" time="0"/>
  <testcase name="testGetChar[C:true R:true U:true D:true force:true]" classname="org.apache.jena.permissions.model.SecuredSeqTest" time="0.001"/>
  <testcase name="testGetLong[C:true R:true U:true D:true force:true]" classname="org.apache.jena.permissions.model.SecuredSeqTest" time="0"/>
  <testcase name="testGetLanguage[C:true R:true U:true D:true force:true]" classname="org.apache.jena.permissions.model.SecuredSeqTest" time="0.001"/>
  <testcase name="testGetBoolean[C:true R:true U:true D:true force:true]" classname="org.apache.jena.permissions.model.SecuredSeqTest" time="0"/>
  <testcase name="testGetLiteral[C:true R:true U:true D:true force:true]" classname="org.apache.jena.permissions.model.SecuredSeqTest" time="0"/>
  <testcase name="testGetDouble[C:true R:true U:true D:true force:true]" classname="org.apache.jena.permissions.model.SecuredSeqTest" time="0.001"/>
  <testcase name="testGetResource[C:true R:true U:true D:true force:true]" classname="org.apache.jena.permissions.model.SecuredSeqTest" time="0"/>
  <testcase name="testGetObject[C:true R:true U:true D:true force:true]" classname="org.apache.jena.permissions.model.SecuredSeqTest" time="0.001"/>
  <testcase name="testGetAlt[C:true R:true U:true D:true force:true]" classname="org.apache.jena.permissions.model.SecuredSeqTest" time="0.002"/>
  <testcase name="testGetBag[C:true R:true U:true D:true force:true]" classname="org.apache.jena.permissions.model.SecuredSeqTest" time="0.001"/>
  <testcase name="testGetInt[C:true R:true U:true D:true force:true]" classname="org.apache.jena.permissions.model.SecuredSeqTest" time="0.004"/>
  <testcase name="testGetSeq[C:true R:true U:true D:true force:true]" classname="org.apache.jena.permissions.model.SecuredSeqTest" time="0"/>
  <testcase name="testGetString[C:true R:true U:true D:true force:true]" classname="org.apache.jena.permissions.model.SecuredSeqTest" time="0.001"/>
  <testcase name="testIndexOf[C:true R:true U:true D:true force:true]" classname="org.apache.jena.permissions.model.SecuredSeqTest" time="0.002"/>
  <testcase name="testRemove[C:true R:true U:true D:true force:true]" classname="org.apache.jena.permissions.model.SecuredSeqTest" time="0"/>
  <testcase name="test[C:true R:true U:true D:true force:true]" classname="org.apache.jena.permissions.model.SecuredSeqTest" time="0"/>
  <testcase name="testContains[C:true R:true U:true D:true force:true]" classname="org.apache.jena.permissions.model.SecuredSeqTest" time="0.002"/>
  <testcase name="testIterator[C:true R:true U:true D:true force:true]" classname="org.apache.jena.permissions.model.SecuredSeqTest" time="0"/>
  <testcase name="testAddLiteralBoolean[C:true R:true U:true D:true force:true]" classname="org.apache.jena.permissions.model.SecuredSeqTest" time="0.001"/>
  <testcase name="testAnonFuncs[C:true R:true U:true D:true force:true]" classname="org.apache.jena.permissions.model.SecuredSeqTest" time="0"/>
  <testcase name="testRemoveProperties[C:true R:true U:true D:true force:true]" classname="org.apache.jena.permissions.model.SecuredSeqTest" time="0"/>
  <testcase name="testAsResource[C:true R:true U:true D:true force:true]" classname="org.apache.jena.permissions.model.SecuredSeqTest" time="0"/>
  <testcase name="testListProperties[C:true R:true U:true D:true force:true]" classname="org.apache.jena.permissions.model.SecuredSeqTest" time="0.001"/>
  <testcase name="testGetProperty[C:true R:true U:true D:true force:true]" classname="org.apache.jena.permissions.model.SecuredSeqTest" time="0"/>
  <testcase name="testGetPropertyWithLang[C:true R:true U:true D:true force:true]" classname="org.apache.jena.permissions.model.SecuredSeqTest" time="0"/>
  <testcase name="testHasProperty[C:true R:true U:true D:true force:true]" classname="org.apache.jena.permissions.model.SecuredSeqTest" time="0"/>
  <testcase name="testListPropertiesWithLang[C:true R:true U:true D:true force:true]" classname="org.apache.jena.permissions.model.SecuredSeqTest" time="0.001"/>
  <testcase name="testEquals[C:true R:true U:true D:true force:true]" classname="org.apache.jena.permissions.model.SecuredSeqTest" time="0"/>
  <testcase name="testGetURI[C:true R:true U:true D:true force:true]" classname="org.apache.jena.permissions.model.SecuredSeqTest" time="0"/>
  <testcase name="testHasURI[C:true R:true U:true D:true force:true]" classname="org.apache.jena.permissions.model.SecuredSeqTest" time="0"/>
  <testcase name="testHasLiteral[C:true R:true U:true D:true force:true]" classname="org.apache.jena.permissions.model.SecuredSeqTest" time="0.001"/>
  <testcase name="testAddProperty[C:true R:true U:true D:true force:true]" classname="org.apache.jena.permissions.model.SecuredSeqTest" time="0"/>
  <testcase name="testGetRequiredProperty[C:true R:true U:true D:true force:true]" classname="org.apache.jena.permissions.model.SecuredSeqTest" time="0"/>
  <testcase name="testGetRequiredPropertyWithLang[C:true R:true U:true D:true force:true]" classname="org.apache.jena.permissions.model.SecuredSeqTest" time="0.001"/>
  <testcase name="testRemoveAll[C:true R:true U:true D:true force:true]" classname="org.apache.jena.permissions.model.SecuredSeqTest" time="0"/>
  <testcase name="testGetModel[C:true R:true U:true D:true force:true]" classname="org.apache.jena.permissions.model.SecuredSeqTest" time="0"/>
  <testcase name="testCanAs[C:true R:true U:true D:true force:true]" classname="org.apache.jena.permissions.model.SecuredSeqTest" time="0"/>
  <testcase name="testAsNode[C:true R:true U:true D:true force:true]" classname="org.apache.jena.permissions.model.SecuredSeqTest" time="0.001"/>
  <testcase name="testInModel[C:true R:true U:true D:true force:true]" classname="org.apache.jena.permissions.model.SecuredSeqTest" time="0"/>
  <testcase name="testGetFloat[C:true R:true U:true D:true force:false]" classname="org.apache.jena.permissions.model.SecuredSeqTest" time="0"/>
  <testcase name="testGetShort[C:true R:true U:true D:true force:false]" classname="org.apache.jena.permissions.model.SecuredSeqTest" time="0.001"/>
  <testcase name="testAdd[C:true R:true U:true D:true force:false]" classname="org.apache.jena.permissions.model.SecuredSeqTest" time="0.001"/>
  <testcase name="testSet[C:true R:true U:true D:true force:false]" classname="org.apache.jena.permissions.model.SecuredSeqTest" time="0"/>
  <testcase name="testGetByte[C:true R:true U:true D:true force:false]" classname="org.apache.jena.permissions.model.SecuredSeqTest" time="0.001"/>
  <testcase name="testGetChar[C:true R:true U:true D:true force:false]" classname="org.apache.jena.permissions.model.SecuredSeqTest" time="0"/>
  <testcase name="testGetLong[C:true R:true U:true D:true force:false]" classname="org.apache.jena.permissions.model.SecuredSeqTest" time="0"/>
  <testcase name="testGetLanguage[C:true R:true U:true D:true force:false]" classname="org.apache.jena.permissions.model.SecuredSeqTest" time="0.001"/>
  <testcase name="testGetBoolean[C:true R:true U:true D:true force:false]" classname="org.apache.jena.permissions.model.SecuredSeqTest" time="0"/>
  <testcase name="testGetLiteral[C:true R:true U:true D:true force:false]" classname="org.apache.jena.permissions.model.SecuredSeqTest" time="0"/>
  <testcase name="testGetDouble[C:true R:true U:true D:true force:false]" classname="org.apache.jena.permissions.model.SecuredSeqTest" time="0"/>
  <testcase name="testGetResource[C:true R:true U:true D:true force:false]" classname="org.apache.jena.permissions.model.SecuredSeqTest" time="0.001"/>
  <testcase name="testGetObject[C:true R:true U:true D:true force:false]" classname="org.apache.jena.permissions.model.SecuredSeqTest" time="0"/>
  <testcase name="testGetAlt[C:true R:true U:true D:true force:false]" classname="org.apache.jena.permissions.model.SecuredSeqTest" time="0"/>
  <testcase name="testGetBag[C:true R:true U:true D:true force:false]" classname="org.apache.jena.permissions.model.SecuredSeqTest" time="0"/>
  <testcase name="testGetInt[C:true R:true U:true D:true force:false]" classname="org.apache.jena.permissions.model.SecuredSeqTest" time="0"/>
  <testcase name="testGetSeq[C:true R:true U:true D:true force:false]" classname="org.apache.jena.permissions.model.SecuredSeqTest" time="0"/>
  <testcase name="testGetString[C:true R:true U:true D:true force:false]" classname="org.apache.jena.permissions.model.SecuredSeqTest" time="0"/>
  <testcase name="testIndexOf[C:true R:true U:true D:true force:false]" classname="org.apache.jena.permissions.model.SecuredSeqTest" time="0.001"/>
  <testcase name="testRemove[C:true R:true U:true D:true force:false]" classname="org.apache.jena.permissions.model.SecuredSeqTest" time="0.001"/>
  <testcase name="test[C:true R:true U:true D:true force:false]" classname="org.apache.jena.permissions.model.SecuredSeqTest" time="0"/>
  <testcase name="testContains[C:true R:true U:true D:true force:false]" classname="org.apache.jena.permissions.model.SecuredSeqTest" time="0.005"/>
  <testcase name="testIterator[C:true R:true U:true D:true force:false]" classname="org.apache.jena.permissions.model.SecuredSeqTest" time="0"/>
  <testcase name="testAddLiteralBoolean[C:true R:true U:true D:true force:false]" classname="org.apache.jena.permissions.model.SecuredSeqTest" time="0.001"/>
  <testcase name="testAnonFuncs[C:true R:true U:true D:true force:false]" classname="org.apache.jena.permissions.model.SecuredSeqTest" time="0"/>
  <testcase name="testRemoveProperties[C:true R:true U:true D:true force:false]" classname="org.apache.jena.permissions.model.SecuredSeqTest" time="0"/>
  <testcase name="testAsResource[C:true R:true U:true D:true force:false]" classname="org.apache.jena.permissions.model.SecuredSeqTest" time="0"/>
  <testcase name="testListProperties[C:true R:true U:true D:true force:false]" classname="org.apache.jena.permissions.model.SecuredSeqTest" time="0.001"/>
  <testcase name="testGetProperty[C:true R:true U:true D:true force:false]" classname="org.apache.jena.permissions.model.SecuredSeqTest" time="0"/>
  <testcase name="testGetPropertyWithLang[C:true R:true U:true D:true force:false]" classname="org.apache.jena.permissions.model.SecuredSeqTest" time="0"/>
  <testcase name="testHasProperty[C:true R:true U:true D:true force:false]" classname="org.apache.jena.permissions.model.SecuredSeqTest" time="0.001"/>
  <testcase name="testListPropertiesWithLang[C:true R:true U:true D:true force:false]" classname="org.apache.jena.permissions.model.SecuredSeqTest" time="0"/>
  <testcase name="testEquals[C:true R:true U:true D:true force:false]" classname="org.apache.jena.permissions.model.SecuredSeqTest" time="0"/>
  <testcase name="testGetURI[C:true R:true U:true D:true force:false]" classname="org.apache.jena.permissions.model.SecuredSeqTest" time="0"/>
  <testcase name="testHasURI[C:true R:true U:true D:true force:false]" classname="org.apache.jena.permissions.model.SecuredSeqTest" time="0.001"/>
  <testcase name="testHasLiteral[C:true R:true U:true D:true force:false]" classname="org.apache.jena.permissions.model.SecuredSeqTest" time="0"/>
  <testcase name="testAddProperty[C:true R:true U:true D:true force:false]" classname="org.apache.jena.permissions.model.SecuredSeqTest" time="0"/>
  <testcase name="testGetRequiredProperty[C:true R:true U:true D:true force:false]" classname="org.apache.jena.permissions.model.SecuredSeqTest" time="0.001"/>
  <testcase name="testGetRequiredPropertyWithLang[C:true R:true U:true D:true force:false]" classname="org.apache.jena.permissions.model.SecuredSeqTest" time="0"/>
  <testcase name="testRemoveAll[C:true R:true U:true D:true force:false]" classname="org.apache.jena.permissions.model.SecuredSeqTest" time="0"/>
  <testcase name="testGetModel[C:true R:true U:true D:true force:false]" classname="org.apache.jena.permissions.model.SecuredSeqTest" time="0"/>
  <testcase name="testCanAs[C:true R:true U:true D:true force:false]" classname="org.apache.jena.permissions.model.SecuredSeqTest" time="0.001"/>
  <testcase name="testAsNode[C:true R:true U:true D:true force:false]" classname="org.apache.jena.permissions.model.SecuredSeqTest" time="0"/>
  <testcase name="testInModel[C:true R:true U:true D:true force:false]" classname="org.apache.jena.permissions.model.SecuredSeqTest" time="0"/>
  <testcase name="testGetFloat[C:true R:true U:true D:false force:true]" classname="org.apache.jena.permissions.model.SecuredSeqTest" time="0"/>
  <testcase name="testGetShort[C:true R:true U:true D:false force:true]" classname="org.apache.jena.permissions.model.SecuredSeqTest" time="0.001"/>
  <testcase name="testAdd[C:true R:true U:true D:false force:true]" classname="org.apache.jena.permissions.model.SecuredSeqTest" time="0.004"/>
  <testcase name="testSet[C:true R:true U:true D:false force:true]" classname="org.apache.jena.permissions.model.SecuredSeqTest" time="0.001"/>
  <testcase name="testGetByte[C:true R:true U:true D:false force:true]" classname="org.apache.jena.permissions.model.SecuredSeqTest" time="0"/>
  <testcase name="testGetChar[C:true R:true U:true D:false force:true]" classname="org.apache.jena.permissions.model.SecuredSeqTest" time="0"/>
  <testcase name="testGetLong[C:true R:true U:true D:false force:true]" classname="org.apache.jena.permissions.model.SecuredSeqTest" time="0"/>
  <testcase name="testGetLanguage[C:true R:true U:true D:false force:true]" classname="org.apache.jena.permissions.model.SecuredSeqTest" time="0"/>
  <testcase name="testGetBoolean[C:true R:true U:true D:false force:true]" classname="org.apache.jena.permissions.model.SecuredSeqTest" time="0"/>
  <testcase name="testGetLiteral[C:true R:true U:true D:false force:true]" classname="org.apache.jena.permissions.model.SecuredSeqTest" time="0"/>
  <testcase name="testGetDouble[C:true R:true U:true D:false force:true]" classname="org.apache.jena.permissions.model.SecuredSeqTest" time="0"/>
  <testcase name="testGetResource[C:true R:true U:true D:false force:true]" classname="org.apache.jena.permissions.model.SecuredSeqTest" time="0"/>
  <testcase name="testGetObject[C:true R:true U:true D:false force:true]" classname="org.apache.jena.permissions.model.SecuredSeqTest" time="0"/>
  <testcase name="testGetAlt[C:true R:true U:true D:false force:true]" classname="org.apache.jena.permissions.model.SecuredSeqTest" time="0"/>
  <testcase name="testGetBag[C:true R:true U:true D:false force:true]" classname="org.apache.jena.permissions.model.SecuredSeqTest" time="0"/>
  <testcase name="testGetInt[C:true R:true U:true D:false force:true]" classname="org.apache.jena.permissions.model.SecuredSeqTest" time="0"/>
  <testcase name="testGetSeq[C:true R:true U:true D:false force:true]" classname="org.apache.jena.permissions.model.SecuredSeqTest" time="0"/>
  <testcase name="testGetString[C:true R:true U:true D:false force:true]" classname="org.apache.jena.permissions.model.SecuredSeqTest" time="0.001"/>
  <testcase name="testIndexOf[C:true R:true U:true D:false force:true]" classname="org.apache.jena.permissions.model.SecuredSeqTest" time="0"/>
  <testcase name="testRemove[C:true R:true U:true D:false force:true]" classname="org.apache.jena.permissions.model.SecuredSeqTest" time="0.001"/>
  <testcase name="test[C:true R:true U:true D:false force:true]" classname="org.apache.jena.permissions.model.SecuredSeqTest" time="0"/>
  <testcase name="testContains[C:true R:true U:true D:false force:true]" classname="org.apache.jena.permissions.model.SecuredSeqTest" time="0.001"/>
  <testcase name="testIterator[C:true R:true U:true D:false force:true]" classname="org.apache.jena.permissions.model.SecuredSeqTest" time="0"/>
  <testcase name="testAddLiteralBoolean[C:true R:true U:true D:false force:true]" classname="org.apache.jena.permissions.model.SecuredSeqTest" time="0.001"/>
  <testcase name="testAnonFuncs[C:true R:true U:true D:false force:true]" classname="org.apache.jena.permissions.model.SecuredSeqTest" time="0"/>
  <testcase name="testRemoveProperties[C:true R:true U:true D:false force:true]" classname="org.apache.jena.permissions.model.SecuredSeqTest" time="0"/>
  <testcase name="testAsResource[C:true R:true U:true D:false force:true]" classname="org.apache.jena.permissions.model.SecuredSeqTest" time="0"/>
  <testcase name="testListProperties[C:true R:true U:true D:false force:true]" classname="org.apache.jena.permissions.model.SecuredSeqTest" time="0.001"/>
  <testcase name="testGetProperty[C:true R:true U:true D:false force:true]" classname="org.apache.jena.permissions.model.SecuredSeqTest" time="0"/>
  <testcase name="testGetPropertyWithLang[C:true R:true U:true D:false force:true]" classname="org.apache.jena.permissions.model.SecuredSeqTest" time="0"/>
  <testcase name="testHasProperty[C:true R:true U:true D:false force:true]" classname="org.apache.jena.permissions.model.SecuredSeqTest" time="0"/>
  <testcase name="testListPropertiesWithLang[C:true R:true U:true D:false force:true]" classname="org.apache.jena.permissions.model.SecuredSeqTest" time="0.001"/>
  <testcase name="testEquals[C:true R:true U:true D:false force:true]" classname="org.apache.jena.permissions.model.SecuredSeqTest" time="0"/>
  <testcase name="testGetURI[C:true R:true U:true D:false force:true]" classname="org.apache.jena.permissions.model.SecuredSeqTest" time="0"/>
  <testcase name="testHasURI[C:true R:true U:true D:false force:true]" classname="org.apache.jena.permissions.model.SecuredSeqTest" time="0"/>
  <testcase name="testHasLiteral[C:true R:true U:true D:false force:true]" classname="org.apache.jena.permissions.model.SecuredSeqTest" time="0.001"/>
  <testcase name="testAddProperty[C:true R:true U:true D:false force:true]" classname="org.apache.jena.permissions.model.SecuredSeqTest" time="0"/>
  <testcase name="testGetRequiredProperty[C:true R:true U:true D:false force:true]" classname="org.apache.jena.permissions.model.SecuredSeqTest" time="0.001"/>
  <testcase name="testGetRequiredPropertyWithLang[C:true R:true U:true D:false force:true]" classname="org.apache.jena.permissions.model.SecuredSeqTest" time="0.001"/>
  <testcase name="testRemoveAll[C:true R:true U:true D:false force:true]" classname="org.apache.jena.permissions.model.SecuredSeqTest" time="0.001"/>
  <testcase name="testGetModel[C:true R:true U:true D:false force:true]" classname="org.apache.jena.permissions.model.SecuredSeqTest" time="0"/>
  <testcase name="testCanAs[C:true R:true U:true D:false force:true]" classname="org.apache.jena.permissions.model.SecuredSeqTest" time="0"/>
  <testcase name="testAsNode[C:true R:true U:true D:false force:true]" classname="org.apache.jena.permissions.model.SecuredSeqTest" time="0.001"/>
  <testcase name="testInModel[C:true R:true U:true D:false force:true]" classname="org.apache.jena.permissions.model.SecuredSeqTest" time="0"/>
  <testcase name="testGetFloat[C:true R:true U:true D:false force:false]" classname="org.apache.jena.permissions.model.SecuredSeqTest" time="0"/>
  <testcase name="testGetShort[C:true R:true U:true D:false force:false]" classname="org.apache.jena.permissions.model.SecuredSeqTest" time="0.001"/>
  <testcase name="testAdd[C:true R:true U:true D:false force:false]" classname="org.apache.jena.permissions.model.SecuredSeqTest" time="0.001"/>
  <testcase name="testSet[C:true R:true U:true D:false force:false]" classname="org.apache.jena.permissions.model.SecuredSeqTest" time="0.001"/>
  <testcase name="testGetByte[C:true R:true U:true D:false force:false]" classname="org.apache.jena.permissions.model.SecuredSeqTest" time="0"/>
  <testcase name="testGetChar[C:true R:true U:true D:false force:false]" classname="org.apache.jena.permissions.model.SecuredSeqTest" time="0.001"/>
  <testcase name="testGetLong[C:true R:true U:true D:false force:false]" classname="org.apache.jena.permissions.model.SecuredSeqTest" time="0"/>
  <testcase name="testGetLanguage[C:true R:true U:true D:false force:false]" classname="org.apache.jena.permissions.model.SecuredSeqTest" time="0"/>
  <testcase name="testGetBoolean[C:true R:true U:true D:false force:false]" classname="org.apache.jena.permissions.model.SecuredSeqTest" time="0"/>
  <testcase name="testGetLiteral[C:true R:true U:true D:false force:false]" classname="org.apache.jena.permissions.model.SecuredSeqTest" time="0.001"/>
  <testcase name="testGetDouble[C:true R:true U:true D:false force:false]" classname="org.apache.jena.permissions.model.SecuredSeqTest" time="0"/>
  <testcase name="testGetResource[C:true R:true U:true D:false force:false]" classname="org.apache.jena.permissions.model.SecuredSeqTest" time="0"/>
  <testcase name="testGetObject[C:true R:true U:true D:false force:false]" classname="org.apache.jena.permissions.model.SecuredSeqTest" time="0"/>
  <testcase name="testGetAlt[C:true R:true U:true D:false force:false]" classname="org.apache.jena.permissions.model.SecuredSeqTest" time="0.001"/>
  <testcase name="testGetBag[C:true R:true U:true D:false force:false]" classname="org.apache.jena.permissions.model.SecuredSeqTest" time="0"/>
  <testcase name="testGetInt[C:true R:true U:true D:false force:false]" classname="org.apache.jena.permissions.model.SecuredSeqTest" time="0"/>
  <testcase name="testGetSeq[C:true R:true U:true D:false force:false]" classname="org.apache.jena.permissions.model.SecuredSeqTest" time="0"/>
  <testcase name="testGetString[C:true R:true U:true D:false force:false]" classname="org.apache.jena.permissions.model.SecuredSeqTest" time="0.001"/>
  <testcase name="testIndexOf[C:true R:true U:true D:false force:false]" classname="org.apache.jena.permissions.model.SecuredSeqTest" time="0.002"/>
  <testcase name="testRemove[C:true R:true U:true D:false force:false]" classname="org.apache.jena.permissions.model.SecuredSeqTest" time="0"/>
  <testcase name="test[C:true R:true U:true D:false force:false]" classname="org.apache.jena.permissions.model.SecuredSeqTest" time="0"/>
  <testcase name="testContains[C:true R:true U:true D:false force:false]" classname="org.apache.jena.permissions.model.SecuredSeqTest" time="0.001"/>
  <testcase name="testIterator[C:true R:true U:true D:false force:false]" classname="org.apache.jena.permissions.model.SecuredSeqTest" time="0"/>
  <testcase name="testAddLiteralBoolean[C:true R:true U:true D:false force:false]" classname="org.apache.jena.permissions.model.SecuredSeqTest" time="0"/>
  <testcase name="testAnonFuncs[C:true R:true U:true D:false force:false]" classname="org.apache.jena.permissions.model.SecuredSeqTest" time="0.001"/>
  <testcase name="testRemoveProperties[C:true R:true U:true D:false force:false]" classname="org.apache.jena.permissions.model.SecuredSeqTest" time="0"/>
  <testcase name="testAsResource[C:true R:true U:true D:false force:false]" classname="org.apache.jena.permissions.model.SecuredSeqTest" time="0"/>
  <testcase name="testListProperties[C:true R:true U:true D:false force:false]" classname="org.apache.jena.permissions.model.SecuredSeqTest" time="0"/>
  <testcase name="testGetProperty[C:true R:true U:true D:false force:false]" classname="org.apache.jena.permissions.model.SecuredSeqTest" time="0.001"/>
  <testcase name="testGetPropertyWithLang[C:true R:true U:true D:false force:false]" classname="org.apache.jena.permissions.model.SecuredSeqTest" time="0"/>
  <testcase name="testHasProperty[C:true R:true U:true D:false force:false]" classname="org.apache.jena.permissions.model.SecuredSeqTest" time="0.001"/>
  <testcase name="testListPropertiesWithLang[C:true R:true U:true D:false force:false]" classname="org.apache.jena.permissions.model.SecuredSeqTest" time="0"/>
  <testcase name="testEquals[C:true R:true U:true D:false force:false]" classname="org.apache.jena.permissions.model.SecuredSeqTest" time="0"/>
  <testcase name="testGetURI[C:true R:true U:true D:false force:false]" classname="org.apache.jena.permissions.model.SecuredSeqTest" time="0"/>
  <testcase name="testHasURI[C:true R:true U:true D:false force:false]" classname="org.apache.jena.permissions.model.SecuredSeqTest" time="0.001"/>
  <testcase name="testHasLiteral[C:true R:true U:true D:false force:false]" classname="org.apache.jena.permissions.model.SecuredSeqTest" time="0"/>
  <testcase name="testAddProperty[C:true R:true U:true D:false force:false]" classname="org.apache.jena.permissions.model.SecuredSeqTest" time="0.001"/>
  <testcase name="testGetRequiredProperty[C:true R:true U:true D:false force:false]" classname="org.apache.jena.permissions.model.SecuredSeqTest" time="0"/>
  <testcase name="testGetRequiredPropertyWithLang[C:true R:true U:true D:false force:false]" classname="org.apache.jena.permissions.model.SecuredSeqTest" time="0"/>
  <testcase name="testRemoveAll[C:true R:true U:true D:false force:false]" classname="org.apache.jena.permissions.model.SecuredSeqTest" time="0"/>
  <testcase name="testGetModel[C:true R:true U:true D:false force:false]" classname="org.apache.jena.permissions.model.SecuredSeqTest" time="0"/>
  <testcase name="testCanAs[C:true R:true U:true D:false force:false]" classname="org.apache.jena.permissions.model.SecuredSeqTest" time="0"/>
  <testcase name="testAsNode[C:true R:true U:true D:false force:false]" classname="org.apache.jena.permissions.model.SecuredSeqTest" time="0.001"/>
  <testcase name="testInModel[C:true R:true U:true D:false force:false]" classname="org.apache.jena.permissions.model.SecuredSeqTest" time="0"/>
  <testcase name="testGetFloat[C:true R:true U:false D:true force:true]" classname="org.apache.jena.permissions.model.SecuredSeqTest" time="0.001"/>
  <testcase name="testGetShort[C:true R:true U:false D:true force:true]" classname="org.apache.jena.permissions.model.SecuredSeqTest" time="0"/>
  <testcase name="testAdd[C:true R:true U:false D:true force:true]" classname="org.apache.jena.permissions.model.SecuredSeqTest" time="0"/>
  <testcase name="testSet[C:true R:true U:false D:true force:true]" classname="org.apache.jena.permissions.model.SecuredSeqTest" time="0"/>
  <testcase name="testGetByte[C:true R:true U:false D:true force:true]" classname="org.apache.jena.permissions.model.SecuredSeqTest" time="0"/>
  <testcase name="testGetChar[C:true R:true U:false D:true force:true]" classname="org.apache.jena.permissions.model.SecuredSeqTest" time="0.001"/>
  <testcase name="testGetLong[C:true R:true U:false D:true force:true]" classname="org.apache.jena.permissions.model.SecuredSeqTest" time="0"/>
  <testcase name="testGetLanguage[C:true R:true U:false D:true force:true]" classname="org.apache.jena.permissions.model.SecuredSeqTest" time="0"/>
  <testcase name="testGetBoolean[C:true R:true U:false D:true force:true]" classname="org.apache.jena.permissions.model.SecuredSeqTest" time="0.001"/>
  <testcase name="testGetLiteral[C:true R:true U:false D:true force:true]" classname="org.apache.jena.permissions.model.SecuredSeqTest" time="0"/>
  <testcase name="testGetDouble[C:true R:true U:false D:true force:true]" classname="org.apache.jena.permissions.model.SecuredSeqTest" time="0"/>
  <testcase name="testGetResource[C:true R:true U:false D:true force:true]" classname="org.apache.jena.permissions.model.SecuredSeqTest" time="0.005"/>
  <testcase name="testGetObject[C:true R:true U:false D:true force:true]" classname="org.apache.jena.permissions.model.SecuredSeqTest" time="0"/>
  <testcase name="testGetAlt[C:true R:true U:false D:true force:true]" classname="org.apache.jena.permissions.model.SecuredSeqTest" time="0"/>
  <testcase name="testGetBag[C:true R:true U:false D:true force:true]" classname="org.apache.jena.permissions.model.SecuredSeqTest" time="0"/>
  <testcase name="testGetInt[C:true R:true U:false D:true force:true]" classname="org.apache.jena.permissions.model.SecuredSeqTest" time="0"/>
  <testcase name="testGetSeq[C:true R:true U:false D:true force:true]" classname="org.apache.jena.permissions.model.SecuredSeqTest" time="0"/>
  <testcase name="testGetString[C:true R:true U:false D:true force:true]" classname="org.apache.jena.permissions.model.SecuredSeqTest" time="0"/>
  <testcase name="testIndexOf[C:true R:true U:false D:true force:true]" classname="org.apache.jena.permissions.model.SecuredSeqTest" time="0.003"/>
  <testcase name="testRemove[C:true R:true U:false D:true force:true]" classname="org.apache.jena.permissions.model.SecuredSeqTest" time="0"/>
  <testcase name="test[C:true R:true U:false D:true force:true]" classname="org.apache.jena.permissions.model.SecuredSeqTest" time="0.001"/>
  <testcase name="testContains[C:true R:true U:false D:true force:true]" classname="org.apache.jena.permissions.model.SecuredSeqTest" time="0.001"/>
  <testcase name="testIterator[C:true R:true U:false D:true force:true]" classname="org.apache.jena.permissions.model.SecuredSeqTest" time="0.001"/>
  <testcase name="testAddLiteralBoolean[C:true R:true U:false D:true force:true]" classname="org.apache.jena.permissions.model.SecuredSeqTest" time="0"/>
  <testcase name="testAnonFuncs[C:true R:true U:false D:true force:true]" classname="org.apache.jena.permissions.model.SecuredSeqTest" time="0"/>
  <testcase name="testRemoveProperties[C:true R:true U:false D:true force:true]" classname="org.apache.jena.permissions.model.SecuredSeqTest" time="0"/>
  <testcase name="testAsResource[C:true R:true U:false D:true force:true]" classname="org.apache.jena.permissions.model.SecuredSeqTest" time="0"/>
  <testcase name="testListProperties[C:true R:true U:false D:true force:true]" classname="org.apache.jena.permissions.model.SecuredSeqTest" time="0"/>
  <testcase name="testGetProperty[C:true R:true U:false D:true force:true]" classname="org.apache.jena.permissions.model.SecuredSeqTest" time="0"/>
  <testcase name="testGetPropertyWithLang[C:true R:true U:false D:true force:true]" classname="org.apache.jena.permissions.model.SecuredSeqTest" time="0"/>
  <testcase name="testHasProperty[C:true R:true U:false D:true force:true]" classname="org.apache.jena.permissions.model.SecuredSeqTest" time="0.001"/>
  <testcase name="testListPropertiesWithLang[C:true R:true U:false D:true force:true]" classname="org.apache.jena.permissions.model.SecuredSeqTest" time="0"/>
  <testcase name="testEquals[C:true R:true U:false D:true force:true]" classname="org.apache.jena.permissions.model.SecuredSeqTest" time="0"/>
  <testcase name="testGetURI[C:true R:true U:false D:true force:true]" classname="org.apache.jena.permissions.model.SecuredSeqTest" time="0"/>
  <testcase name="testHasURI[C:true R:true U:false D:true force:true]" classname="org.apache.jena.permissions.model.SecuredSeqTest" time="0"/>
  <testcase name="testHasLiteral[C:true R:true U:false D:true force:true]" classname="org.apache.jena.permissions.model.SecuredSeqTest" time="0.001"/>
  <testcase name="testAddProperty[C:true R:true U:false D:true force:true]" classname="org.apache.jena.permissions.model.SecuredSeqTest" time="0"/>
  <testcase name="testGetRequiredProperty[C:true R:true U:false D:true force:true]" classname="org.apache.jena.permissions.model.SecuredSeqTest" time="0.001"/>
  <testcase name="testGetRequiredPropertyWithLang[C:true R:true U:false D:true force:true]" classname="org.apache.jena.permissions.model.SecuredSeqTest" time="0"/>
  <testcase name="testRemoveAll[C:true R:true U:false D:true force:true]" classname="org.apache.jena.permissions.model.SecuredSeqTest" time="0"/>
  <testcase name="testGetModel[C:true R:true U:false D:true force:true]" classname="org.apache.jena.permissions.model.SecuredSeqTest" time="0.001"/>
  <testcase name="testCanAs[C:true R:true U:false D:true force:true]" classname="org.apache.jena.permissions.model.SecuredSeqTest" time="0"/>
  <testcase name="testAsNode[C:true R:true U:false D:true force:true]" classname="org.apache.jena.permissions.model.SecuredSeqTest" time="0"/>
  <testcase name="testInModel[C:true R:true U:false D:true force:true]" classname="org.apache.jena.permissions.model.SecuredSeqTest" time="0"/>
  <testcase name="testGetFloat[C:true R:true U:false D:true force:false]" classname="org.apache.jena.permissions.model.SecuredSeqTest" time="0.001"/>
  <testcase name="testGetShort[C:true R:true U:false D:true force:false]" classname="org.apache.jena.permissions.model.SecuredSeqTest" time="0"/>
  <testcase name="testAdd[C:true R:true U:false D:true force:false]" classname="org.apache.jena.permissions.model.SecuredSeqTest" time="0.006"/>
  <testcase name="testSet[C:true R:true U:false D:true force:false]" classname="org.apache.jena.permissions.model.SecuredSeqTest" time="0.001"/>
  <testcase name="testGetByte[C:true R:true U:false D:true force:false]" classname="org.apache.jena.permissions.model.SecuredSeqTest" time="0"/>
  <testcase name="testGetChar[C:true R:true U:false D:true force:false]" classname="org.apache.jena.permissions.model.SecuredSeqTest" time="0"/>
  <testcase name="testGetLong[C:true R:true U:false D:true force:false]" classname="org.apache.jena.permissions.model.SecuredSeqTest" time="0.001"/>
  <testcase name="testGetLanguage[C:true R:true U:false D:true force:false]" classname="org.apache.jena.permissions.model.SecuredSeqTest" time="0"/>
  <testcase name="testGetBoolean[C:true R:true U:false D:true force:false]" classname="org.apache.jena.permissions.model.SecuredSeqTest" time="0"/>
  <testcase name="testGetLiteral[C:true R:true U:false D:true force:false]" classname="org.apache.jena.permissions.model.SecuredSeqTest" time="0"/>
  <testcase name="testGetDouble[C:true R:true U:false D:true force:false]" classname="org.apache.jena.permissions.model.SecuredSeqTest" time="0.001"/>
  <testcase name="testGetResource[C:true R:true U:false D:true force:false]" classname="org.apache.jena.permissions.model.SecuredSeqTest" time="0.001"/>
  <testcase name="testGetObject[C:true R:true U:false D:true force:false]" classname="org.apache.jena.permissions.model.SecuredSeqTest" time="0"/>
  <testcase name="testGetAlt[C:true R:true U:false D:true force:false]" classname="org.apache.jena.permissions.model.SecuredSeqTest" time="0"/>
  <testcase name="testGetBag[C:true R:true U:false D:true force:false]" classname="org.apache.jena.permissions.model.SecuredSeqTest" time="0.002"/>
  <testcase name="testGetInt[C:true R:true U:false D:true force:false]" classname="org.apache.jena.permissions.model.SecuredSeqTest" time="0"/>
  <testcase name="testGetSeq[C:true R:true U:false D:true force:false]" classname="org.apache.jena.permissions.model.SecuredSeqTest" time="0"/>
  <testcase name="testGetString[C:true R:true U:false D:true force:false]" classname="org.apache.jena.permissions.model.SecuredSeqTest" time="0"/>
  <testcase name="testIndexOf[C:true R:true U:false D:true force:false]" classname="org.apache.jena.permissions.model.SecuredSeqTest" time="0.005"/>
  <testcase name="testRemove[C:true R:true U:false D:true force:false]" classname="org.apache.jena.permissions.model.SecuredSeqTest" time="0.001"/>
  <testcase name="test[C:true R:true U:false D:true force:false]" classname="org.apache.jena.permissions.model.SecuredSeqTest" time="0"/>
  <testcase name="testContains[C:true R:true U:false D:true force:false]" classname="org.apache.jena.permissions.model.SecuredSeqTest" time="0.003"/>
  <testcase name="testIterator[C:true R:true U:false D:true force:false]" classname="org.apache.jena.permissions.model.SecuredSeqTest" time="0.001"/>
  <testcase name="testAddLiteralBoolean[C:true R:true U:false D:true force:false]" classname="org.apache.jena.permissions.model.SecuredSeqTest" time="0"/>
  <testcase name="testAnonFuncs[C:true R:true U:false D:true force:false]" classname="org.apache.jena.permissions.model.SecuredSeqTest" time="0.001"/>
  <testcase name="testRemoveProperties[C:true R:true U:false D:true force:false]" classname="org.apache.jena.permissions.model.SecuredSeqTest" time="0"/>
  <testcase name="testAsResource[C:true R:true U:false D:true force:false]" classname="org.apache.jena.permissions.model.SecuredSeqTest" time="0"/>
  <testcase name="testListProperties[C:true R:true U:false D:true force:false]" classname="org.apache.jena.permissions.model.SecuredSeqTest" time="0.001"/>
  <testcase name="testGetProperty[C:true R:true U:false D:true force:false]" classname="org.apache.jena.permissions.model.SecuredSeqTest" time="0"/>
  <testcase name="testGetPropertyWithLang[C:true R:true U:false D:true force:false]" classname="org.apache.jena.permissions.model.SecuredSeqTest" time="0.001"/>
  <testcase name="testHasProperty[C:true R:true U:false D:true force:false]" classname="org.apache.jena.permissions.model.SecuredSeqTest" time="0"/>
  <testcase name="testListPropertiesWithLang[C:true R:true U:false D:true force:false]" classname="org.apache.jena.permissions.model.SecuredSeqTest" time="0"/>
  <testcase name="testEquals[C:true R:true U:false D:true force:false]" classname="org.apache.jena.permissions.model.SecuredSeqTest" time="0.001"/>
  <testcase name="testGetURI[C:true R:true U:false D:true force:false]" classname="org.apache.jena.permissions.model.SecuredSeqTest" time="0"/>
  <testcase name="testHasURI[C:true R:true U:false D:true force:false]" classname="org.apache.jena.permissions.model.SecuredSeqTest" time="0"/>
  <testcase name="testHasLiteral[C:true R:true U:false D:true force:false]" classname="org.apache.jena.permissions.model.SecuredSeqTest" time="0.001"/>
  <testcase name="testAddProperty[C:true R:true U:false D:true force:false]" classname="org.apache.jena.permissions.model.SecuredSeqTest" time="0.001"/>
  <testcase name="testGetRequiredProperty[C:true R:true U:false D:true force:false]" classname="org.apache.jena.permissions.model.SecuredSeqTest" time="0"/>
  <testcase name="testGetRequiredPropertyWithLang[C:true R:true U:false D:true force:false]" classname="org.apache.jena.permissions.model.SecuredSeqTest" time="0"/>
  <testcase name="testRemoveAll[C:true R:true U:false D:true force:false]" classname="org.apache.jena.permissions.model.SecuredSeqTest" time="0.001"/>
  <testcase name="testGetModel[C:true R:true U:false D:true force:false]" classname="org.apache.jena.permissions.model.SecuredSeqTest" time="0"/>
  <testcase name="testCanAs[C:true R:true U:false D:true force:false]" classname="org.apache.jena.permissions.model.SecuredSeqTest" time="0"/>
  <testcase name="testAsNode[C:true R:true U:false D:true force:false]" classname="org.apache.jena.permissions.model.SecuredSeqTest" time="0.001"/>
  <testcase name="testInModel[C:true R:true U:false D:true force:false]" classname="org.apache.jena.permissions.model.SecuredSeqTest" time="0"/>
  <testcase name="testGetFloat[C:true R:true U:false D:false force:true]" classname="org.apache.jena.permissions.model.SecuredSeqTest" time="0"/>
  <testcase name="testGetShort[C:true R:true U:false D:false force:true]" classname="org.apache.jena.permissions.model.SecuredSeqTest" time="0.001"/>
  <testcase name="testAdd[C:true R:true U:false D:false force:true]" classname="org.apache.jena.permissions.model.SecuredSeqTest" time="0.001"/>
  <testcase name="testSet[C:true R:true U:false D:false force:true]" classname="org.apache.jena.permissions.model.SecuredSeqTest" time="0"/>
  <testcase name="testGetByte[C:true R:true U:false D:false force:true]" classname="org.apache.jena.permissions.model.SecuredSeqTest" time="0.001"/>
  <testcase name="testGetChar[C:true R:true U:false D:false force:true]" classname="org.apache.jena.permissions.model.SecuredSeqTest" time="0"/>
  <testcase name="testGetLong[C:true R:true U:false D:false force:true]" classname="org.apache.jena.permissions.model.SecuredSeqTest" time="0"/>
  <testcase name="testGetLanguage[C:true R:true U:false D:false force:true]" classname="org.apache.jena.permissions.model.SecuredSeqTest" time="0"/>
  <testcase name="testGetBoolean[C:true R:true U:false D:false force:true]" classname="org.apache.jena.permissions.model.SecuredSeqTest" time="0.001"/>
  <testcase name="testGetLiteral[C:true R:true U:false D:false force:true]" classname="org.apache.jena.permissions.model.SecuredSeqTest" time="0"/>
  <testcase name="testGetDouble[C:true R:true U:false D:false force:true]" classname="org.apache.jena.permissions.model.SecuredSeqTest" time="0"/>
  <testcase name="testGetResource[C:true R:true U:false D:false force:true]" classname="org.apache.jena.permissions.model.SecuredSeqTest" time="0"/>
  <testcase name="testGetObject[C:true R:true U:false D:false force:true]" classname="org.apache.jena.permissions.model.SecuredSeqTest" time="0"/>
  <testcase name="testGetAlt[C:true R:true U:false D:false force:true]" classname="org.apache.jena.permissions.model.SecuredSeqTest" time="0"/>
  <testcase name="testGetBag[C:true R:true U:false D:false force:true]" classname="org.apache.jena.permissions.model.SecuredSeqTest" time="0"/>
  <testcase name="testGetInt[C:true R:true U:false D:false force:true]" classname="org.apache.jena.permissions.model.SecuredSeqTest" time="0.001"/>
  <testcase name="testGetSeq[C:true R:true U:false D:false force:true]" classname="org.apache.jena.permissions.model.SecuredSeqTest" time="0"/>
  <testcase name="testGetString[C:true R:true U:false D:false force:true]" classname="org.apache.jena.permissions.model.SecuredSeqTest" time="0"/>
  <testcase name="testIndexOf[C:true R:true U:false D:false force:true]" classname="org.apache.jena.permissions.model.SecuredSeqTest" time="0.009"/>
  <testcase name="testRemove[C:true R:true U:false D:false force:true]" classname="org.apache.jena.permissions.model.SecuredSeqTest" time="0.001"/>
  <testcase name="test[C:true R:true U:false D:false force:true]" classname="org.apache.jena.permissions.model.SecuredSeqTest" time="0"/>
  <testcase name="testContains[C:true R:true U:false D:false force:true]" classname="org.apache.jena.permissions.model.SecuredSeqTest" time="0.001"/>
  <testcase name="testIterator[C:true R:true U:false D:false force:true]" classname="org.apache.jena.permissions.model.SecuredSeqTest" time="0.001"/>
  <testcase name="testAddLiteralBoolean[C:true R:true U:false D:false force:true]" classname="org.apache.jena.permissions.model.SecuredSeqTest" time="0"/>
  <testcase name="testAnonFuncs[C:true R:true U:false D:false force:true]" classname="org.apache.jena.permissions.model.SecuredSeqTest" time="0"/>
  <testcase name="testRemoveProperties[C:true R:true U:false D:false force:true]" classname="org.apache.jena.permissions.model.SecuredSeqTest" time="0"/>
  <testcase name="testAsResource[C:true R:true U:false D:false force:true]" classname="org.apache.jena.permissions.model.SecuredSeqTest" time="0"/>
  <testcase name="testListProperties[C:true R:true U:false D:false force:true]" classname="org.apache.jena.permissions.model.SecuredSeqTest" time="0.002"/>
  <testcase name="testGetProperty[C:true R:true U:false D:false force:true]" classname="org.apache.jena.permissions.model.SecuredSeqTest" time="0"/>
  <testcase name="testGetPropertyWithLang[C:true R:true U:false D:false force:true]" classname="org.apache.jena.permissions.model.SecuredSeqTest" time="0"/>
  <testcase name="testHasProperty[C:true R:true U:false D:false force:true]" classname="org.apache.jena.permissions.model.SecuredSeqTest" time="0"/>
  <testcase name="testListPropertiesWithLang[C:true R:true U:false D:false force:true]" classname="org.apache.jena.permissions.model.SecuredSeqTest" time="0"/>
  <testcase name="testEquals[C:true R:true U:false D:false force:true]" classname="org.apache.jena.permissions.model.SecuredSeqTest" time="0"/>
  <testcase name="testGetURI[C:true R:true U:false D:false force:true]" classname="org.apache.jena.permissions.model.SecuredSeqTest" time="0"/>
  <testcase name="testHasURI[C:true R:true U:false D:false force:true]" classname="org.apache.jena.permissions.model.SecuredSeqTest" time="0"/>
  <testcase name="testHasLiteral[C:true R:true U:false D:false force:true]" classname="org.apache.jena.permissions.model.SecuredSeqTest" time="0"/>
  <testcase name="testAddProperty[C:true R:true U:false D:false force:true]" classname="org.apache.jena.permissions.model.SecuredSeqTest" time="0.001"/>
  <testcase name="testGetRequiredProperty[C:true R:true U:false D:false force:true]" classname="org.apache.jena.permissions.model.SecuredSeqTest" time="0"/>
  <testcase name="testGetRequiredPropertyWithLang[C:true R:true U:false D:false force:true]" classname="org.apache.jena.permissions.model.SecuredSeqTest" time="0"/>
  <testcase name="testRemoveAll[C:true R:true U:false D:false force:true]" classname="org.apache.jena.permissions.model.SecuredSeqTest" time="0"/>
  <testcase name="testGetModel[C:true R:true U:false D:false force:true]" classname="org.apache.jena.permissions.model.SecuredSeqTest" time="0.001"/>
  <testcase name="testCanAs[C:true R:true U:false D:false force:true]" classname="org.apache.jena.permissions.model.SecuredSeqTest" time="0"/>
  <testcase name="testAsNode[C:true R:true U:false D:false force:true]" classname="org.apache.jena.permissions.model.SecuredSeqTest" time="0"/>
  <testcase name="testInModel[C:true R:true U:false D:false force:true]" classname="org.apache.jena.permissions.model.SecuredSeqTest" time="0"/>
  <testcase name="testGetFloat[C:true R:true U:false D:false force:false]" classname="org.apache.jena.permissions.model.SecuredSeqTest" time="0.001"/>
  <testcase name="testGetShort[C:true R:true U:false D:false force:false]" classname="org.apache.jena.permissions.model.SecuredSeqTest" time="0"/>
  <testcase name="testAdd[C:true R:true U:false D:false force:false]" classname="org.apache.jena.permissions.model.SecuredSeqTest" time="0.001"/>
  <testcase name="testSet[C:true R:true U:false D:false force:false]" classname="org.apache.jena.permissions.model.SecuredSeqTest" time="0"/>
  <testcase name="testGetByte[C:true R:true U:false D:false force:false]" classname="org.apache.jena.permissions.model.SecuredSeqTest" time="0"/>
  <testcase name="testGetChar[C:true R:true U:false D:false force:false]" classname="org.apache.jena.permissions.model.SecuredSeqTest" time="0"/>
  <testcase name="testGetLong[C:true R:true U:false D:false force:false]" classname="org.apache.jena.permissions.model.SecuredSeqTest" time="0"/>
  <testcase name="testGetLanguage[C:true R:true U:false D:false force:false]" classname="org.apache.jena.permissions.model.SecuredSeqTest" time="0"/>
  <testcase name="testGetBoolean[C:true R:true U:false D:false force:false]" classname="org.apache.jena.permissions.model.SecuredSeqTest" time="0"/>
  <testcase name="testGetLiteral[C:true R:true U:false D:false force:false]" classname="org.apache.jena.permissions.model.SecuredSeqTest" time="0"/>
  <testcase name="testGetDouble[C:true R:true U:false D:false force:false]" classname="org.apache.jena.permissions.model.SecuredSeqTest" time="0"/>
  <testcase name="testGetResource[C:true R:true U:false D:false force:false]" classname="org.apache.jena.permissions.model.SecuredSeqTest" time="0.001"/>
  <testcase name="testGetObject[C:true R:true U:false D:false force:false]" classname="org.apache.jena.permissions.model.SecuredSeqTest" time="0"/>
  <testcase name="testGetAlt[C:true R:true U:false D:false force:false]" classname="org.apache.jena.permissions.model.SecuredSeqTest" time="0"/>
  <testcase name="testGetBag[C:true R:true U:false D:false force:false]" classname="org.apache.jena.permissions.model.SecuredSeqTest" time="0"/>
  <testcase name="testGetInt[C:true R:true U:false D:false force:false]" classname="org.apache.jena.permissions.model.SecuredSeqTest" time="0.001"/>
  <testcase name="testGetSeq[C:true R:true U:false D:false force:false]" classname="org.apache.jena.permissions.model.SecuredSeqTest" time="0"/>
  <testcase name="testGetString[C:true R:true U:false D:false force:false]" classname="org.apache.jena.permissions.model.SecuredSeqTest" time="0"/>
  <testcase name="testIndexOf[C:true R:true U:false D:false force:false]" classname="org.apache.jena.permissions.model.SecuredSeqTest" time="0.001"/>
  <testcase name="testRemove[C:true R:true U:false D:false force:false]" classname="org.apache.jena.permissions.model.SecuredSeqTest" time="0"/>
  <testcase name="test[C:true R:true U:false D:false force:false]" classname="org.apache.jena.permissions.model.SecuredSeqTest" time="0.001"/>
  <testcase name="testContains[C:true R:true U:false D:false force:false]" classname="org.apache.jena.permissions.model.SecuredSeqTest" time="0.001"/>
  <testcase name="testIterator[C:true R:true U:false D:false force:false]" classname="org.apache.jena.permissions.model.SecuredSeqTest" time="0"/>
  <testcase name="testAddLiteralBoolean[C:true R:true U:false D:false force:false]" classname="org.apache.jena.permissions.model.SecuredSeqTest" time="0"/>
  <testcase name="testAnonFuncs[C:true R:true U:false D:false force:false]" classname="org.apache.jena.permissions.model.SecuredSeqTest" time="0"/>
  <testcase name="testRemoveProperties[C:true R:true U:false D:false force:false]" classname="org.apache.jena.permissions.model.SecuredSeqTest" time="0.001"/>
  <testcase name="testAsResource[C:true R:true U:false D:false force:false]" classname="org.apache.jena.permissions.model.SecuredSeqTest" time="0"/>
  <testcase name="testListProperties[C:true R:true U:false D:false force:false]" classname="org.apache.jena.permissions.model.SecuredSeqTest" time="0"/>
  <testcase name="testGetProperty[C:true R:true U:false D:false force:false]" classname="org.apache.jena.permissions.model.SecuredSeqTest" time="0"/>
  <testcase name="testGetPropertyWithLang[C:true R:true U:false D:false force:false]" classname="org.apache.jena.permissions.model.SecuredSeqTest" time="0"/>
  <testcase name="testHasProperty[C:true R:true U:false D:false force:false]" classname="org.apache.jena.permissions.model.SecuredSeqTest" time="0.007"/>
  <testcase name="testListPropertiesWithLang[C:true R:true U:false D:false force:false]" classname="org.apache.jena.permissions.model.SecuredSeqTest" time="0"/>
  <testcase name="testEquals[C:true R:true U:false D:false force:false]" classname="org.apache.jena.permissions.model.SecuredSeqTest" time="0.001"/>
  <testcase name="testGetURI[C:true R:true U:false D:false force:false]" classname="org.apache.jena.permissions.model.SecuredSeqTest" time="0"/>
  <testcase name="testHasURI[C:true R:true U:false D:false force:false]" classname="org.apache.jena.permissions.model.SecuredSeqTest" time="0"/>
  <testcase name="testHasLiteral[C:true R:true U:false D:false force:false]" classname="org.apache.jena.permissions.model.SecuredSeqTest" time="0"/>
  <testcase name="testAddProperty[C:true R:true U:false D:false force:false]" classname="org.apache.jena.permissions.model.SecuredSeqTest" time="0.001"/>
  <testcase name="testGetRequiredProperty[C:true R:true U:false D:false force:false]" classname="org.apache.jena.permissions.model.SecuredSeqTest" time="0"/>
  <testcase name="testGetRequiredPropertyWithLang[C:true R:true U:false D:false force:false]" classname="org.apache.jena.permissions.model.SecuredSeqTest" time="0"/>
  <testcase name="testRemoveAll[C:true R:true U:false D:false force:false]" classname="org.apache.jena.permissions.model.SecuredSeqTest" time="0"/>
  <testcase name="testGetModel[C:true R:true U:false D:false force:false]" classname="org.apache.jena.permissions.model.SecuredSeqTest" time="0.001"/>
  <testcase name="testCanAs[C:true R:true U:false D:false force:false]" classname="org.apache.jena.permissions.model.SecuredSeqTest" time="0"/>
  <testcase name="testAsNode[C:true R:true U:false D:false force:false]" classname="org.apache.jena.permissions.model.SecuredSeqTest" time="0"/>
  <testcase name="testInModel[C:true R:true U:false D:false force:false]" classname="org.apache.jena.permissions.model.SecuredSeqTest" time="0"/>
  <testcase name="testGetFloat[C:true R:false U:true D:true force:true]" classname="org.apache.jena.permissions.model.SecuredSeqTest" time="0.001"/>
  <testcase name="testGetShort[C:true R:false U:true D:true force:true]" classname="org.apache.jena.permissions.model.SecuredSeqTest" time="0"/>
  <testcase name="testAdd[C:true R:false U:true D:true force:true]" classname="org.apache.jena.permissions.model.SecuredSeqTest" time="0.001"/>
  <testcase name="testSet[C:true R:false U:true D:true force:true]" classname="org.apache.jena.permissions.model.SecuredSeqTest" time="0.001"/>
  <testcase name="testGetByte[C:true R:false U:true D:true force:true]" classname="org.apache.jena.permissions.model.SecuredSeqTest" time="0"/>
  <testcase name="testGetChar[C:true R:false U:true D:true force:true]" classname="org.apache.jena.permissions.model.SecuredSeqTest" time="0.001"/>
  <testcase name="testGetLong[C:true R:false U:true D:true force:true]" classname="org.apache.jena.permissions.model.SecuredSeqTest" time="0"/>
  <testcase name="testGetLanguage[C:true R:false U:true D:true force:true]" classname="org.apache.jena.permissions.model.SecuredSeqTest" time="0"/>
  <testcase name="testGetBoolean[C:true R:false U:true D:true force:true]" classname="org.apache.jena.permissions.model.SecuredSeqTest" time="0"/>
  <testcase name="testGetLiteral[C:true R:false U:true D:true force:true]" classname="org.apache.jena.permissions.model.SecuredSeqTest" time="0.001"/>
  <testcase name="testGetDouble[C:true R:false U:true D:true force:true]" classname="org.apache.jena.permissions.model.SecuredSeqTest" time="0"/>
  <testcase name="testGetResource[C:true R:false U:true D:true force:true]" classname="org.apache.jena.permissions.model.SecuredSeqTest" time="0"/>
  <testcase name="testGetObject[C:true R:false U:true D:true force:true]" classname="org.apache.jena.permissions.model.SecuredSeqTest" time="0"/>
  <testcase name="testGetAlt[C:true R:false U:true D:true force:true]" classname="org.apache.jena.permissions.model.SecuredSeqTest" time="0.001"/>
  <testcase name="testGetBag[C:true R:false U:true D:true force:true]" classname="org.apache.jena.permissions.model.SecuredSeqTest" time="0"/>
  <testcase name="testGetInt[C:true R:false U:true D:true force:true]" classname="org.apache.jena.permissions.model.SecuredSeqTest" time="0.001"/>
  <testcase name="testGetSeq[C:true R:false U:true D:true force:true]" classname="org.apache.jena.permissions.model.SecuredSeqTest" time="0"/>
  <testcase name="testGetString[C:true R:false U:true D:true force:true]" classname="org.apache.jena.permissions.model.SecuredSeqTest" time="0"/>
  <testcase name="testIndexOf[C:true R:false U:true D:true force:true]" classname="org.apache.jena.permissions.model.SecuredSeqTest" time="0.005"/>
  <testcase name="testRemove[C:true R:false U:true D:true force:true]" classname="org.apache.jena.permissions.model.SecuredSeqTest" time="0"/>
  <testcase name="test[C:true R:false U:true D:true force:true]" classname="org.apache.jena.permissions.model.SecuredSeqTest" time="0"/>
  <testcase name="testContains[C:true R:false U:true D:true force:true]" classname="org.apache.jena.permissions.model.SecuredSeqTest" time="0.001"/>
  <testcase name="testIterator[C:true R:false U:true D:true force:true]" classname="org.apache.jena.permissions.model.SecuredSeqTest" time="0"/>
  <testcase name="testAddLiteralBoolean[C:true R:false U:true D:true force:true]" classname="org.apache.jena.permissions.model.SecuredSeqTest" time="0"/>
  <testcase name="testAnonFuncs[C:true R:false U:true D:true force:true]" classname="org.apache.jena.permissions.model.SecuredSeqTest" time="0.001"/>
  <testcase name="testRemoveProperties[C:true R:false U:true D:true force:true]" classname="org.apache.jena.permissions.model.SecuredSeqTest" time="0"/>
  <testcase name="testAsResource[C:true R:false U:true D:true force:true]" classname="org.apache.jena.permissions.model.SecuredSeqTest" time="0"/>
  <testcase name="testListProperties[C:true R:false U:true D:true force:true]" classname="org.apache.jena.permissions.model.SecuredSeqTest" time="0"/>
  <testcase name="testGetProperty[C:true R:false U:true D:true force:true]" classname="org.apache.jena.permissions.model.SecuredSeqTest" time="0"/>
  <testcase name="testGetPropertyWithLang[C:true R:false U:true D:true force:true]" classname="org.apache.jena.permissions.model.SecuredSeqTest" time="0.001"/>
  <testcase name="testHasProperty[C:true R:false U:true D:true force:true]" classname="org.apache.jena.permissions.model.SecuredSeqTest" time="0"/>
  <testcase name="testListPropertiesWithLang[C:true R:false U:true D:true force:true]" classname="org.apache.jena.permissions.model.SecuredSeqTest" time="0"/>
  <testcase name="testEquals[C:true R:false U:true D:true force:true]" classname="org.apache.jena.permissions.model.SecuredSeqTest" time="0"/>
  <testcase name="testGetURI[C:true R:false U:true D:true force:true]" classname="org.apache.jena.permissions.model.SecuredSeqTest" time="0"/>
  <testcase name="testHasURI[C:true R:false U:true D:true force:true]" classname="org.apache.jena.permissions.model.SecuredSeqTest" time="0"/>
  <testcase name="testHasLiteral[C:true R:false U:true D:true force:true]" classname="org.apache.jena.permissions.model.SecuredSeqTest" time="0"/>
  <testcase name="testAddProperty[C:true R:false U:true D:true force:true]" classname="org.apache.jena.permissions.model.SecuredSeqTest" time="0"/>
  <testcase name="testGetRequiredProperty[C:true R:false U:true D:true force:true]" classname="org.apache.jena.permissions.model.SecuredSeqTest" time="0"/>
  <testcase name="testGetRequiredPropertyWithLang[C:true R:false U:true D:true force:true]" classname="org.apache.jena.permissions.model.SecuredSeqTest" time="0.001"/>
  <testcase name="testRemoveAll[C:true R:false U:true D:true force:true]" classname="org.apache.jena.permissions.model.SecuredSeqTest" time="0"/>
  <testcase name="testGetModel[C:true R:false U:true D:true force:true]" classname="org.apache.jena.permissions.model.SecuredSeqTest" time="0"/>
  <testcase name="testCanAs[C:true R:false U:true D:true force:true]" classname="org.apache.jena.permissions.model.SecuredSeqTest" time="0"/>
  <testcase name="testAsNode[C:true R:false U:true D:true force:true]" classname="org.apache.jena.permissions.model.SecuredSeqTest" time="0.001"/>
  <testcase name="testInModel[C:true R:false U:true D:true force:true]" classname="org.apache.jena.permissions.model.SecuredSeqTest" time="0"/>
  <testcase name="testGetFloat[C:true R:false U:true D:true force:false]" classname="org.apache.jena.permissions.model.SecuredSeqTest" time="0"/>
  <testcase name="testGetShort[C:true R:false U:true D:true force:false]" classname="org.apache.jena.permissions.model.SecuredSeqTest" time="0"/>
  <testcase name="testAdd[C:true R:false U:true D:true force:false]" classname="org.apache.jena.permissions.model.SecuredSeqTest" time="0.001"/>
  <testcase name="testSet[C:true R:false U:true D:true force:false]" classname="org.apache.jena.permissions.model.SecuredSeqTest" time="0.005"/>
  <testcase name="testGetByte[C:true R:false U:true D:true force:false]" classname="org.apache.jena.permissions.model.SecuredSeqTest" time="0.001"/>
  <testcase name="testGetChar[C:true R:false U:true D:true force:false]" classname="org.apache.jena.permissions.model.SecuredSeqTest" time="0"/>
  <testcase name="testGetLong[C:true R:false U:true D:true force:false]" classname="org.apache.jena.permissions.model.SecuredSeqTest" time="0"/>
  <testcase name="testGetLanguage[C:true R:false U:true D:true force:false]" classname="org.apache.jena.permissions.model.SecuredSeqTest" time="0"/>
  <testcase name="testGetBoolean[C:true R:false U:true D:true force:false]" classname="org.apache.jena.permissions.model.SecuredSeqTest" time="0.001"/>
  <testcase name="testGetLiteral[C:true R:false U:true D:true force:false]" classname="org.apache.jena.permissions.model.SecuredSeqTest" time="0"/>
  <testcase name="testGetDouble[C:true R:false U:true D:true force:false]" classname="org.apache.jena.permissions.model.SecuredSeqTest" time="0"/>
  <testcase name="testGetResource[C:true R:false U:true D:true force:false]" classname="org.apache.jena.permissions.model.SecuredSeqTest" time="0.001"/>
  <testcase name="testGetObject[C:true R:false U:true D:true force:false]" classname="org.apache.jena.permissions.model.SecuredSeqTest" time="0"/>
  <testcase name="testGetAlt[C:true R:false U:true D:true force:false]" classname="org.apache.jena.permissions.model.SecuredSeqTest" time="0"/>
  <testcase name="testGetBag[C:true R:false U:true D:true force:false]" classname="org.apache.jena.permissions.model.SecuredSeqTest" time="0"/>
  <testcase name="testGetInt[C:true R:false U:true D:true force:false]" classname="org.apache.jena.permissions.model.SecuredSeqTest" time="0"/>
  <testcase name="testGetSeq[C:true R:false U:true D:true force:false]" classname="org.apache.jena.permissions.model.SecuredSeqTest" time="0"/>
  <testcase name="testGetString[C:true R:false U:true D:true force:false]" classname="org.apache.jena.permissions.model.SecuredSeqTest" time="0"/>
  <testcase name="testIndexOf[C:true R:false U:true D:true force:false]" classname="org.apache.jena.permissions.model.SecuredSeqTest" time="0"/>
  <testcase name="testRemove[C:true R:false U:true D:true force:false]" classname="org.apache.jena.permissions.model.SecuredSeqTest" time="0.001"/>
  <testcase name="test[C:true R:false U:true D:true force:false]" classname="org.apache.jena.permissions.model.SecuredSeqTest" time="0"/>
  <testcase name="testContains[C:true R:false U:true D:true force:false]" classname="org.apache.jena.permissions.model.SecuredSeqTest" time="0"/>
  <testcase name="testIterator[C:true R:false U:true D:true force:false]" classname="org.apache.jena.permissions.model.SecuredSeqTest" time="0"/>
  <testcase name="testAddLiteralBoolean[C:true R:false U:true D:true force:false]" classname="org.apache.jena.permissions.model.SecuredSeqTest" time="0"/>
  <testcase name="testAnonFuncs[C:true R:false U:true D:true force:false]" classname="org.apache.jena.permissions.model.SecuredSeqTest" time="0"/>
  <testcase name="testRemoveProperties[C:true R:false U:true D:true force:false]" classname="org.apache.jena.permissions.model.SecuredSeqTest" time="0"/>
  <testcase name="testAsResource[C:true R:false U:true D:true force:false]" classname="org.apache.jena.permissions.model.SecuredSeqTest" time="0"/>
  <testcase name="testListProperties[C:true R:false U:true D:true force:false]" classname="org.apache.jena.permissions.model.SecuredSeqTest" time="0"/>
  <testcase name="testGetProperty[C:true R:false U:true D:true force:false]" classname="org.apache.jena.permissions.model.SecuredSeqTest" time="0.001"/>
  <testcase name="testGetPropertyWithLang[C:true R:false U:true D:true force:false]" classname="org.apache.jena.permissions.model.SecuredSeqTest" time="0"/>
  <testcase name="testHasProperty[C:true R:false U:true D:true force:false]" classname="org.apache.jena.permissions.model.SecuredSeqTest" time="0"/>
  <testcase name="testListPropertiesWithLang[C:true R:false U:true D:true force:false]" classname="org.apache.jena.permissions.model.SecuredSeqTest" time="0"/>
  <testcase name="testEquals[C:true R:false U:true D:true force:false]" classname="org.apache.jena.permissions.model.SecuredSeqTest" time="0"/>
  <testcase name="testGetURI[C:true R:false U:true D:true force:false]" classname="org.apache.jena.permissions.model.SecuredSeqTest" time="0"/>
  <testcase name="testHasURI[C:true R:false U:true D:true force:false]" classname="org.apache.jena.permissions.model.SecuredSeqTest" time="0"/>
  <testcase name="testHasLiteral[C:true R:false U:true D:true force:false]" classname="org.apache.jena.permissions.model.SecuredSeqTest" time="0"/>
  <testcase name="testAddProperty[C:true R:false U:true D:true force:false]" classname="org.apache.jena.permissions.model.SecuredSeqTest" time="0.001"/>
  <testcase name="testGetRequiredProperty[C:true R:false U:true D:true force:false]" classname="org.apache.jena.permissions.model.SecuredSeqTest" time="0"/>
  <testcase name="testGetRequiredPropertyWithLang[C:true R:false U:true D:true force:false]" classname="org.apache.jena.permissions.model.SecuredSeqTest" time="0"/>
  <testcase name="testRemoveAll[C:true R:false U:true D:true force:false]" classname="org.apache.jena.permissions.model.SecuredSeqTest" time="0"/>
  <testcase name="testGetModel[C:true R:false U:true D:true force:false]" classname="org.apache.jena.permissions.model.SecuredSeqTest" time="0"/>
  <testcase name="testCanAs[C:true R:false U:true D:true force:false]" classname="org.apache.jena.permissions.model.SecuredSeqTest" time="0.001"/>
  <testcase name="testAsNode[C:true R:false U:true D:true force:false]" classname="org.apache.jena.permissions.model.SecuredSeqTest" time="0"/>
  <testcase name="testInModel[C:true R:false U:true D:true force:false]" classname="org.apache.jena.permissions.model.SecuredSeqTest" time="0"/>
  <testcase name="testGetFloat[C:true R:false U:true D:false force:true]" classname="org.apache.jena.permissions.model.SecuredSeqTest" time="0.001"/>
  <testcase name="testGetShort[C:true R:false U:true D:false force:true]" classname="org.apache.jena.permissions.model.SecuredSeqTest" time="0"/>
  <testcase name="testAdd[C:true R:false U:true D:false force:true]" classname="org.apache.jena.permissions.model.SecuredSeqTest" time="0.001"/>
  <testcase name="testSet[C:true R:false U:true D:false force:true]" classname="org.apache.jena.permissions.model.SecuredSeqTest" time="0"/>
  <testcase name="testGetByte[C:true R:false U:true D:false force:true]" classname="org.apache.jena.permissions.model.SecuredSeqTest" time="0"/>
  <testcase name="testGetChar[C:true R:false U:true D:false force:true]" classname="org.apache.jena.permissions.model.SecuredSeqTest" time="0.001"/>
  <testcase name="testGetLong[C:true R:false U:true D:false force:true]" classname="org.apache.jena.permissions.model.SecuredSeqTest" time="0"/>
  <testcase name="testGetLanguage[C:true R:false U:true D:false force:true]" classname="org.apache.jena.permissions.model.SecuredSeqTest" time="0"/>
  <testcase name="testGetBoolean[C:true R:false U:true D:false force:true]" classname="org.apache.jena.permissions.model.SecuredSeqTest" time="0"/>
  <testcase name="testGetLiteral[C:true R:false U:true D:false force:true]" classname="org.apache.jena.permissions.model.SecuredSeqTest" time="0.001"/>
  <testcase name="testGetDouble[C:true R:false U:true D:false force:true]" classname="org.apache.jena.permissions.model.SecuredSeqTest" time="0"/>
  <testcase name="testGetResource[C:true R:false U:true D:false force:true]" classname="org.apache.jena.permissions.model.SecuredSeqTest" time="0"/>
  <testcase name="testGetObject[C:true R:false U:true D:false force:true]" classname="org.apache.jena.permissions.model.SecuredSeqTest" time="0"/>
  <testcase name="testGetAlt[C:true R:false U:true D:false force:true]" classname="org.apache.jena.permissions.model.SecuredSeqTest" time="0.001"/>
  <testcase name="testGetBag[C:true R:false U:true D:false force:true]" classname="org.apache.jena.permissions.model.SecuredSeqTest" time="0"/>
  <testcase name="testGetInt[C:true R:false U:true D:false force:true]" classname="org.apache.jena.permissions.model.SecuredSeqTest" time="0"/>
  <testcase name="testGetSeq[C:true R:false U:true D:false force:true]" classname="org.apache.jena.permissions.model.SecuredSeqTest" time="0"/>
  <testcase name="testGetString[C:true R:false U:true D:false force:true]" classname="org.apache.jena.permissions.model.SecuredSeqTest" time="0.001"/>
  <testcase name="testIndexOf[C:true R:false U:true D:false force:true]" classname="org.apache.jena.permissions.model.SecuredSeqTest" time="0"/>
  <testcase name="testRemove[C:true R:false U:true D:false force:true]" classname="org.apache.jena.permissions.model.SecuredSeqTest" time="0.001"/>
  <testcase name="test[C:true R:false U:true D:false force:true]" classname="org.apache.jena.permissions.model.SecuredSeqTest" time="0"/>
  <testcase name="testContains[C:true R:false U:true D:false force:true]" classname="org.apache.jena.permissions.model.SecuredSeqTest" time="0"/>
  <testcase name="testIterator[C:true R:false U:true D:false force:true]" classname="org.apache.jena.permissions.model.SecuredSeqTest" time="0.001"/>
  <testcase name="testAddLiteralBoolean[C:true R:false U:true D:false force:true]" classname="org.apache.jena.permissions.model.SecuredSeqTest" time="0"/>
  <testcase name="testAnonFuncs[C:true R:false U:true D:false force:true]" classname="org.apache.jena.permissions.model.SecuredSeqTest" time="0"/>
  <testcase name="testRemoveProperties[C:true R:false U:true D:false force:true]" classname="org.apache.jena.permissions.model.SecuredSeqTest" time="0"/>
  <testcase name="testAsResource[C:true R:false U:true D:false force:true]" classname="org.apache.jena.permissions.model.SecuredSeqTest" time="0"/>
  <testcase name="testListProperties[C:true R:false U:true D:false force:true]" classname="org.apache.jena.permissions.model.SecuredSeqTest" time="0"/>
  <testcase name="testGetProperty[C:true R:false U:true D:false force:true]" classname="org.apache.jena.permissions.model.SecuredSeqTest" time="0.001"/>
  <testcase name="testGetPropertyWithLang[C:true R:false U:true D:false force:true]" classname="org.apache.jena.permissions.model.SecuredSeqTest" time="0"/>
  <testcase name="testHasProperty[C:true R:false U:true D:false force:true]" classname="org.apache.jena.permissions.model.SecuredSeqTest" time="0"/>
  <testcase name="testListPropertiesWithLang[C:true R:false U:true D:false force:true]" classname="org.apache.jena.permissions.model.SecuredSeqTest" time="0.001"/>
  <testcase name="testEquals[C:true R:false U:true D:false force:true]" classname="org.apache.jena.permissions.model.SecuredSeqTest" time="0"/>
  <testcase name="testGetURI[C:true R:false U:true D:false force:true]" classname="org.apache.jena.permissions.model.SecuredSeqTest" time="0"/>
  <testcase name="testHasURI[C:true R:false U:true D:false force:true]" classname="org.apache.jena.permissions.model.SecuredSeqTest" time="0"/>
  <testcase name="testHasLiteral[C:true R:false U:true D:false force:true]" classname="org.apache.jena.permissions.model.SecuredSeqTest" time="0"/>
  <testcase name="testAddProperty[C:true R:false U:true D:false force:true]" classname="org.apache.jena.permissions.model.SecuredSeqTest" time="0.001"/>
  <testcase name="testGetRequiredProperty[C:true R:false U:true D:false force:true]" classname="org.apache.jena.permissions.model.SecuredSeqTest" time="0"/>
  <testcase name="testGetRequiredPropertyWithLang[C:true R:false U:true D:false force:true]" classname="org.apache.jena.permissions.model.SecuredSeqTest" time="0"/>
  <testcase name="testRemoveAll[C:true R:false U:true D:false force:true]" classname="org.apache.jena.permissions.model.SecuredSeqTest" time="0"/>
  <testcase name="testGetModel[C:true R:false U:true D:false force:true]" classname="org.apache.jena.permissions.model.SecuredSeqTest" time="0"/>
  <testcase name="testCanAs[C:true R:false U:true D:false force:true]" classname="org.apache.jena.permissions.model.SecuredSeqTest" time="0"/>
  <testcase name="testAsNode[C:true R:false U:true D:false force:true]" classname="org.apache.jena.permissions.model.SecuredSeqTest" time="0"/>
  <testcase name="testInModel[C:true R:false U:true D:false force:true]" classname="org.apache.jena.permissions.model.SecuredSeqTest" time="0"/>
  <testcase name="testGetFloat[C:true R:false U:true D:false force:false]" classname="org.apache.jena.permissions.model.SecuredSeqTest" time="0.001"/>
  <testcase name="testGetShort[C:true R:false U:true D:false force:false]" classname="org.apache.jena.permissions.model.SecuredSeqTest" time="0"/>
  <testcase name="testAdd[C:true R:false U:true D:false force:false]" classname="org.apache.jena.permissions.model.SecuredSeqTest" time="0.001"/>
  <testcase name="testSet[C:true R:false U:true D:false force:false]" classname="org.apache.jena.permissions.model.SecuredSeqTest" time="0"/>
  <testcase name="testGetByte[C:true R:false U:true D:false force:false]" classname="org.apache.jena.permissions.model.SecuredSeqTest" time="0"/>
  <testcase name="testGetChar[C:true R:false U:true D:false force:false]" classname="org.apache.jena.permissions.model.SecuredSeqTest" time="0"/>
  <testcase name="testGetLong[C:true R:false U:true D:false force:false]" classname="org.apache.jena.permissions.model.SecuredSeqTest" time="0"/>
  <testcase name="testGetLanguage[C:true R:false U:true D:false force:false]" classname="org.apache.jena.permissions.model.SecuredSeqTest" time="0"/>
  <testcase name="testGetBoolean[C:true R:false U:true D:false force:false]" classname="org.apache.jena.permissions.model.SecuredSeqTest" time="0"/>
  <testcase name="testGetLiteral[C:true R:false U:true D:false force:false]" classname="org.apache.jena.permissions.model.SecuredSeqTest" time="0.001"/>
  <testcase name="testGetDouble[C:true R:false U:true D:false force:false]" classname="org.apache.jena.permissions.model.SecuredSeqTest" time="0"/>
  <testcase name="testGetResource[C:true R:false U:true D:false force:false]" classname="org.apache.jena.permissions.model.SecuredSeqTest" time="0"/>
  <testcase name="testGetObject[C:true R:false U:true D:false force:false]" classname="org.apache.jena.permissions.model.SecuredSeqTest" time="0.001"/>
  <testcase name="testGetAlt[C:true R:false U:true D:false force:false]" classname="org.apache.jena.permissions.model.SecuredSeqTest" time="0"/>
  <testcase name="testGetBag[C:true R:false U:true D:false force:false]" classname="org.apache.jena.permissions.model.SecuredSeqTest" time="0"/>
  <testcase name="testGetInt[C:true R:false U:true D:false force:false]" classname="org.apache.jena.permissions.model.SecuredSeqTest" time="0"/>
  <testcase name="testGetSeq[C:true R:false U:true D:false force:false]" classname="org.apache.jena.permissions.model.SecuredSeqTest" time="0"/>
  <testcase name="testGetString[C:true R:false U:true D:false force:false]" classname="org.apache.jena.permissions.model.SecuredSeqTest" time="0"/>
  <testcase name="testIndexOf[C:true R:false U:true D:false force:false]" classname="org.apache.jena.permissions.model.SecuredSeqTest" time="0"/>
  <testcase name="testRemove[C:true R:false U:true D:false force:false]" classname="org.apache.jena.permissions.model.SecuredSeqTest" time="0"/>
  <testcase name="test[C:true R:false U:true D:false force:false]" classname="org.apache.jena.permissions.model.SecuredSeqTest" time="0"/>
  <testcase name="testContains[C:true R:false U:true D:false force:false]" classname="org.apache.jena.permissions.model.SecuredSeqTest" time="0.001"/>
  <testcase name="testIterator[C:true R:false U:true D:false force:false]" classname="org.apache.jena.permissions.model.SecuredSeqTest" time="0.001"/>
  <testcase name="testAddLiteralBoolean[C:true R:false U:true D:false force:false]" classname="org.apache.jena.permissions.model.SecuredSeqTest" time="0"/>
  <testcase name="testAnonFuncs[C:true R:false U:true D:false force:false]" classname="org.apache.jena.permissions.model.SecuredSeqTest" time="0"/>
  <testcase name="testRemoveProperties[C:true R:false U:true D:false force:false]" classname="org.apache.jena.permissions.model.SecuredSeqTest" time="0"/>
  <testcase name="testAsResource[C:true R:false U:true D:false force:false]" classname="org.apache.jena.permissions.model.SecuredSeqTest" time="0.001"/>
  <testcase name="testListProperties[C:true R:false U:true D:false force:false]" classname="org.apache.jena.permissions.model.SecuredSeqTest" time="0"/>
  <testcase name="testGetProperty[C:true R:false U:true D:false force:false]" classname="org.apache.jena.permissions.model.SecuredSeqTest" time="0"/>
  <testcase name="testGetPropertyWithLang[C:true R:false U:true D:false force:false]" classname="org.apache.jena.permissions.model.SecuredSeqTest" time="0"/>
  <testcase name="testHasProperty[C:true R:false U:true D:false force:false]" classname="org.apache.jena.permissions.model.SecuredSeqTest" time="0"/>
  <testcase name="testListPropertiesWithLang[C:true R:false U:true D:false force:false]" classname="org.apache.jena.permissions.model.SecuredSeqTest" time="0"/>
  <testcase name="testEquals[C:true R:false U:true D:false force:false]" classname="org.apache.jena.permissions.model.SecuredSeqTest" time="0"/>
  <testcase name="testGetURI[C:true R:false U:true D:false force:false]" classname="org.apache.jena.permissions.model.SecuredSeqTest" time="0"/>
  <testcase name="testHasURI[C:true R:false U:true D:false force:false]" classname="org.apache.jena.permissions.model.SecuredSeqTest" time="0.001"/>
  <testcase name="testHasLiteral[C:true R:false U:true D:false force:false]" classname="org.apache.jena.permissions.model.SecuredSeqTest" time="0"/>
  <testcase name="testAddProperty[C:true R:false U:true D:false force:false]" classname="org.apache.jena.permissions.model.SecuredSeqTest" time="0"/>
  <testcase name="testGetRequiredProperty[C:true R:false U:true D:false force:false]" classname="org.apache.jena.permissions.model.SecuredSeqTest" time="0"/>
  <testcase name="testGetRequiredPropertyWithLang[C:true R:false U:true D:false force:false]" classname="org.apache.jena.permissions.model.SecuredSeqTest" time="0"/>
  <testcase name="testRemoveAll[C:true R:false U:true D:false force:false]" classname="org.apache.jena.permissions.model.SecuredSeqTest" time="0"/>
  <testcase name="testGetModel[C:true R:false U:true D:false force:false]" classname="org.apache.jena.permissions.model.SecuredSeqTest" time="0"/>
  <testcase name="testCanAs[C:true R:false U:true D:false force:false]" classname="org.apache.jena.permissions.model.SecuredSeqTest" time="0"/>
  <testcase name="testAsNode[C:true R:false U:true D:false force:false]" classname="org.apache.jena.permissions.model.SecuredSeqTest" time="0.001"/>
  <testcase name="testInModel[C:true R:false U:true D:false force:false]" classname="org.apache.jena.permissions.model.SecuredSeqTest" time="0"/>
  <testcase name="testGetFloat[C:true R:false U:false D:true force:true]" classname="org.apache.jena.permissions.model.SecuredSeqTest" time="0"/>
  <testcase name="testGetShort[C:true R:false U:false D:true force:true]" classname="org.apache.jena.permissions.model.SecuredSeqTest" time="0"/>
  <testcase name="testAdd[C:true R:false U:false D:true force:true]" classname="org.apache.jena.permissions.model.SecuredSeqTest" time="0.001"/>
  <testcase name="testSet[C:true R:false U:false D:true force:true]" classname="org.apache.jena.permissions.model.SecuredSeqTest" time="0"/>
  <testcase name="testGetByte[C:true R:false U:false D:true force:true]" classname="org.apache.jena.permissions.model.SecuredSeqTest" time="0.001"/>
  <testcase name="testGetChar[C:true R:false U:false D:true force:true]" classname="org.apache.jena.permissions.model.SecuredSeqTest" time="0"/>
  <testcase name="testGetLong[C:true R:false U:false D:true force:true]" classname="org.apache.jena.permissions.model.SecuredSeqTest" time="0"/>
  <testcase name="testGetLanguage[C:true R:false U:false D:true force:true]" classname="org.apache.jena.permissions.model.SecuredSeqTest" time="0"/>
  <testcase name="testGetBoolean[C:true R:false U:false D:true force:true]" classname="org.apache.jena.permissions.model.SecuredSeqTest" time="0.001"/>
[...]
  <testcase name="testGetFloat[C:false R:false U:false D:true force:false]" classname="org.apache.jena.permissions.model.SecuredSeqTest" time="0"/>
  <testcase name="testGetShort[C:false R:false U:false D:true force:false]" classname="org.apache.jena.permissions.model.SecuredSeqTest" time="0"/>
  <testcase name="testAdd[C:false R:false U:false D:true force:false]" classname="org.apache.jena.permissions.model.SecuredSeqTest" time="0"/>
  <testcase name="testSet[C:false R:false U:false D:true force:false]" classname="org.apache.jena.permissions.model.SecuredSeqTest" time="0.001"/>
  <testcase name="testGetByte[C:false R:false U:false D:true force:false]" classname="org.apache.jena.permissions.model.SecuredSeqTest" time="0"/>
  <testcase name="testGetChar[C:false R:false U:false D:true force:false]" classname="org.apache.jena.permissions.model.SecuredSeqTest" time="0"/>
  <testcase name="testGetLong[C:false R:false U:false D:true force:false]" classname="org.apache.jena.permissions.model.SecuredSeqTest" time="0"/>
  <testcase name="testGetLanguage[C:false R:false U:false D:true force:false]" classname="org.apache.jena.permissions.model.SecuredSeqTest" time="0"/>
  <testcase name="testGetBoolean[C:false R:false U:false D:true force:false]" classname="org.apache.jena.permissions.model.SecuredSeqTest" time="0"/>
  <testcase name="testGetLiteral[C:false R:false U:false D:true force:false]" classname="org.apache.jena.permissions.model.SecuredSeqTest" time="0.001"/>
  <testcase name="testGetDouble[C:false R:false U:false D:true force:false]" classname="org.apache.jena.permissions.model.SecuredSeqTest" time="0"/>
  <testcase name="testGetResource[C:false R:false U:false D:true force:false]" classname="org.apache.jena.permissions.model.SecuredSeqTest" time="0"/>
  <testcase name="testGetObject[C:false R:false U:false D:true force:false]" classname="org.apache.jena.permissions.model.SecuredSeqTest" time="0"/>
  <testcase name="testGetAlt[C:false R:false U:false D:true force:false]" classname="org.apache.jena.permissions.model.SecuredSeqTest" time="0.001"/>
  <testcase name="testGetBag[C:false R:false U:false D:true force:false]" classname="org.apache.jena.permissions.model.SecuredSeqTest" time="0"/>
  <testcase name="testGetInt[C:false R:false U:false D:true force:false]" classname="org.apache.jena.permissions.model.SecuredSeqTest" time="0"/>
  <testcase name="testGetSeq[C:false R:false U:false D:true force:false]" classname="org.apache.jena.permissions.model.SecuredSeqTest" time="0"/>
  <testcase name="testGetString[C:false R:false U:false D:true force:false]" classname="org.apache.jena.permissions.model.SecuredSeqTest" time="0"/>
  <testcase name="testIndexOf[C:false R:false U:false D:true force:false]" classname="org.apache.jena.permissions.model.SecuredSeqTest" time="0.001"/>
  <testcase name="testRemove[C:false R:false U:false D:true force:false]" classname="org.apache.jena.permissions.model.SecuredSeqTest" time="0"/>
  <testcase name="test[C:false R:false U:false D:true force:false]" classname="org.apache.jena.permissions.model.SecuredSeqTest" time="0"/>
  <testcase name="testContains[C:false R:false U:false D:true force:false]" classname="org.apache.jena.permissions.model.SecuredSeqTest" time="0.001"/>
  <testcase name="testIterator[C:false R:false U:false D:true force:false]" classname="org.apache.jena.permissions.model.SecuredSeqTest" time="0"/>
  <testcase name="testAddLiteralBoolean[C:false R:false U:false D:true force:false]" classname="org.apache.jena.permissions.model.SecuredSeqTest" time="0"/>
  <testcase name="testAnonFuncs[C:false R:false U:false D:true force:false]" classname="org.apache.jena.permissions.model.SecuredSeqTest" time="0"/>
  <testcase name="testRemoveProperties[C:false R:false U:false D:true force:false]" classname="org.apache.jena.permissions.model.SecuredSeqTest" time="0"/>
  <testcase name="testAsResource[C:false R:false U:false D:true force:false]" classname="org.apache.jena.permissions.model.SecuredSeqTest" time="0.001"/>
  <testcase name="testListProperties[C:false R:false U:false D:true force:false]" classname="org.apache.jena.permissions.model.SecuredSeqTest" time="0"/>
  <testcase name="testGetProperty[C:false R:false U:false D:true force:false]" classname="org.apache.jena.permissions.model.SecuredSeqTest" time="0"/>
  <testcase name="testGetPropertyWithLang[C:false R:false U:false D:true force:false]" classname="org.apache.jena.permissions.model.SecuredSeqTest" time="0"/>
  <testcase name="testHasProperty[C:false R:false U:false D:true force:false]" classname="org.apache.jena.permissions.model.SecuredSeqTest" time="0.001"/>
  <testcase name="testListPropertiesWithLang[C:false R:false U:false D:true force:false]" classname="org.apache.jena.permissions.model.SecuredSeqTest" time="0"/>
  <testcase name="testEquals[C:false R:false U:false D:true force:false]" classname="org.apache.jena.permissions.model.SecuredSeqTest" time="0"/>
  <testcase name="testGetURI[C:false R:false U:false D:true force:false]" classname="org.apache.jena.permissions.model.SecuredSeqTest" time="0"/>
  <testcase name="testHasURI[C:false R:false U:false D:true force:false]" classname="org.apache.jena.permissions.model.SecuredSeqTest" time="0.001"/>
  <testcase name="testHasLiteral[C:false R:false U:false D:true force:false]" classname="org.apache.jena.permissions.model.SecuredSeqTest" time="0"/>
  <testcase name="testAddProperty[C:false R:false U:false D:true force:false]" classname="org.apache.jena.permissions.model.SecuredSeqTest" time="0"/>
  <testcase name="testGetRequiredProperty[C:false R:false U:false D:true force:false]" classname="org.apache.jena.permissions.model.SecuredSeqTest" time="0"/>
  <testcase name="testGetRequiredPropertyWithLang[C:false R:false U:false D:true force:false]" classname="org.apache.jena.permissions.model.SecuredSeqTest" time="0"/>
  <testcase name="testRemoveAll[C:false R:false U:false D:true force:false]" classname="org.apache.jena.permissions.model.SecuredSeqTest" time="0"/>
  <testcase name="testGetModel[C:false R:false U:false D:true force:false]" classname="org.apache.jena.permissions.model.SecuredSeqTest" time="0"/>
  <testcase name="testCanAs[C:false R:false U:false D:true force:false]" classname="org.apache.jena.permissions.model.SecuredSeqTest" time="0.001"/>
  <testcase name="testAsNode[C:false R:false U:false D:true force:false]" classname="org.apache.jena.permissions.model.SecuredSeqTest" time="0"/>
  <testcase name="testInModel[C:false R:false U:false D:true force:false]" classname="org.apache.jena.permissions.model.SecuredSeqTest" time="0"/>
  <testcase name="testGetFloat[C:false R:false U:false D:false force:true]" classname="org.apache.jena.permissions.model.SecuredSeqTest" time="0"/>
  <testcase name="testGetShort[C:false R:false U:false D:false force:true]" classname="org.apache.jena.permissions.model.SecuredSeqTest" time="0.001"/>
  <testcase name="testAdd[C:false R:false U:false D:false force:true]" classname="org.apache.jena.permissions.model.SecuredSeqTest" time="0"/>
  <testcase name="testSet[C:false R:false U:false D:false force:true]" classname="org.apache.jena.permissions.model.SecuredSeqTest" time="0.001"/>
  <testcase name="testGetByte[C:false R:false U:false D:false force:true]" classname="org.apache.jena.permissions.model.SecuredSeqTest" time="0"/>
  <testcase name="testGetChar[C:false R:false U:false D:false force:true]" classname="org.apache.jena.permissions.model.SecuredSeqTest" time="0"/>
  <testcase name="testGetLong[C:false R:false U:false D:false force:true]" classname="org.apache.jena.permissions.model.SecuredSeqTest" time="0"/>
  <testcase name="testGetLanguage[C:false R:false U:false D:false force:true]" classname="org.apache.jena.permissions.model.SecuredSeqTest" time="0.001"/>
  <testcase name="testGetBoolean[C:false R:false U:false D:false force:true]" classname="org.apache.jena.permissions.model.SecuredSeqTest" time="0"/>
  <testcase name="testGetLiteral[C:false R:false U:false D:false force:true]" classname="org.apache.jena.permissions.model.SecuredSeqTest" time="0"/>
  <testcase name="testGetDouble[C:false R:false U:false D:false force:true]" classname="org.apache.jena.permissions.model.SecuredSeqTest" time="0"/>
  <testcase name="testGetResource[C:false R:false U:false D:false force:true]" classname="org.apache.jena.permissions.model.SecuredSeqTest" time="0"/>
  <testcase name="testGetObject[C:false R:false U:false D:false force:true]" classname="org.apache.jena.permissions.model.SecuredSeqTest" time="0.001"/>
  <testcase name="testGetAlt[C:false R:false U:false D:false force:true]" classname="org.apache.jena.permissions.model.SecuredSeqTest" time="0"/>
  <testcase name="testGetBag[C:false R:false U:false D:false force:true]" classname="org.apache.jena.permissions.model.SecuredSeqTest" time="0"/>
  <testcase name="testGetInt[C:false R:false U:false D:false force:true]" classname="org.apache.jena.permissions.model.SecuredSeqTest" time="0"/>
  <testcase name="testGetSeq[C:false R:false U:false D:false force:true]" classname="org.apache.jena.permissions.model.SecuredSeqTest" time="0.001"/>
  <testcase name="testGetString[C:false R:false U:false D:false force:true]" classname="org.apache.jena.permissions.model.SecuredSeqTest" time="0"/>
  <testcase name="testIndexOf[C:false R:false U:false D:false force:true]" classname="org.apache.jena.permissions.model.SecuredSeqTest" time="0"/>
  <testcase name="testRemove[C:false R:false U:false D:false force:true]" classname="org.apache.jena.permissions.model.SecuredSeqTest" time="0.001"/>
  <testcase name="test[C:false R:false U:false D:false force:true]" classname="org.apache.jena.permissions.model.SecuredSeqTest" time="0"/>
  <testcase name="testContains[C:false R:false U:false D:false force:true]" classname="org.apache.jena.permissions.model.SecuredSeqTest" time="0"/>
  <testcase name="testIterator[C:false R:false U:false D:false force:true]" classname="org.apache.jena.permissions.model.SecuredSeqTest" time="0"/>
  <testcase name="testAddLiteralBoolean[C:false R:false U:false D:false force:true]" classname="org.apache.jena.permissions.model.SecuredSeqTest" time="0.001"/>
  <testcase name="testAnonFuncs[C:false R:false U:false D:false force:true]" classname="org.apache.jena.permissions.model.SecuredSeqTest" time="0"/>
  <testcase name="testRemoveProperties[C:false R:false U:false D:false force:true]" classname="org.apache.jena.permissions.model.SecuredSeqTest" time="0"/>
  <testcase name="testAsResource[C:false R:false U:false D:false force:true]" classname="org.apache.jena.permissions.model.SecuredSeqTest" time="0"/>
  <testcase name="testListProperties[C:false R:false U:false D:false force:true]" classname="org.apache.jena.permissions.model.SecuredSeqTest" time="0"/>
  <testcase name="testGetProperty[C:false R:false U:false D:false force:true]" classname="org.apache.jena.permissions.model.SecuredSeqTest" time="0"/>
  <testcase name="testGetPropertyWithLang[C:false R:false U:false D:false force:true]" classname="org.apache.jena.permissions.model.SecuredSeqTest" time="0"/>
  <testcase name="testHasProperty[C:false R:false U:false D:false force:true]" classname="org.apache.jena.permissions.model.SecuredSeqTest" time="0"/>
  <testcase name="testListPropertiesWithLang[C:false R:false U:false D:false force:true]" classname="org.apache.jena.permissions.model.SecuredSeqTest" time="0"/>
  <testcase name="testEquals[C:false R:false U:false D:false force:true]" classname="org.apache.jena.permissions.model.SecuredSeqTest" time="0.001"/>
  <testcase name="testGetURI[C:false R:false U:false D:false force:true]" classname="org.apache.jena.permissions.model.SecuredSeqTest" time="0"/>
  <testcase name="testHasURI[C:false R:false U:false D:false force:true]" classname="org.apache.jena.permissions.model.SecuredSeqTest" time="0"/>
  <testcase name="testHasLiteral[C:false R:false U:false D:false force:true]" classname="org.apache.jena.permissions.model.SecuredSeqTest" time="0"/>
  <testcase name="testAddProperty[C:false R:false U:false D:false force:true]" classname="org.apache.jena.permissions.model.SecuredSeqTest" time="0.001"/>
  <testcase name="testGetRequiredProperty[C:false R:false U:false D:false force:true]" classname="org.apache.jena.permissions.model.SecuredSeqTest" time="0"/>
  <testcase name="testGetRequiredPropertyWithLang[C:false R:false U:false D:false force:true]" classname="org.apache.jena.permissions.model.SecuredSeqTest" time="0"/>
  <testcase name="testRemoveAll[C:false R:false U:false D:false force:true]" classname="org.apache.jena.permissions.model.SecuredSeqTest" time="0"/>
  <testcase name="testGetModel[C:false R:false U:false D:false force:true]" classname="org.apache.jena.permissions.model.SecuredSeqTest" time="0.001"/>
  <testcase name="testCanAs[C:false R:false U:false D:false force:true]" classname="org.apache.jena.permissions.model.SecuredSeqTest" time="0"/>
  <testcase name="testAsNode[C:false R:false U:false D:false force:true]" classname="org.apache.jena.permissions.model.SecuredSeqTest" time="0"/>
  <testcase name="testInModel[C:false R:false U:false D:false force:true]" classname="org.apache.jena.permissions.model.SecuredSeqTest" time="0.001"/>
  <testcase name="testGetFloat[C:false R:false U:false D:false force:false]" classname="org.apache.jena.permissions.model.SecuredSeqTest" time="0"/>
  <testcase name="testGetShort[C:false R:false U:false D:false force:false]" classname="org.apache.jena.permissions.model.SecuredSeqTest" time="0.001"/>
  <testcase name="testAdd[C:false R:false U:false D:false force:false]" classname="org.apache.jena.permissions.model.SecuredSeqTest" time="0"/>
  <testcase name="testSet[C:false R:false U:false D:false force:false]" classname="org.apache.jena.permissions.model.SecuredSeqTest" time="0"/>
  <testcase name="testGetByte[C:false R:false U:false D:false force:false]" classname="org.apache.jena.permissions.model.SecuredSeqTest" time="0.001"/>
  <testcase name="testGetChar[C:false R:false U:false D:false force:false]" classname="org.apache.jena.permissions.model.SecuredSeqTest" time="0"/>
  <testcase name="testGetLong[C:false R:false U:false D:false force:false]" classname="org.apache.jena.permissions.model.SecuredSeqTest" time="0"/>
  <testcase name="testGetLanguage[C:false R:false U:false D:false force:false]" classname="org.apache.jena.permissions.model.SecuredSeqTest" time="0"/>
  <testcase name="testGetBoolean[C:false R:false U:false D:false force:false]" classname="org.apache.jena.permissions.model.SecuredSeqTest" time="0.001"/>
  <testcase name="testGetLiteral[C:false R:false U:false D:false force:false]" classname="org.apache.jena.permissions.model.SecuredSeqTest" time="0"/>
  <testcase name="testGetDouble[C:false R:false U:false D:false force:false]" classname="org.apache.jena.permissions.model.SecuredSeqTest" time="0"/>
  <testcase name="testGetResource[C:false R:false U:false D:false force:false]" classname="org.apache.jena.permissions.model.SecuredSeqTest" time="0"/>
  <testcase name="testGetObject[C:false R:false U:false D:false force:false]" classname="org.apache.jena.permissions.model.SecuredSeqTest" time="0"/>
  <testcase name="testGetAlt[C:false R:false U:false D:false force:false]" classname="org.apache.jena.permissions.model.SecuredSeqTest" time="0"/>
  <testcase name="testGetBag[C:false R:false U:false D:false force:false]" classname="org.apache.jena.permissions.model.SecuredSeqTest" time="0"/>
  <testcase name="testGetInt[C:false R:false U:false D:false force:false]" classname="org.apache.jena.permissions.model.SecuredSeqTest" time="0.001"/>
  <testcase name="testGetSeq[C:false R:false U:false D:false force:false]" classname="org.apache.jena.permissions.model.SecuredSeqTest" time="0"/>
  <testcase name="testGetString[C:false R:false U:false D:false force:false]" classname="org.apache.jena.permissions.model.SecuredSeqTest" time="0"/>
  <testcase name="testIndexOf[C:false R:false U:false D:false force:false]" classname="org.apache.jena.permissions.model.SecuredSeqTest" time="0.001"/>
  <testcase name="testRemove[C:false R:false U:false D:false force:false]" classname="org.apache.jena.permissions.model.SecuredSeqTest" time="0"/>
  <testcase name="test[C:false R:false U:false D:false force:false]" classname="org.apache.jena.permissions.model.SecuredSeqTest" time="0"/>
  <testcase name="testContains[C:false R:false U:false D:false force:false]" classname="org.apache.jena.permissions.model.SecuredSeqTest" time="0"/>
  <testcase name="testIterator[C:false R:false U:false D:false force:false]" classname="org.apache.jena.permissions.model.SecuredSeqTest" time="0"/>
  <testcase name="testAddLiteralBoolean[C:false R:false U:false D:false force:false]" classname="org.apache.jena.permissions.model.SecuredSeqTest" time="0"/>
  <testcase name="testAnonFuncs[C:false R:false U:false D:false force:false]" classname="org.apache.jena.permissions.model.SecuredSeqTest" time="0"/>
  <testcase name="testRemoveProperties[C:false R:false U:false D:false force:false]" classname="org.apache.jena.permissions.model.SecuredSeqTest" time="0"/>
  <testcase name="testAsResource[C:false R:false U:false D:false force:false]" classname="org.apache.jena.permissions.model.SecuredSeqTest" time="0.001"/>
  <testcase name="testListProperties[C:false R:false U:false D:false force:false]" classname="org.apache.jena.permissions.model.SecuredSeqTest" time="0"/>
  <testcase name="testGetProperty[C:false R:false U:false D:false force:false]" classname="org.apache.jena.permissions.model.SecuredSeqTest" time="0"/>
  <testcase name="testGetPropertyWithLang[C:false R:false U:false D:false force:false]" classname="org.apache.jena.permissions.model.SecuredSeqTest" time="0.001"/>
  <testcase name="testHasProperty[C:false R:false U:false D:false force:false]" classname="org.apache.jena.permissions.model.SecuredSeqTest" time="0"/>
  <testcase name="testListPropertiesWithLang[C:false R:false U:false D:false force:false]" classname="org.apache.jena.permissions.model.SecuredSeqTest" time="0.001"/>
  <testcase name="testEquals[C:false R:false U:false D:false force:false]" classname="org.apache.jena.permissions.model.SecuredSeqTest" time="0"/>
  <testcase name="testGetURI[C:false R:false U:false D:false force:false]" classname="org.apache.jena.permissions.model.SecuredSeqTest" time="0"/>
  <testcase name="testHasURI[C:false R:false U:false D:false force:false]" classname="org.apache.jena.permissions.model.SecuredSeqTest" time="0.001"/>
  <testcase name="testHasLiteral[C:false R:false U:false D:false force:false]" classname="org.apache.jena.permissions.model.SecuredSeqTest" time="0"/>
  <testcase name="testAddProperty[C:false R:false U:false D:false force:false]" classname="org.apache.jena.permissions.model.SecuredSeqTest" time="0"/>
  <testcase name="testGetRequiredProperty[C:false R:false U:false D:false force:false]" classname="org.apache.jena.permissions.model.SecuredSeqTest" time="0"/>
  <testcase name="testGetRequiredPropertyWithLang[C:false R:false U:false D:false force:false]" classname="org.apache.jena.permissions.model.SecuredSeqTest" time="0.001"/>
  <testcase name="testRemoveAll[C:false R:false U:false D:false force:false]" classname="org.apache.jena.permissions.model.SecuredSeqTest" time="0"/>
  <testcase name="testGetModel[C:false R:false U:false D:false force:false]" classname="org.apache.jena.permissions.model.SecuredSeqTest" time="0"/>
  <testcase name="testCanAs[C:false R:false U:false D:false force:false]" classname="org.apache.jena.permissions.model.SecuredSeqTest" time="0"/>
  <testcase name="testAsNode[C:false R:false U:false D:false force:false]" classname="org.apache.jena.permissions.model.SecuredSeqTest" time="0.004"/>
  <testcase name="testInModel[C:false R:false U:false D:false force:false]" classname="org.apache.jena.permissions.model.SecuredSeqTest" time="0.001"/>
</testsuite>