<?xml version="1.0" encoding="UTF-8"?>
<testsuite xmlns:xsi="http://www.w3.org/2001/XMLSchema-instance" xsi:schemaLocation="https://maven.apache.org/surefire/maven-surefire-plugin/xsd/surefire-test-report.xsd" name="org.apache.commons.jexl3.IssuesTest" time="1.158" tests="52" errors="0" skipped="0" failures="0">
  <properties>
[...]
</properties>
  <testcase name="test100" classname="org.apache.commons.jexl3.IssuesTest" time="0.001"/>
  <testcase name="test105" classname="org.apache.commons.jexl3.IssuesTest" time="0.039"/>
  <testcase name="test106" classname="org.apache.commons.jexl3.IssuesTest" time="0.001"/>
  <testcase name="test107" classname="org.apache.commons.jexl3.IssuesTest" time="0.09"/>
  <testcase name="test108" classname="org.apache.commons.jexl3.IssuesTest" time="0.032"/>
  <testcase name="test109" classname="org.apache.commons.jexl3.IssuesTest" time="0"/>
  <testcase name="test110" classname="org.apache.commons.jexl3.IssuesTest" time="0.041"/>
  <testcase name="test111" classname="org.apache.commons.jexl3.IssuesTest" time="0.001"/>
  <testcase name="test112" classname="org.apache.commons.jexl3.IssuesTest" time="0"/>
  <testcase name="test117" classname="org.apache.commons.jexl3.IssuesTest" time="0"/>
  <testcase name="test125" classname="org.apache.commons.jexl3.IssuesTest" time="0.052"/>
  <testcase name="test135" classname="org.apache.commons.jexl3.IssuesTest" time="0.022"/>
  <testcase name="test136" classname="org.apache.commons.jexl3.IssuesTest" time="0.001"/>
  <testcase name="test143" classname="org.apache.commons.jexl3.IssuesTest" time="0.035"/>
  <testcase name="test144" classname="org.apache.commons.jexl3.IssuesTest" time="0.001"/>
  <testcase name="test155" classname="org.apache.commons.jexl3.IssuesTest" time="0.001"/>
  <testcase name="test179" classname="org.apache.commons.jexl3.IssuesTest" time="0.034"/>
  <testcase name="test192" classname="org.apache.commons.jexl3.IssuesTest" time="0.002"/>
  <testcase name="test199" classname="org.apache.commons.jexl3.IssuesTest" time="0.001"/>
  <testcase name="test200" classname="org.apache.commons.jexl3.IssuesTest" time="0.04"/>
  <testcase name="test210" classname="org.apache.commons.jexl3.IssuesTest" time="0.002"/>
  <testcase name="test217" classname="org.apache.commons.jexl3.IssuesTest" time="0"/>
  <testcase name="test221" classname="org.apache.commons.jexl3.IssuesTest" time="0.001"/>
  <testcase name="test5115a" classname="org.apache.commons.jexl3.IssuesTest" time="0"/>
  <testcase name="test5115b" classname="org.apache.commons.jexl3.IssuesTest" time="0"/>
  <testcase name="test5115c" classname="org.apache.commons.jexl3.IssuesTest" time="0.027"/>
  <testcase name="test130a" classname="org.apache.commons.jexl3.IssuesTest" time="0.031"/>
  <testcase name="test130b" classname="org.apache.commons.jexl3.IssuesTest" time="0.01"/>
  <testcase name="test144a" classname="org.apache.commons.jexl3.IssuesTest" time="0.002"/>
  <testcase name="test147b" classname="org.apache.commons.jexl3.IssuesTest" time="0.053"/>
  <testcase name="test147c" classname="org.apache.commons.jexl3.IssuesTest" time="0.001"/>
  <testcase name="test148a" classname="org.apache.commons.jexl3.IssuesTest" time="0.031"/>
  <testcase name="test200b" classname="org.apache.commons.jexl3.IssuesTest" time="0.002"/>
  <testcase name="test209a" classname="org.apache.commons.jexl3.IssuesTest" time="0"/>
  <testcase name="test209b" classname="org.apache.commons.jexl3.IssuesTest" time="0.002"/>
  <testcase name="test11" classname="org.apache.commons.jexl3.IssuesTest" time="0.004"/>
  <testcase name="test40" classname="org.apache.commons.jexl3.IssuesTest" time="0.013"/>
  <testcase name="test42" classname="org.apache.commons.jexl3.IssuesTest" time="0.001"/>
  <testcase name="test44" classname="org.apache.commons.jexl3.IssuesTest" time="0.001"/>
  <testcase name="test47" classname="org.apache.commons.jexl3.IssuesTest" time="0.001"/>
  <testcase name="test48" classname="org.apache.commons.jexl3.IssuesTest" time="0.001"/>
  <testcase name="test49" classname="org.apache.commons.jexl3.IssuesTest" time="0"/>
  <testcase name="test62" classname="org.apache.commons.jexl3.IssuesTest" time="0.002"/>
  <testcase name="test73" classname="org.apache.commons.jexl3.IssuesTest" time="0.001"/>
  <testcase name="test87" classname="org.apache.commons.jexl3.IssuesTest" time="0.001"/>
  <testcase name="test90" classname="org.apache.commons.jexl3.IssuesTest" time="0.039"/>
  <testcase name="test97" classname="org.apache.commons.jexl3.IssuesTest" time="0.003"/>
  <testcase name="test98" classname="org.apache.commons.jexl3.IssuesTest" time="0.046"/>
  <testcase name="testQuestion42" classname="org.apache.commons.jexl3.IssuesTest" time="0.053"/>
  <testcase name="test52base" classname="org.apache.commons.jexl3.IssuesTest" time="0.002"/>
  <testcase name="testScaleIssue" classname="org.apache.commons.jexl3.IssuesTest" time="0.041"/>
  <testcase name="testRichContext" classname="org.apache.commons.jexl3.IssuesTest" time="0.072"/>
</testsuite>