<?xml version="1.0" encoding="UTF-8"?>
<testsuite xmlns:xsi="http://www.w3.org/2001/XMLSchema-instance" xsi:schemaLocation="https://maven.apache.org/surefire/maven-surefire-plugin/xsd/surefire-test-report.xsd" name="org.apache.jena.atlas.io.TS_IO" time="0.129" tests="116" errors="0" skipped="0" failures="0">
  <properties>
[...]
</properties>
  <testcase name="write01" classname="org.apache.jena.atlas.io.TestIndentedWriter" time="0.006"/>
  <testcase name="write02" classname="org.apache.jena.atlas.io.TestIndentedWriter" time="0"/>
  <testcase name="write03" classname="org.apache.jena.atlas.io.TestIndentedWriter" time="0"/>
  <testcase name="write04" classname="org.apache.jena.atlas.io.TestIndentedWriter" time="0"/>
  <testcase name="write05" classname="org.apache.jena.atlas.io.TestIndentedWriter" time="0"/>
  <testcase name="write06" classname="org.apache.jena.atlas.io.TestIndentedWriter" time="0"/>
  <testcase name="write07" classname="org.apache.jena.atlas.io.TestIndentedWriter" time="0.001"/>
  <testcase name="test_out_00" classname="org.apache.jena.atlas.io.TestStreamUTF8" time="0.001"/>
  <testcase name="test_out_01" classname="org.apache.jena.atlas.io.TestStreamUTF8" time="0.003"/>
  <testcase name="test_out_02" classname="org.apache.jena.atlas.io.TestStreamUTF8" time="0"/>
  <testcase name="test_out_03" classname="org.apache.jena.atlas.io.TestStreamUTF8" time="0.001"/>
  <testcase name="test_out_04" classname="org.apache.jena.atlas.io.TestStreamUTF8" time="0"/>
  <testcase name="test_out_05" classname="org.apache.jena.atlas.io.TestStreamUTF8" time="0"/>
  <testcase name="test_out_06" classname="org.apache.jena.atlas.io.TestStreamUTF8" time="0.001"/>
  <testcase name="test_out_07" classname="org.apache.jena.atlas.io.TestStreamUTF8" time="0"/>
  <testcase name="test_out_08" classname="org.apache.jena.atlas.io.TestStreamUTF8" time="0"/>
  <testcase name="test_out_09" classname="org.apache.jena.atlas.io.TestStreamUTF8" time="0.001"/>
  <testcase name="test_in_00" classname="org.apache.jena.atlas.io.TestStreamUTF8" time="0"/>
  <testcase name="test_in_01" classname="org.apache.jena.atlas.io.TestStreamUTF8" time="0"/>
  <testcase name="test_in_02" classname="org.apache.jena.atlas.io.TestStreamUTF8" time="0.001"/>
  <testcase name="test_in_03" classname="org.apache.jena.atlas.io.TestStreamUTF8" time="0.001"/>
  <testcase name="test_in_04" classname="org.apache.jena.atlas.io.TestStreamUTF8" time="0"/>
  <testcase name="test_in_05" classname="org.apache.jena.atlas.io.TestStreamUTF8" time="0"/>
  <testcase name="test_in_06" classname="org.apache.jena.atlas.io.TestStreamUTF8" time="0"/>
  <testcase name="test_in_07" classname="org.apache.jena.atlas.io.TestStreamUTF8" time="0"/>
  <testcase name="test_in_08" classname="org.apache.jena.atlas.io.TestStreamUTF8" time="0"/>
  <testcase name="test_in_09" classname="org.apache.jena.atlas.io.TestStreamUTF8" time="0"/>
  <testcase name="convert_in_00" classname="org.apache.jena.atlas.io.TestBlockUTF8" time="0.001"/>
  <testcase name="convert_in_01" classname="org.apache.jena.atlas.io.TestBlockUTF8" time="0"/>
  <testcase name="convert_in_02" classname="org.apache.jena.atlas.io.TestBlockUTF8" time="0"/>
  <testcase name="convert_in_03" classname="org.apache.jena.atlas.io.TestBlockUTF8" time="0.001"/>
  <testcase name="convert_in_04" classname="org.apache.jena.atlas.io.TestBlockUTF8" time="0"/>
  <testcase name="convert_in_05" classname="org.apache.jena.atlas.io.TestBlockUTF8" time="0.001"/>
  <testcase name="convert_in_06" classname="org.apache.jena.atlas.io.TestBlockUTF8" time="0"/>
  <testcase name="convert_in_07" classname="org.apache.jena.atlas.io.TestBlockUTF8" time="0"/>
  <testcase name="convert_in_08" classname="org.apache.jena.atlas.io.TestBlockUTF8" time="0.001"/>
  <testcase name="convert_in_09" classname="org.apache.jena.atlas.io.TestBlockUTF8" time="0.001"/>
  <testcase name="convert_in_10" classname="org.apache.jena.atlas.io.TestBlockUTF8" time="0.001"/>
  <testcase name="convert_in_11" classname="org.apache.jena.atlas.io.TestBlockUTF8" time="0"/>
  <testcase name="convert_in_12" classname="org.apache.jena.atlas.io.TestBlockUTF8" time="0"/>
  <testcase name="convert_out_00" classname="org.apache.jena.atlas.io.TestBlockUTF8" time="0"/>
  <testcase name="convert_out_01" classname="org.apache.jena.atlas.io.TestBlockUTF8" time="0"/>
  <testcase name="convert_out_02" classname="org.apache.jena.atlas.io.TestBlockUTF8" time="0.002"/>
  <testcase name="convert_out_03" classname="org.apache.jena.atlas.io.TestBlockUTF8" time="0.001"/>
  <testcase name="convert_out_04" classname="org.apache.jena.atlas.io.TestBlockUTF8" time="0"/>
  <testcase name="convert_out_05" classname="org.apache.jena.atlas.io.TestBlockUTF8" time="0"/>
  <testcase name="convert_out_06" classname="org.apache.jena.atlas.io.TestBlockUTF8" time="0"/>
  <testcase name="convert_out_07" classname="org.apache.jena.atlas.io.TestBlockUTF8" time="0.001"/>
  <testcase name="convert_out_08" classname="org.apache.jena.atlas.io.TestBlockUTF8" time="0"/>
  <testcase name="convert_out_09" classname="org.apache.jena.atlas.io.TestBlockUTF8" time="0"/>
  <testcase name="convert_out_10" classname="org.apache.jena.atlas.io.TestBlockUTF8" time="0"/>
  <testcase name="convert_out_11" classname="org.apache.jena.atlas.io.TestBlockUTF8" time="0"/>
  <testcase name="convert_out_12" classname="org.apache.jena.atlas.io.TestBlockUTF8" time="0.001"/>
  <testcase name="binary_01" classname="org.apache.jena.atlas.io.TestBlockUTF8" time="0"/>
  <testcase name="binary_02" classname="org.apache.jena.atlas.io.TestBlockUTF8" time="0"/>
  <testcase name="binary_03" classname="org.apache.jena.atlas.io.TestBlockUTF8" time="0"/>
  <testcase name="binary_10" classname="org.apache.jena.atlas.io.TestBlockUTF8" time="0.001"/>
  <testcase name="binary_11" classname="org.apache.jena.atlas.io.TestBlockUTF8" time="0"/>
  <testcase name="test_01" classname="org.apache.jena.atlas.io.TestInputStreamBuffered" time="0.002"/>
  <testcase name="test_02" classname="org.apache.jena.atlas.io.TestInputStreamBuffered" time="0"/>
  <testcase name="test_03" classname="org.apache.jena.atlas.io.TestInputStreamBuffered" time="0"/>
  <testcase name="test_04" classname="org.apache.jena.atlas.io.TestInputStreamBuffered" time="0"/>
  <testcase name="unread1" classname="org.apache.jena.atlas.io.TestPeekReaderSource" time="0.002"/>
  <testcase name="unread2" classname="org.apache.jena.atlas.io.TestPeekReaderSource" time="0.002"/>
  <testcase name="unread3" classname="org.apache.jena.atlas.io.TestPeekReaderSource" time="0"/>
  <testcase name="unread4" classname="org.apache.jena.atlas.io.TestPeekReaderSource" time="0"/>
  <testcase name="unread5" classname="org.apache.jena.atlas.io.TestPeekReaderSource" time="0"/>
  <testcase name="read0" classname="org.apache.jena.atlas.io.TestPeekReaderSource" time="0"/>
  <testcase name="read1" classname="org.apache.jena.atlas.io.TestPeekReaderSource" time="0"/>
  <testcase name="read2" classname="org.apache.jena.atlas.io.TestPeekReaderSource" time="0"/>
  <testcase name="read3" classname="org.apache.jena.atlas.io.TestPeekReaderSource" time="0"/>
  <testcase name="read4" classname="org.apache.jena.atlas.io.TestPeekReaderSource" time="0"/>
  <testcase name="read5" classname="org.apache.jena.atlas.io.TestPeekReaderSource" time="0"/>
  <testcase name="read6" classname="org.apache.jena.atlas.io.TestPeekReaderSource" time="0"/>
  <testcase name="read7" classname="org.apache.jena.atlas.io.TestPeekReaderSource" time="0"/>
  <testcase name="read8" classname="org.apache.jena.atlas.io.TestPeekReaderSource" time="0"/>
  <testcase name="read9" classname="org.apache.jena.atlas.io.TestPeekReaderSource" time="0"/>
  <testcase name="unread1" classname="org.apache.jena.atlas.io.TestPeekReaderCharSequence" time="0.001"/>
  <testcase name="unread2" classname="org.apache.jena.atlas.io.TestPeekReaderCharSequence" time="0"/>
  <testcase name="unread3" classname="org.apache.jena.atlas.io.TestPeekReaderCharSequence" time="0"/>
  <testcase name="unread4" classname="org.apache.jena.atlas.io.TestPeekReaderCharSequence" time="0"/>
  <testcase name="unread5" classname="org.apache.jena.atlas.io.TestPeekReaderCharSequence" time="0"/>
  <testcase name="read0" classname="org.apache.jena.atlas.io.TestPeekReaderCharSequence" time="0"/>
  <testcase name="read1" classname="org.apache.jena.atlas.io.TestPeekReaderCharSequence" time="0"/>
  <testcase name="read2" classname="org.apache.jena.atlas.io.TestPeekReaderCharSequence" time="0"/>
  <testcase name="read3" classname="org.apache.jena.atlas.io.TestPeekReaderCharSequence" time="0"/>
  <testcase name="read4" classname="org.apache.jena.atlas.io.TestPeekReaderCharSequence" time="0"/>
  <testcase name="read5" classname="org.apache.jena.atlas.io.TestPeekReaderCharSequence" time="0"/>
  <testcase name="read6" classname="org.apache.jena.atlas.io.TestPeekReaderCharSequence" time="0"/>
  <testcase name="read7" classname="org.apache.jena.atlas.io.TestPeekReaderCharSequence" time="0.001"/>
  <testcase name="read8" classname="org.apache.jena.atlas.io.TestPeekReaderCharSequence" time="0"/>
  <testcase name="read9" classname="org.apache.jena.atlas.io.TestPeekReaderCharSequence" time="0"/>
  <testcase name="unread1" classname="org.apache.jena.atlas.io.TestPeekInputStreamSource" time="0.004"/>
  <testcase name="unread2" classname="org.apache.jena.atlas.io.TestPeekInputStreamSource" time="0"/>
  <testcase name="unread3" classname="org.apache.jena.atlas.io.TestPeekInputStreamSource" time="0"/>
  <testcase name="unread4" classname="org.apache.jena.atlas.io.TestPeekInputStreamSource" time="0"/>
  <testcase name="unread5" classname="org.apache.jena.atlas.io.TestPeekInputStreamSource" time="0"/>
  <testcase name="read0" classname="org.apache.jena.atlas.io.TestPeekInputStreamSource" time="0"/>
  <testcase name="read1" classname="org.apache.jena.atlas.io.TestPeekInputStreamSource" time="0"/>
  <testcase name="read2" classname="org.apache.jena.atlas.io.TestPeekInputStreamSource" time="0"/>
  <testcase name="read3" classname="org.apache.jena.atlas.io.TestPeekInputStreamSource" time="0"/>
  <testcase name="read4" classname="org.apache.jena.atlas.io.TestPeekInputStreamSource" time="0"/>
  <testcase name="read5" classname="org.apache.jena.atlas.io.TestPeekInputStreamSource" time="0"/>
  <testcase name="read6" classname="org.apache.jena.atlas.io.TestPeekInputStreamSource" time="0.001"/>
  <testcase name="read7" classname="org.apache.jena.atlas.io.TestPeekInputStreamSource" time="0.001"/>
  <testcase name="read8" classname="org.apache.jena.atlas.io.TestPeekInputStreamSource" time="0"/>
  <testcase name="read9" classname="org.apache.jena.atlas.io.TestPeekInputStreamSource" time="0.001"/>
  <testcase name="write_01" classname="org.apache.jena.atlas.io.TestBufferingWriter" time="0"/>
  <testcase name="write_02" classname="org.apache.jena.atlas.io.TestBufferingWriter" time="0"/>
  <testcase name="write_03" classname="org.apache.jena.atlas.io.TestBufferingWriter" time="0"/>
  <testcase name="write_04" classname="org.apache.jena.atlas.io.TestBufferingWriter" time="0"/>
  <testcase name="write_05" classname="org.apache.jena.atlas.io.TestBufferingWriter" time="0"/>
  <testcase name="write_06" classname="org.apache.jena.atlas.io.TestBufferingWriter" time="0"/>
  <testcase name="hex1" classname="org.apache.jena.atlas.io.TestPrintUtils" time="0.001"/>
  <testcase name="hex2" classname="org.apache.jena.atlas.io.TestPrintUtils" time="0"/>
  <testcase name="hex3" classname="org.apache.jena.atlas.io.TestPrintUtils" time="0"/>
</testsuite>